<?xml version="1.0" encoding="UTF-8" standalone="no"?><Transaction xmlns:xsd="http://www.w3.org/2001/XMLSchema" xmlns:xsi="http://www.w3.org/2001/XMLSchema-instance" Version="15.5.0.14"><TransactionAttributes><ContextItem><Name>Description</Name><Description>Transaction Description</Description><MinRange>0</MinRange><MaxRange>0</MaxRange><Value xsi:type="string"/><ReadOnly>true</ReadOnly><AlertXMLAssigned>false</AlertXMLAssigned></ContextItem><ContextItem><Name>Comments</Name><Description>User Comments</Description><MinRange>0</MinRange><MaxRange>0</MaxRange><Value xsi:type="string"/><ReadOnly>true</ReadOnly><AlertXMLAssigned>false</AlertXMLAssigned></ContextItem><ContextItem><Name>CreatedBy</Name><Description>Created By</Description><MinRange>0</MinRange><MaxRange>0</MaxRange><Value xsi:type="string">Sampaadmin</Value><ReadOnly>true</ReadOnly><AlertXMLAssigned>false</AlertXMLAssigned></ContextItem><ContextItem><Name>CreationDate</Name><Description>Creation Date</Description><MinRange>0</MinRange><MaxRange>0</MaxRange><Value xsi:type="dateTime">2014-12-10T08:27:15</Value><ReadOnly>true</ReadOnly><AlertXMLAssigned>false</AlertXMLAssigned></ContextItem><ContextItem><Name>Category</Name><Description>Transaction Category</Description><MinRange>0</MinRange><MaxRange>0</MaxRange><Value xsi:type="string"/><ReadOnly>true</ReadOnly><AlertXMLAssigned>false</AlertXMLAssigned></ContextItem><ContextItem><Name>Status</Name><Description>Deployment Status</Description><MinRange>0</MinRange><MaxRange>0</MaxRange><Value xsi:type="string">DEVELOPMENT</Value><ReadOnly>true</ReadOnly><AlertXMLAssigned>false</AlertXMLAssigned></ContextItem><ContextItem><Name>LegacyProcessingMode</Name><Description>Support the pre MII 12.1 Transaction Engine.</Description><MinRange>0</MinRange><MaxRange>0</MaxRange><Value xsi:type="boolean">0</Value><ReadOnly>true</ReadOnly><AlertXMLAssigned>false</AlertXMLAssigned></ContextItem><ContextItem><Name>AutoAppendBlankNamespaces</Name><Description>AutoAppendBlankNamespaces</Description><MinRange>0</MinRange><MaxRange>0</MaxRange><Value xsi:type="boolean">1</Value><ReadOnly>true</ReadOnly><AlertXMLAssigned>false</AlertXMLAssigned></ContextItem><ContextItem><Name>ThrowOnLinkError</Name><Description>Throws an exception when a link error occures</Description><MinRange>0</MinRange><MaxRange>0</MaxRange><Value xsi:type="boolean">0</Value><ReadOnly>true</ReadOnly><AlertXMLAssigned>false</AlertXMLAssigned></ContextItem><ContextItem><Name>ThrowOnActionError</Name><Description>Throws an exception when an action error occurs</Description><MinRange>0</MinRange><MaxRange>0</MaxRange><Value xsi:type="boolean">1</Value><ReadOnly>true</ReadOnly><AlertXMLAssigned>false</AlertXMLAssigned></ContextItem><ContextItem><Name>LastEditedBy</Name><Description>Last Edited By</Description><MinRange>0</MinRange><MaxRange>0</MaxRange><Value xsi:type="xsd:string">Administrator</Value><ReadOnly>true</ReadOnly><AlertXMLAssigned>false</AlertXMLAssigned></ContextItem><ContextItem><Name>LastEditedDate</Name><Description>Last Edited Date</Description><MinRange>0</MinRange><MaxRange>0</MaxRange><Value xsi:type="xsd:dateTime">2023-09-18T14:26:02</Value><ReadOnly>true</ReadOnly><AlertXMLAssigned>false</AlertXMLAssigned></ContextItem><ContextItem><Name>FormatXMLOnConversion</Name><Description>By default XML will be formatted when assigned from XML data type to String data type. This behaviour can be changed with this flag.</Description><MinRange>0</MinRange><MaxRange>0</MaxRange><Value xsi:type="boolean">1</Value><ReadOnly>true</ReadOnly><AlertXMLAssigned>false</AlertXMLAssigned></ContextItem></TransactionAttributes><Name>MII/OPERATOR/INS_OPER_TRNS</Name><Version>108</Version><WriterRoles>SAP_XMII_Super_Administrator,SAP_XMII_Administrator,SAP_XMII_Developer</WriterRoles><Context><ContextItem><Name>IS_LOGON</Name><Description/><MinRange>0</MinRange><MaxRange>0</MaxRange><Value xsi:type="string">1</Value><ReadOnly>false</ReadOnly><AlertXMLAssigned>false</AlertXMLAssigned></ContextItem><ContextItem><Name>MACHINE_NAME</Name><Description/><MinRange>0</MinRange><MaxRange>0</MaxRange><Value xsi:type="string">PHE202</Value><ReadOnly>false</ReadOnly><AlertXMLAssigned>false</AlertXMLAssigned></ContextItem><ContextItem><Name>OPER_ID</Name><Description/><MinRange>0</MinRange><MaxRange>0</MaxRange><Value xsi:type="string">462</Value><ReadOnly>false</ReadOnly><AlertXMLAssigned>false</AlertXMLAssigned></ContextItem><ContextItem><Name>PASSWORD</Name><Description/><MinRange>0</MinRange><MaxRange>0</MaxRange><Value xsi:type="string">1</Value><ReadOnly>false</ReadOnly><AlertXMLAssigned>false</AlertXMLAssigned></ContextItem><ContextItem><Name>RESULT</Name><Description/><MinRange>0</MinRange><MaxRange>0</MaxRange><Value xsi:type="xml"><ReferenceDocumentSource/></Value><SchemaURI/><SchemaElement/><ValidateXMLOnExecution>1</ValidateXMLOnExecution><ReadOnly>true</ReadOnly><AlertXMLAssigned>false</AlertXMLAssigned></ContextItem></Context><Local/><Layout><GUILayoutItem><Name>Sequence</Name><X>368</X><Y>280</Y><Width>120</Width><SpacingWidth>840</SpacingWidth><DescendantWidth>840</DescendantWidth><Height>96</Height></GUILayoutItem><GUILayoutItem><Name>isLOGON</Name><X>376</X><Y>296</Y><Width>104</Width><SpacingWidth>0</SpacingWidth><DescendantWidth>0</DescendantWidth><Height>72</Height></GUILayoutItem><GUILayoutItem><Name>Sequence_1</Name><X>584</X><Y>416</Y><Width>120</Width><SpacingWidth>120</SpacingWidth><DescendantWidth>120</DescendantWidth><Height>96</Height></GUILayoutItem><GUILayoutItem><Name>LOGOFF_OPER_TRNS_0</Name><X>592</X><Y>432</Y><Width>104</Width><SpacingWidth>0</SpacingWidth><DescendantWidth>0</DescendantWidth><Height>72</Height></GUILayoutItem><GUILayoutItem><Name>Sequence_2</Name><X>728</X><Y>416</Y><Width>120</Width><SpacingWidth>120</SpacingWidth><DescendantWidth>0</DescendantWidth><Height>96</Height></GUILayoutItem><GUILayoutItem><Name>Sequence_3</Name><X>512</X><Y>8</Y><Width>120</Width><SpacingWidth>1128</SpacingWidth><DescendantWidth>1128</DescendantWidth><Height>96</Height></GUILayoutItem><GUILayoutItem><Name>Document_0</Name><X>520</X><Y>24</Y><Width>104</Width><SpacingWidth>0</SpacingWidth><DescendantWidth>0</DescendantWidth><Height>72</Height></GUILayoutItem><GUILayoutItem><Name>Sequence_7</Name><X>512</X><Y>144</Y><Width>120</Width><SpacingWidth>1128</SpacingWidth><DescendantWidth>1128</DescendantWidth><Height>96</Height></GUILayoutItem><GUILayoutItem><Name>isMachineNameValid</Name><X>520</X><Y>160</Y><Width>104</Width><SpacingWidth>0</SpacingWidth><DescendantWidth>0</DescendantWidth><Height>72</Height></GUILayoutItem><GUILayoutItem><Name>Sequence_8</Name><X>872</X><Y>280</Y><Width>120</Width><SpacingWidth>120</SpacingWidth><DescendantWidth>0</DescendantWidth><Height>96</Height></GUILayoutItem><GUILayoutItem><Name>Sequence_4</Name><X>1016</X><Y>280</Y><Width>120</Width><SpacingWidth>120</SpacingWidth><DescendantWidth>0</DescendantWidth><Height>96</Height></GUILayoutItem><GUILayoutItem><Name>_result</Name><X>1024</X><Y>296</Y><Width>104</Width><SpacingWidth>0</SpacingWidth><DescendantWidth>0</DescendantWidth><Height>72</Height></GUILayoutItem><GUILayoutItem><Name>Sequence_6</Name><X>8</X><Y>1096</Y><Width>120</Width><SpacingWidth>120</SpacingWidth><DescendantWidth>120</DescendantWidth><Height>96</Height></GUILayoutItem><GUILayoutItem><Name>PA0001</Name><X>16</X><Y>1112</Y><Width>104</Width><SpacingWidth>0</SpacingWidth><DescendantWidth>0</DescendantWidth><Height>72</Height></GUILayoutItem><GUILayoutItem><Name>Sequence_10</Name><X>8</X><Y>1232</Y><Width>120</Width><SpacingWidth>120</SpacingWidth><DescendantWidth>120</DescendantWidth><Height>96</Height></GUILayoutItem><GUILayoutItem><Name>Tracer_0</Name><X>16</X><Y>1248</Y><Width>104</Width><SpacingWidth>0</SpacingWidth><DescendantWidth>0</DescendantWidth><Height>72</Height></GUILayoutItem><GUILayoutItem><Name>Sequence_11</Name><X>8</X><Y>1368</Y><Width>120</Width><SpacingWidth>120</SpacingWidth><DescendantWidth>120</DescendantWidth><Height>96</Height></GUILayoutItem><GUILayoutItem><Name>LOGON_OPER_TRNS_0</Name><X>16</X><Y>1384</Y><Width>104</Width><SpacingWidth>0</SpacingWidth><DescendantWidth>0</DescendantWidth><Height>72</Height></GUILayoutItem><GUILayoutItem><Name>Sequence_0</Name><X>8</X><Y>2048</Y><Width>120</Width><SpacingWidth>120</SpacingWidth><DescendantWidth>120</DescendantWidth><Height>96</Height></GUILayoutItem><GUILayoutItem><Name>WR_LOCK_PQRY_0</Name><X>16</X><Y>2064</Y><Width>104</Width><SpacingWidth>0</SpacingWidth><DescendantWidth>0</DescendantWidth><Height>72</Height></GUILayoutItem><GUILayoutItem><Name>Sequence_5</Name><X>8</X><Y>2184</Y><Width>120</Width><SpacingWidth>120</SpacingWidth><DescendantWidth>120</DescendantWidth><Height>96</Height></GUILayoutItem><GUILayoutItem><Name>UPD_MACHINE_LOCK_QRY_1</Name><X>16</X><Y>2200</Y><Width>104</Width><SpacingWidth>0</SpacingWidth><DescendantWidth>0</DescendantWidth><Height>72</Height></GUILayoutItem><GUILayoutItem><Name>Sequence_12</Name><X>8</X><Y>1640</Y><Width>120</Width><SpacingWidth>120</SpacingWidth><DescendantWidth>120</DescendantWidth><Height>96</Height></GUILayoutItem><GUILayoutItem><Name>SLC_CHECK_LAST_DWN_QRY_0</Name><X>16</X><Y>1656</Y><Width>104</Width><SpacingWidth>0</SpacingWidth><DescendantWidth>0</DescendantWidth><Height>72</Height></GUILayoutItem><GUILayoutItem><Name>Sequence_14</Name><X>8</X><Y>1912</Y><Width>120</Width><SpacingWidth>120</SpacingWidth><DescendantWidth>120</DescendantWidth><Height>96</Height></GUILayoutItem><GUILayoutItem><Name>Conditional_0</Name><X>16</X><Y>1928</Y><Width>104</Width><SpacingWidth>0</SpacingWidth><DescendantWidth>0</DescendantWidth><Height>72</Height></GUILayoutItem><GUILayoutItem><Name>RESULT_1</Name><X>880</X><Y>296</Y><Width>104</Width><SpacingWidth>0</SpacingWidth><DescendantWidth>0</DescendantWidth><Height>72</Height></GUILayoutItem><GUILayoutItem><Name>Sequence_15</Name><X>584</X><Y>552</Y><Width>120</Width><SpacingWidth>120</SpacingWidth><DescendantWidth>0</DescendantWidth><Height>96</Height></GUILayoutItem><GUILayoutItem><Name>RESULT_0</Name><X>592</X><Y>568</Y><Width>104</Width><SpacingWidth>0</SpacingWidth><DescendantWidth>0</DescendantWidth><Height>72</Height></GUILayoutItem><GUILayoutItem><Name>Sequence_21</Name><X>224</X><Y>416</Y><Width>120</Width><SpacingWidth>552</SpacingWidth><DescendantWidth>552</DescendantWidth><Height>96</Height></GUILayoutItem><GUILayoutItem><Name>connect</Name><X>232</X><Y>432</Y><Width>104</Width><SpacingWidth>0</SpacingWidth><DescendantWidth>0</DescendantWidth><Height>72</Height></GUILayoutItem><GUILayoutItem><Name>Sequence_16</Name><X>152</X><Y>552</Y><Width>120</Width><SpacingWidth>408</SpacingWidth><DescendantWidth>408</DescendantWidth><Height>96</Height></GUILayoutItem><GUILayoutItem><Name>Sequence_20</Name><X>440</X><Y>552</Y><Width>120</Width><SpacingWidth>120</SpacingWidth><DescendantWidth>0</DescendantWidth><Height>96</Height></GUILayoutItem><GUILayoutItem><Name>end</Name><X>448</X><Y>568</Y><Width>104</Width><SpacingWidth>0</SpacingWidth><DescendantWidth>0</DescendantWidth><Height>72</Height></GUILayoutItem><GUILayoutItem><Name>ZPP_PERS_SIFRE</Name><X>160</X><Y>568</Y><Width>104</Width><SpacingWidth>0</SpacingWidth><DescendantWidth>0</DescendantWidth><Height>72</Height></GUILayoutItem><GUILayoutItem><Name>Sequence_9</Name><X>8</X><Y>2320</Y><Width>120</Width><SpacingWidth>120</SpacingWidth><DescendantWidth>0</DescendantWidth><Height>96</Height></GUILayoutItem><GUILayoutItem><Name>Sequence_23</Name><X>152</X><Y>824</Y><Width>120</Width><SpacingWidth>408</SpacingWidth><DescendantWidth>408</DescendantWidth><Height>96</Height></GUILayoutItem><GUILayoutItem><Name>ifOperIdExist</Name><X>160</X><Y>840</Y><Width>104</Width><SpacingWidth>0</SpacingWidth><DescendantWidth>0</DescendantWidth><Height>72</Height></GUILayoutItem><GUILayoutItem><Name>Sequence_25</Name><X>296</X><Y>960</Y><Width>120</Width><SpacingWidth>120</SpacingWidth><DescendantWidth>0</DescendantWidth><Height>96</Height></GUILayoutItem><GUILayoutItem><Name>RESULT_3</Name><X>304</X><Y>976</Y><Width>104</Width><SpacingWidth>0</SpacingWidth><DescendantWidth>0</DescendantWidth><Height>72</Height></GUILayoutItem><GUILayoutItem><Name>Sequence_24</Name><X>80</X><Y>960</Y><Width>120</Width><SpacingWidth>264</SpacingWidth><DescendantWidth>264</DescendantWidth><Height>96</Height></GUILayoutItem><GUILayoutItem><Name>ifPasswordIsValid</Name><X>88</X><Y>976</Y><Width>104</Width><SpacingWidth>0</SpacingWidth><DescendantWidth>0</DescendantWidth><Height>72</Height></GUILayoutItem><GUILayoutItem><Name>Sequence_13</Name><X>152</X><Y>1096</Y><Width>120</Width><SpacingWidth>120</SpacingWidth><DescendantWidth>0</DescendantWidth><Height>96</Height></GUILayoutItem><GUILayoutItem><Name>RESULT_5</Name><X>160</X><Y>1112</Y><Width>104</Width><SpacingWidth>0</SpacingWidth><DescendantWidth>0</DescendantWidth><Height>72</Height></GUILayoutItem><GUILayoutItem><Name>Sequence_17</Name><X>152</X><Y>688</Y><Width>120</Width><SpacingWidth>408</SpacingWidth><DescendantWidth>408</DescendantWidth><Height>96</Height></GUILayoutItem><GUILayoutItem><Name>Tracer_2</Name><X>160</X><Y>704</Y><Width>104</Width><SpacingWidth>0</SpacingWidth><DescendantWidth>0</DescendantWidth><Height>72</Height></GUILayoutItem><GUILayoutItem><Name>Sequence_18</Name><X>8</X><Y>1776</Y><Width>120</Width><SpacingWidth>120</SpacingWidth><DescendantWidth>120</DescendantWidth><Height>96</Height></GUILayoutItem><GUILayoutItem><Name>RESULT_4</Name><X>16</X><Y>1792</Y><Width>104</Width><SpacingWidth>0</SpacingWidth><DescendantWidth>0</DescendantWidth><Height>72</Height></GUILayoutItem><GUILayoutItem><Name>Sequence_19</Name><X>8</X><Y>1504</Y><Width>120</Width><SpacingWidth>120</SpacingWidth><DescendantWidth>120</DescendantWidth><Height>96</Height></GUILayoutItem><GUILayoutItem><Name>INS_CNFG_OPERATOR_QRY_0</Name><X>16</X><Y>1520</Y><Width>104</Width><SpacingWidth>0</SpacingWidth><DescendantWidth>0</DescendantWidth><Height>72</Height></GUILayoutItem></Layout><Actions><ContextItem><Name>isLOGON</Name><Description/><MinRange>0</MinRange><MaxRange>0</MaxRange><Value xsi:type="ConditionalAction"><Output>false</Output><InputCount>1</InputCount><LogicalAnd>false</LogicalAnd><Input1>false</Input1></Value><ReadOnly>false</ReadOnly><AlertXMLAssigned>false</AlertXMLAssigned></ContextItem><ContextItem><Name>LOGOFF_OPER_TRNS_0</Name><Description/><MinRange>0</MinRange><MaxRange>0</MaxRange><Value xsi:type="IlluminatorSQLQueryObject"><Format>text/xml</Format><Timeout>60</Timeout><QueryParameters/><SQLTransaction/><ResultsAsString/><QueryStartDate>2014-12-10T08:30:40</QueryStartDate><QueryTemplate>MII/OPER/LOGOFF_OPER_TRNS</QueryTemplate><ResultSet/><Results><ReferenceDocumentSource/>&lt;?xml version="1.0" encoding="UTF-8"?&gt;&lt;Rowsets CachedTime="" DateCreated="2014-12-10T08:30:34" EndDate="2014-12-10T08:30:34" StartDate="2014-12-10T07:30:34" Version="15.0 SP2 Patch 5 (Nov 18, 2014)"&gt;&lt;FatalError&gt;com.sap.xmii.Illuminator.logging.LHException: No query parameter was found&lt;/FatalError&gt;&lt;/Rowsets&gt;</Results><TagList/><QueryEndDate>2014-12-10T08:30:40</QueryEndDate></Value><SchemaURI/><SchemaElement/><ValidateXMLOnExecution>1</ValidateXMLOnExecution><ReadOnly>false</ReadOnly><AlertXMLAssigned>false</AlertXMLAssigned></ContextItem><ContextItem><Name>Document_0</Name><Description/><MinRange>0</MinRange><MaxRange>0</MaxRange><Value xsi:type="IlluminatorDocument"><ColumnSpecifications><ContextItem><Name>RESULT</Name><Description/><MinRange>0</MinRange><MaxRange>1</MaxRange><Value xsi:type="string">STRING</Value><ReadOnly>false</ReadOnly><AlertXMLAssigned>false</AlertXMLAssigned></ContextItem></ColumnSpecifications><EndDate>2015-01-06T10:14:04</EndDate><StartDate>2015-01-06T10:14:04</StartDate><Output><ReferenceDocumentSource/>&lt;?xml version="1.0" encoding="UTF-8"?&gt;&lt;Rowsets DateCreated="2018-03-20T10:30:09" EndDate="2015-01-06T10:14:04" StartDate="2015-01-06T10:14:04" Version="15.0 SP4 Patch 2"&gt;&lt;Rowset&gt;&lt;Columns&gt;&lt;Column Description="" MaxRange="1" MinRange="0" Name="RESULT" SQLDataType="1" SourceColumn="RESULT"/&gt;&lt;/Columns&gt;&lt;Row&gt;&lt;RESULT&gt;STRING&lt;/RESULT&gt;&lt;/Row&gt;&lt;/Rowset&gt;&lt;/Rowsets&gt;</Output></Value><SchemaURI/><SchemaElement/><ValidateXMLOnExecution>1</ValidateXMLOnExecution><ReadOnly>false</ReadOnly><AlertXMLAssigned>false</AlertXMLAssigned></ContextItem><ContextItem><Name>isMachineNameValid</Name><Description/><MinRange>0</MinRange><MaxRange>0</MaxRange><Value xsi:type="ConditionalAction"><Output>false</Output><InputCount>1</InputCount><LogicalAnd>false</LogicalAnd><Input1>false</Input1></Value><ReadOnly>false</ReadOnly><AlertXMLAssigned>false</AlertXMLAssigned></ContextItem><ContextItem><Name>_result</Name><Description/><MinRange>0</MinRange><MaxRange>0</MaxRange><Value xsi:type="Assignment"/><ReadOnly>false</ReadOnly><AlertXMLAssigned>false</AlertXMLAssigned></ContextItem><ContextItem><Name>PA0001</Name><Description/><MinRange>0</MinRange><MaxRange>0</MaxRange><Value xsi:type="SAPJCOFunction"><SourceSession>connect</SourceSession><Request><ReferenceDocumentSource/>&lt;?xml version="1.0" encoding="UTF-8"?&gt;&lt;RFC_READ_TABLE&gt;&lt;INPUT&gt;&lt;DELIMITER&gt; &lt;/DELIMITER&gt;&lt;NO_DATA&gt; &lt;/NO_DATA&gt;&lt;QUERY_TABLE/&gt;&lt;ROWCOUNT&gt;0&lt;/ROWCOUNT&gt;&lt;ROWSKIPS&gt;0&lt;/ROWSKIPS&gt;&lt;/INPUT&gt;&lt;TABLES&gt;&lt;DATA&gt;&lt;item&gt;&lt;WA/&gt;&lt;/item&gt;&lt;/DATA&gt;&lt;FIELDS&gt;&lt;item&gt;&lt;FIELDNAME/&gt;&lt;OFFSET/&gt;&lt;LENGTH/&gt;&lt;TYPE/&gt;&lt;FIELDTEXT/&gt;&lt;/item&gt;&lt;/FIELDS&gt;&lt;OPTIONS&gt;&lt;item&gt;&lt;TEXT/&gt;&lt;/item&gt;&lt;/OPTIONS&gt;&lt;/TABLES&gt;&lt;/RFC_READ_TABLE&gt;</Request><Response><ReferenceDocumentSource/>&lt;?xml version="1.0" encoding="UTF-8"?&gt;&lt;RFC_READ_TABLE&gt;&lt;TABLES&gt;&lt;DATA&gt;&lt;item&gt;&lt;WA/&gt;&lt;/item&gt;&lt;/DATA&gt;&lt;FIELDS&gt;&lt;item&gt;&lt;FIELDNAME/&gt;&lt;OFFSET/&gt;&lt;LENGTH/&gt;&lt;TYPE/&gt;&lt;FIELDTEXT/&gt;&lt;/item&gt;&lt;/FIELDS&gt;&lt;OPTIONS&gt;&lt;item&gt;&lt;TEXT/&gt;&lt;/item&gt;&lt;/OPTIONS&gt;&lt;/TABLES&gt;&lt;/RFC_READ_TABLE&gt;</Response><SAPRFC>RFC_READ_TABLE</SAPRFC><TYPERFC>0</TYPERFC><QueueName/><ExecuteFunction>true</ExecuteFunction><RecreateFunction>true</RecreateFunction><AllowMultipleRows>true</AllowMultipleRows><IgnoreResponse>false</IgnoreResponse><DaysRetention>7</DaysRetention><MaxRetryCount>5</MaxRetryCount><RetryInterval>30000</RetryInterval><ProcessingMode>1</ProcessingMode><Filter/><DataBufferComment/><RetryImmediately>false</RetryImmediately></Value><SchemaURI/><SchemaElement/><ValidateXMLOnExecution>1</ValidateXMLOnExecution><SchemaURI/><SchemaElement/><ValidateXMLOnExecution>1</ValidateXMLOnExecution><ReadOnly>false</ReadOnly><AlertXMLAssigned>false</AlertXMLAssigned></ContextItem><ContextItem><Name>Tracer_0</Name><Description/><MinRange>0</MinRange><MaxRange>0</MaxRange><Value xsi:type="Tracer"><Message/><Level>INFO</Level></Value><ReadOnly>false</ReadOnly><AlertXMLAssigned>false</AlertXMLAssigned></ContextItem><ContextItem><Name>LOGON_OPER_TRNS_0</Name><Description/><MinRange>0</MinRange><MaxRange>0</MaxRange><Value xsi:type="IlluminatorSQLQueryObject"><Format>text/xml</Format><Timeout>60</Timeout><QueryParameters/><SQLTransaction/><ResultsAsString/><QueryStartDate>2014-12-10T08:30:41</QueryStartDate><QueryTemplate>MII/OPER/LOGON_OPER_TRNS</QueryTemplate><ResultSet/><Results><ReferenceDocumentSource/>&lt;?xml version="1.0" encoding="UTF-8"?&gt;&lt;Rowsets CachedTime="" DateCreated="2014-12-10T08:30:35" EndDate="2014-12-10T08:30:35" StartDate="2014-12-10T07:30:35" Version="15.0 SP2 Patch 5 (Nov 18, 2014)"&gt;&lt;FatalError&gt;com.sap.xmii.Illuminator.logging.LHException: No query parameter was found&lt;/FatalError&gt;&lt;/Rowsets&gt;</Results><TagList/><QueryEndDate>2014-12-10T08:30:41</QueryEndDate></Value><SchemaURI/><SchemaElement/><ValidateXMLOnExecution>1</ValidateXMLOnExecution><ReadOnly>false</ReadOnly><AlertXMLAssigned>false</AlertXMLAssigned></ContextItem><ContextItem><Name>WR_LOCK_PQRY_0</Name><Description/><MinRange>0</MinRange><MaxRange>0</MaxRange><Value xsi:type="IlluminatorPCoQueryObject"><Format>text/xml</Format><Timeout>60</Timeout><QueryParameters/><SQLTransaction/><ResultsAsString/><QueryStartDate>2017-01-24T16:32:51</QueryStartDate><QueryTemplate>MII/DWN/WR_LOCK_PQRY</QueryTemplate><ResultSet/><Results><ReferenceDocumentSource/>&lt;?xml version="1.0" encoding="UTF-8"?&gt;&lt;Rowsets CachedTime="" DateCreated="2017-01-24T16:29:05" EndDate="2017-01-24T16:29:05" StartDate="2017-01-24T15:29:05" Version="15.0 SP4 Patch 2 (May 21, 2015)"&gt;&lt;Messages&gt;&lt;Message&gt;Tag 'Configured Aliases//LOCK' with alias 'Configured Aliases//LOCK' not found&lt;/Message&gt;&lt;/Messages&gt;&lt;/Rowsets&gt;</Results><TagList/><QueryEndDate>2017-01-24T16:32:51</QueryEndDate></Value><SchemaURI/><SchemaElement/><ValidateXMLOnExecution>1</ValidateXMLOnExecution><ReadOnly>false</ReadOnly><AlertXMLAssigned>false</AlertXMLAssigned></ContextItem><ContextItem><Name>UPD_MACHINE_LOCK_QRY_1</Name><Description/><MinRange>0</MinRange><MaxRange>0</MaxRange><Value xsi:type="IlluminatorSQLQueryObject"><Format>text/xml</Format><Timeout>60</Timeout><QueryParameters/><SQLTransaction/><ResultsAsString/><QueryStartDate>2016-12-27T11:41:22</QueryStartDate><QueryTemplate>MII/STS/UPD_MACHINE_LOCK_QRY</QueryTemplate><ResultSet/><Results><ReferenceDocumentSource/>&lt;?xml version="1.0" encoding="UTF-8"?&gt;&lt;Rowsets CachedTime="" DateCreated="2016-12-27T10:41:21" EndDate="2016-12-27T10:41:21" StartDate="2016-12-27T09:41:21" Version="15.0 SP4 Patch 2 (May 21, 2015)"&gt;&lt;Messages&gt;&lt;Message&gt;Command Query Successful&lt;/Message&gt;&lt;/Messages&gt;&lt;/Rowsets&gt;</Results><TagList/><QueryEndDate>2016-12-27T11:41:22</QueryEndDate></Value><SchemaURI/><SchemaElement/><ValidateXMLOnExecution>1</ValidateXMLOnExecution><ReadOnly>false</ReadOnly><AlertXMLAssigned>false</AlertXMLAssigned></ContextItem><ContextItem><Name>SLC_CHECK_LAST_DWN_QRY_0</Name><Description/><MinRange>0</MinRange><MaxRange>0</MaxRange><Value xsi:type="IlluminatorSQLQueryObject"><Format>text/xml</Format><Timeout>60</Timeout><QueryParameters/><SQLTransaction/><ResultsAsString/><QueryStartDate>2017-10-25T15:40:13</QueryStartDate><QueryTemplate>MII/OPER/SLC_CHECK_LAST_DWN_QRY</QueryTemplate><ResultSet/><Results><ReferenceDocumentSource/>&lt;?xml version="1.0" encoding="UTF-8"?&gt;&lt;Rowsets CachedTime="" DateCreated="2017-10-25T15:39:58" EndDate="2017-10-25T15:39:58" StartDate="2017-10-25T14:39:58" Version="15.0 SP4 Patch 2 (May 21, 2015)"&gt;&lt;Rowset&gt;&lt;Columns&gt;&lt;Column Description="DOWN" MaxRange="1" MinRange="0" Name="DOWN" SQLDataType="4" SourceColumn="DOWN"/&gt;&lt;/Columns&gt;&lt;Row&gt;&lt;DOWN&gt;0&lt;/DOWN&gt;&lt;/Row&gt;&lt;/Rowset&gt;&lt;/Rowsets&gt;</Results><TagList/><QueryEndDate>2017-10-25T15:40:13</QueryEndDate></Value><SchemaURI/><SchemaElement/><ValidateXMLOnExecution>1</ValidateXMLOnExecution><ReadOnly>false</ReadOnly><AlertXMLAssigned>false</AlertXMLAssigned></ContextItem><ContextItem><Name>Conditional_0</Name><Description/><MinRange>0</MinRange><MaxRange>0</MaxRange><Value xsi:type="ConditionalAction"><Output>false</Output><InputCount>1</InputCount><LogicalAnd>false</LogicalAnd><Input1>false</Input1></Value><ReadOnly>false</ReadOnly><AlertXMLAssigned>false</AlertXMLAssigned></ContextItem><ContextItem><Name>RESULT_1</Name><Description/><MinRange>0</MinRange><MaxRange>0</MaxRange><Value xsi:type="IlluminatorRow"><IlluminatorDocument>Document_0.Output</IlluminatorDocument></Value><ReadOnly>false</ReadOnly><AlertXMLAssigned>false</AlertXMLAssigned></ContextItem><ContextItem><Name>RESULT_0</Name><Description/><MinRange>0</MinRange><MaxRange>0</MaxRange><Value xsi:type="IlluminatorRow"><IlluminatorDocument>Document_0.Output</IlluminatorDocument></Value><ReadOnly>false</ReadOnly><AlertXMLAssigned>false</AlertXMLAssigned></ContextItem><ContextItem><Name>connect</Name><Description/><MinRange>0</MinRange><MaxRange>0</MaxRange><Value xsi:type="SAPJCOStartSession"><ConnPropAlias>QA</ConnPropAlias><CredentialAlias>SAP_LOGON</CredentialAlias><SAPServerName/><SAPClient/><SAPSystemNumber/><Language/><ConnectionPoolSize>0</ConnectionPoolSize><SAPUserName/><SAPPassword/><SAPSSO2Ticket/><PoolConnections>false</PoolConnections><LogonGroup/><R3Name/><UseLogonGroup>false</UseLogonGroup><ConnectionTimeout>0</ConnectionTimeout><DestinationName/></Value><ReadOnly>false</ReadOnly><AlertXMLAssigned>false</AlertXMLAssigned></ContextItem><ContextItem><Name>end</Name><Description/><MinRange>0</MinRange><MaxRange>0</MaxRange><Value xsi:type="SAPJCOEndSession"><SourceSession>connect</SourceSession></Value><ReadOnly>false</ReadOnly><AlertXMLAssigned>false</AlertXMLAssigned></ContextItem><ContextItem><Name>ZPP_PERS_SIFRE</Name><Description/><MinRange>0</MinRange><MaxRange>0</MaxRange><Value xsi:type="SAPJCOFunction"><SourceSession>connect</SourceSession><Request><ReferenceDocumentSource/>&lt;?xml version="1.0" encoding="UTF-8"?&gt;&lt;ZPP_PERS_SIFRE&gt;&lt;INPUT&gt;&lt;PER_KULLANICI/&gt;&lt;PER_SICIL/&gt;&lt;PER_SIFRE/&gt;&lt;PER_URYER/&gt;&lt;/INPUT&gt;&lt;/ZPP_PERS_SIFRE&gt;</Request><Response><ReferenceDocumentSource/>&lt;?xml version="1.0" encoding="UTF-8"?&gt;&lt;ZPP_PERS_SIFRE&gt;&lt;OUTPUT&gt;&lt;E_GOREV/&gt;&lt;E_SIFRE/&gt;&lt;SIF_DNS/&gt;&lt;/OUTPUT&gt;&lt;/ZPP_PERS_SIFRE&gt;</Response><SAPRFC>ZPP_PERS_SIFRE</SAPRFC><TYPERFC>0</TYPERFC><QueueName/><ExecuteFunction>true</ExecuteFunction><RecreateFunction>true</RecreateFunction><AllowMultipleRows>true</AllowMultipleRows><IgnoreResponse>false</IgnoreResponse><DaysRetention>7</DaysRetention><MaxRetryCount>5</MaxRetryCount><RetryInterval>30000</RetryInterval><ProcessingMode>1</ProcessingMode><Filter/><DataBufferComment/><RetryImmediately>false</RetryImmediately></Value><SchemaURI/><SchemaElement/><ValidateXMLOnExecution>1</ValidateXMLOnExecution><SchemaURI/><SchemaElement/><ValidateXMLOnExecution>1</ValidateXMLOnExecution><ReadOnly>false</ReadOnly><AlertXMLAssigned>false</AlertXMLAssigned></ContextItem><ContextItem><Name>ifOperIdExist</Name><Description/><MinRange>0</MinRange><MaxRange>0</MaxRange><Value xsi:type="ConditionalAction"><Output>false</Output><InputCount>1</InputCount><LogicalAnd>false</LogicalAnd><Input1>false</Input1></Value><ReadOnly>false</ReadOnly><AlertXMLAssigned>false</AlertXMLAssigned></ContextItem><ContextItem><Name>RESULT_3</Name><Description/><MinRange>0</MinRange><MaxRange>0</MaxRange><Value xsi:type="IlluminatorRow"><IlluminatorDocument>Document_0.Output</IlluminatorDocument></Value><ReadOnly>false</ReadOnly><AlertXMLAssigned>false</AlertXMLAssigned></ContextItem><ContextItem><Name>ifPasswordIsValid</Name><Description/><MinRange>0</MinRange><MaxRange>0</MaxRange><Value xsi:type="ConditionalAction"><Output>false</Output><InputCount>1</InputCount><LogicalAnd>false</LogicalAnd><Input1>false</Input1></Value><ReadOnly>false</ReadOnly><AlertXMLAssigned>false</AlertXMLAssigned></ContextItem><ContextItem><Name>RESULT_5</Name><Description/><MinRange>0</MinRange><MaxRange>0</MaxRange><Value xsi:type="IlluminatorRow"><IlluminatorDocument>Document_0.Output</IlluminatorDocument></Value><ReadOnly>false</ReadOnly><AlertXMLAssigned>false</AlertXMLAssigned></ContextItem><ContextItem><Name>Tracer_2</Name><Description/><MinRange>0</MinRange><MaxRange>0</MaxRange><Value xsi:type="Tracer"><Message/><Level>INFO</Level></Value><ReadOnly>false</ReadOnly><AlertXMLAssigned>false</AlertXMLAssigned></ContextItem><ContextItem><Name>RESULT_4</Name><Description/><MinRange>0</MinRange><MaxRange>0</MaxRange><Value xsi:type="IlluminatorRow"><IlluminatorDocument>Document_0.Output</IlluminatorDocument></Value><ReadOnly>false</ReadOnly><AlertXMLAssigned>false</AlertXMLAssigned></ContextItem><ContextItem><Name>INS_CNFG_OPERATOR_QRY_0</Name><Description/><MinRange>0</MinRange><MaxRange>0</MaxRange><Value xsi:type="IlluminatorSQLQueryObject"><Format>text/xml</Format><Timeout>60</Timeout><QueryParameters/><SQLTransaction/><ResultsAsString/><QueryStartDate>2022-12-20T09:57:31</QueryStartDate><QueryTemplate>MII/OPER/INS_CNFG_OPERATOR_QRY</QueryTemplate><ResultSet/><Results><ReferenceDocumentSource/>&lt;?xml version="1.0" encoding="UTF-8"?&gt;&lt;Rowsets CachedTime="" DateCreated="2022-12-20T09:57:32" EndDate="2022-12-20T09:57:32" StartDate="2022-12-20T08:57:32" Version="15.0 SP4 Patch 2 (May 21, 2015)"&gt;&lt;FatalError&gt;com.sybase.jdbc4.jdbc.SybSQLException: Incorrect syntax near ','.&#13;
&lt;/FatalError&gt;&lt;/Rowsets&gt;</Results><TagList/><QueryEndDate>2022-12-20T09:57:31</QueryEndDate></Value><SchemaURI/><SchemaElement/><ValidateXMLOnExecution>1</ValidateXMLOnExecution><ReadOnly>false</ReadOnly><AlertXMLAssigned>false</AlertXMLAssigned></ContextItem></Actions><ReaderRoles>SAP_XMII_Super_Administrator,SAP_XMII_Administrator,SAP_XMII_Developer,SAP_XMII_User</ReaderRoles><Steps><Step xsi:type="ActionSequence"><Name>Sequence_3</Name><Description/><Steps><Step xsi:type="Conditional"><Name>Sequence_7</Name><Description/><Steps><Step xsi:type="Conditional"><Name>Sequence</Name><Description/><Steps><Step xsi:type="ActionSequence"><Name>Sequence_21</Name><Description/><Steps><Step xsi:type="ActionSequence"><Name>Sequence_16</Name><Description/><Steps><Step xsi:type="ActionSequence"><Name>Sequence_17</Name><Description/><Steps><Step xsi:type="Conditional"><Name>Sequence_23</Name><Description/><Steps><Step xsi:type="Conditional"><Name>Sequence_24</Name><Description/><Steps><Step xsi:type="ActionSequence"><Name>Sequence_6</Name><Description/><Steps><Step xsi:type="ActionSequence"><Name>Sequence_10</Name><Description/><Steps><Step xsi:type="ActionSequence"><Name>Sequence_11</Name><Description/><Steps><Step xsi:type="ActionSequence"><Name>Sequence_19</Name><Description/><Steps><Step xsi:type="ActionSequence"><Name>Sequence_12</Name><Description/><Steps><Step xsi:type="ActionSequence"><Name>Sequence_18</Name><Description/><Steps><Step xsi:type="Conditional"><Name>Sequence_14</Name><Description/><Steps><Step xsi:type="ActionSequence"><Name>Sequence_0</Name><Description/><Steps><Step xsi:type="ActionSequence"><Name>Sequence_5</Name><Description/><Steps><Step xsi:type="ActionSequence"><Name>Sequence_9</Name><Description/><Steps/><Actions/></Step></Steps><Actions><Action><Name>UPD_MACHINE_LOCK_QRY_1</Name><Description>SQL Query</Description><Expiration/><IncomingLinks><Assign xsi:type="Assign"><Name/><Description/><To>UPD_MACHINE_LOCK_QRY_1.Param.2</To><From>"X"</From></Assign><Assign xsi:type="Assign"><Name/><Description/><To>UPD_MACHINE_LOCK_QRY_1.Param.1</To><From>Transaction.MACHINE_NAME</From></Assign></IncomingLinks><OutgoingLinks/></Action></Actions></Step></Steps><Actions><Action><Name>WR_LOCK_PQRY_0</Name><Description>PCo Query</Description><Expiration/><IncomingLinks><Assign xsi:type="Assign"><Name/><Description/><To>WR_LOCK_PQRY_0.Param.1</To><From>stringreplaceall(Transaction.MACHINE_NAME, "-", "_")</From></Assign><Assign xsi:type="Assign"><Name/><Description/><To>WR_LOCK_PQRY_0.Param.2</To><From>"0"</From></Assign></IncomingLinks><OutgoingLinks/></Action></Actions></Step></Steps><Actions><Action><Name>Conditional_0</Name><Description> </Description><Expiration>Sequence_13</Expiration><IncomingLinks><Assign xsi:type="Assign"><Name/><Description/><To>Conditional_0.Input1</To><From>SLC_CHECK_LAST_DWN_QRY_0.Results{/Rowsets/Rowset/Row/DOWN} == "0"</From></Assign></IncomingLinks><OutgoingLinks/></Action></Actions></Step></Steps><Actions><Action><Name>RESULT_4</Name><Description> </Description><Expiration>Sequence_13</Expiration><IncomingLinks><Assign xsi:type="Assign"><Name/><Description/><To>RESULT_4.RESULT</To><From>"1"</From></Assign></IncomingLinks><OutgoingLinks/></Action></Actions></Step></Steps><Actions><Action><Name>SLC_CHECK_LAST_DWN_QRY_0</Name><Description>SQL Query</Description><Expiration>Sequence_13</Expiration><IncomingLinks><Assign xsi:type="Assign"><Name/><Description/><To>SLC_CHECK_LAST_DWN_QRY_0.Param.1</To><From>Transaction.MACHINE_NAME</From></Assign></IncomingLinks><OutgoingLinks/></Action></Actions></Step></Steps><Actions><Action><Name>INS_CNFG_OPERATOR_QRY_0</Name><Description>SQL Query</Description><Expiration>Sequence_13</Expiration><IncomingLinks><Assign xsi:type="Assign"><Name/><Description/><To>INS_CNFG_OPERATOR_QRY_0.Param.1</To><From>Transaction.OPER_ID</From></Assign><Assign xsi:type="Assign"><Name/><Description/><To>INS_CNFG_OPERATOR_QRY_0.Param.2</To><From>PA0001.Response{/RFC_READ_TABLE/TABLES/DATA/item/WA}</From></Assign><Assign xsi:type="Assign"><Name/><Description/><To>INS_CNFG_OPERATOR_QRY_0.Param.3</To><From>Transaction.PASSWORD</From></Assign><Assign xsi:type="Assign"><Name/><Description/><To>INS_CNFG_OPERATOR_QRY_0.Param.4</To><From>ZPP_PERS_SIFRE.Response{/ZPP_PERS_SIFRE/OUTPUT/E_GOREV}</From></Assign></IncomingLinks><OutgoingLinks/></Action></Actions></Step></Steps><Actions><Action><Name>LOGON_OPER_TRNS_0</Name><Description>SQL Query</Description><Expiration>Sequence_13</Expiration><IncomingLinks><Assign xsi:type="Assign"><Name/><Description/><To>LOGON_OPER_TRNS_0.Param.1</To><From>Transaction.MACHINE_NAME</From></Assign><Assign xsi:type="Assign"><Name/><Description/><To>LOGON_OPER_TRNS_0.Param.2</To><From>Transaction.OPER_ID</From></Assign><Assign xsi:type="Assign"><Name/><Description/><To>LOGON_OPER_TRNS_0.Param.3</To><From>PA0001.Response{/RFC_READ_TABLE/TABLES/DATA/item/WA}</From></Assign></IncomingLinks><OutgoingLinks/></Action></Actions></Step></Steps><Actions><Action><Name>Tracer_0</Name><Description> </Description><Expiration>Sequence_13</Expiration><IncomingLinks><Assign xsi:type="Assign"><Name/><Description/><To>Tracer_0.Message</To><From>PA0001.Response</From></Assign></IncomingLinks><OutgoingLinks/></Action></Actions></Step></Steps><Actions><Action><Name>PA0001</Name><Description> </Description><Expiration>Sequence_13</Expiration><IncomingLinks><Assign xsi:type="Assign"><Name/><Description/><To>PA0001.Request{/RFC_READ_TABLE/INPUT/QUERY_TABLE}</To><From>"PA0001"</From></Assign><Assign xsi:type="Assign"><Name/><Description/><To>PA0001.Request{/RFC_READ_TABLE/INPUT/ROWCOUNT}</To><From>9999</From></Assign><Assign xsi:type="Assign"><Name/><Description/><To>PA0001.Request{/RFC_READ_TABLE/INPUT/DELIMITER}</To><From>","</From></Assign><Assign xsi:type="Assign"><Name/><Description/><To>PA0001.Request{/RFC_READ_TABLE/INPUT/ROWSKIPS}</To><From>0</From></Assign><Assign xsi:type="Assign"><Name/><Description/><To>PA0001.Request{/RFC_READ_TABLE/INPUT/NO_DATA}</To><From>""</From></Assign><Assign xsi:type="Assign"><Name/><Description/><To>PA0001.Request{/RFC_READ_TABLE/TABLES/FIELDS/item/FIELDNAME}</To><From>"ENAME"</From></Assign><Assign xsi:type="Assign"><Name/><Description/><To>PA0001.Request{/RFC_READ_TABLE/TABLES/OPTIONS/item/TEXT}</To><From>" PERNR EQ '" &amp; format(Transaction.OPER_ID, "00000000") &amp; "' " &amp; " AND ENDDA EQ '99991231' " </From></Assign></IncomingLinks><OutgoingLinks/></Action></Actions></Step><Step xsi:type="ActionSequence"><Name>Sequence_13</Name><Description/><Steps/><Actions><Action><Name>RESULT_5</Name><Description> </Description><Expiration>Sequence_25</Expiration><IncomingLinks><Assign xsi:type="Assign"><Name/><Description/><To>RESULT_5.RESULT</To><From>"SIFRE YANLIS!"</From></Assign></IncomingLinks><OutgoingLinks/></Action></Actions></Step></Steps><Actions><Action><Name>ifPasswordIsValid</Name><Description> </Description><Expiration>Sequence_25</Expiration><IncomingLinks><Assign xsi:type="Assign"><Name/><Description/><To>ifPasswordIsValid.Input1</To><From>(Transaction.PASSWORD == ZPP_PERS_SIFRE.Response{/ZPP_PERS_SIFRE/OUTPUT/E_SIFRE}) and (Transaction.PASSWORD != "")</From></Assign></IncomingLinks><OutgoingLinks/></Action></Actions></Step><Step xsi:type="ActionSequence"><Name>Sequence_25</Name><Description/><Steps/><Actions><Action><Name>RESULT_3</Name><Description> </Description><Expiration>Sequence_20</Expiration><IncomingLinks><Assign xsi:type="Assign"><Name/><Description/><To>RESULT_3.RESULT</To><From>"SICIL NUMARASI YANLIS!"</From></Assign></IncomingLinks><OutgoingLinks/></Action></Actions></Step></Steps><Actions><Action><Name>ifOperIdExist</Name><Description> </Description><Expiration>Sequence_1</Expiration><IncomingLinks><Assign xsi:type="Assign"><Name/><Description/><To>ifOperIdExist.Input1</To><From>ZPP_PERS_SIFRE.Response{/ZPP_PERS_SIFRE/OUTPUT/SIF_DNS} == "1"</From></Assign></IncomingLinks><OutgoingLinks/></Action></Actions></Step></Steps><Actions><Action><Name>Tracer_2</Name><Description> </Description><Expiration>Sequence_1</Expiration><IncomingLinks><Assign xsi:type="Assign"><Name/><Description/><To>Tracer_2.Message</To><From>ZPP_PERS_SIFRE.Response</From></Assign></IncomingLinks><OutgoingLinks/></Action></Actions></Step></Steps><Actions><Action><Name>ZPP_PERS_SIFRE</Name><Description> </Description><Expiration>Sequence_1</Expiration><IncomingLinks><Assign xsi:type="Assign"><Name/><Description/><To>ZPP_PERS_SIFRE.Request{/ZPP_PERS_SIFRE/INPUT/PER_SICIL}</To><From>number(Transaction.OPER_ID)</From></Assign><Assign xsi:type="Assign"><Name/><Description/><To>ZPP_PERS_SIFRE.Request{/ZPP_PERS_SIFRE/INPUT/PER_SIFRE}</To><From>"X"</From></Assign></IncomingLinks><OutgoingLinks/></Action></Actions></Step><Step xsi:type="ActionSequence"><Name>Sequence_20</Name><Description/><Steps/><Actions><Action><Name>end</Name><Description> </Description><Expiration>Sequence_1</Expiration><IncomingLinks/><OutgoingLinks/></Action></Actions></Step></Steps><Actions><Action><Name>connect</Name><Description> </Description><Expiration>Sequence_1</Expiration><IncomingLinks/><OutgoingLinks/></Action></Actions></Step><Step xsi:type="ActionSequence"><Name>Sequence_1</Name><Description/><Steps><Step xsi:type="ActionSequence"><Name>Sequence_15</Name><Description/><Steps/><Actions><Action><Name>RESULT_0</Name><Description> </Description><Expiration>Sequence_2</Expiration><IncomingLinks><Assign xsi:type="Assign"><Name/><Description/><To>RESULT_0.RESULT</To><From>"1"</From></Assign></IncomingLinks><OutgoingLinks/></Action></Actions></Step></Steps><Actions><Action><Name>LOGOFF_OPER_TRNS_0</Name><Description>SQL Query</Description><Expiration>Sequence_15</Expiration><IncomingLinks><Assign xsi:type="Assign"><Name/><Description/><To>LOGOFF_OPER_TRNS_0.Param.2</To><From>Transaction.OPER_ID</From></Assign><Assign xsi:type="Assign"><Name/><Description/><To>LOGOFF_OPER_TRNS_0.Param.1</To><From>Transaction.MACHINE_NAME</From></Assign></IncomingLinks><OutgoingLinks/></Action></Actions></Step><Step xsi:type="ActionSequence"><Name>Sequence_2</Name><Description/><Steps/><Actions/></Step></Steps><Actions><Action><Name>isLOGON</Name><Description> </Description><Expiration>Sequence_8</Expiration><IncomingLinks><Assign xsi:type="Assign"><Name/><Description/><To>isLOGON.Input1</To><From>Transaction.IS_LOGON == 1 </From></Assign></IncomingLinks><OutgoingLinks/></Action></Actions></Step><Step xsi:type="ActionSequence"><Name>Sequence_8</Name><Description/><Steps/><Actions><Action><Name>RESULT_1</Name><Description> </Description><Expiration>Sequence_4</Expiration><IncomingLinks><Assign xsi:type="Assign"><Name/><Description/><To>RESULT_1.RESULT</To><From>"MAKINA ISMI HATALI!"</From></Assign></IncomingLinks><OutgoingLinks/></Action></Actions></Step><Step xsi:type="ActionSequence"><Name>Sequence_4</Name><Description/><Steps/><Actions><Action><Name>_result</Name><Description> </Description><Expiration>Sequence_8</Expiration><IncomingLinks/><OutgoingLinks><Assign xsi:type="AssignXml"><Name/><Description/><To>Transaction.RESULT</To><From>Document_0.Output</From></Assign></OutgoingLinks></Action></Actions></Step></Steps><Actions><Action><Name>isMachineNameValid</Name><Description> </Description><Expiration>Sequence</Expiration><IncomingLinks><Assign xsi:type="Assign"><Name/><Description/><To>isMachineNameValid.Input1</To><From> Transaction.MACHINE_NAME != ""</From></Assign></IncomingLinks><OutgoingLinks/></Action></Actions></Step></Steps><Actions><Action><Name>Document_0</Name><Description> </Description><Expiration>Sequence_4</Expiration><IncomingLinks/><OutgoingLinks/></Action></Actions></Step></Steps></Transaction>