<?xml version="1.0" encoding="UTF-8" standalone="no"?><Transaction xmlns:xsd="http://www.w3.org/2001/XMLSchema" xmlns:xsi="http://www.w3.org/2001/XMLSchema-instance" Version="15.5.0.14"><TransactionAttributes><ContextItem><Name>Description</Name><Description>Transaction Description</Description><MinRange>0</MinRange><MaxRange>0</MaxRange><Value xsi:type="string"/><ReadOnly>true</ReadOnly><AlertXMLAssigned>false</AlertXMLAssigned></ContextItem><ContextItem><Name>Comments</Name><Description>User Comments</Description><MinRange>0</MinRange><MaxRange>0</MaxRange><Value xsi:type="string"/><ReadOnly>true</ReadOnly><AlertXMLAssigned>false</AlertXMLAssigned></ContextItem><ContextItem><Name>CreatedBy</Name><Description>Created By</Description><MinRange>0</MinRange><MaxRange>0</MaxRange><Value xsi:type="string">Administrator</Value><ReadOnly>true</ReadOnly><AlertXMLAssigned>false</AlertXMLAssigned></ContextItem><ContextItem><Name>CreationDate</Name><Description>Creation Date</Description><MinRange>0</MinRange><MaxRange>0</MaxRange><Value xsi:type="dateTime">2023-07-20T11:31:49</Value><ReadOnly>true</ReadOnly><AlertXMLAssigned>false</AlertXMLAssigned></ContextItem><ContextItem><Name>Category</Name><Description>Transaction Category</Description><MinRange>0</MinRange><MaxRange>0</MaxRange><Value xsi:type="string"/><ReadOnly>true</ReadOnly><AlertXMLAssigned>false</AlertXMLAssigned></ContextItem><ContextItem><Name>Status</Name><Description>Deployment Status</Description><MinRange>0</MinRange><MaxRange>0</MaxRange><Value xsi:type="string">DEVELOPMENT</Value><ReadOnly>true</ReadOnly><AlertXMLAssigned>false</AlertXMLAssigned></ContextItem><ContextItem><Name>LegacyProcessingMode</Name><Description>Support the pre MII 12.1 Transaction Engine.</Description><MinRange>0</MinRange><MaxRange>0</MaxRange><Value xsi:type="boolean">0</Value><ReadOnly>true</ReadOnly><AlertXMLAssigned>false</AlertXMLAssigned></ContextItem><ContextItem><Name>AutoAppendBlankNamespaces</Name><Description>AutoAppendBlankNamespaces</Description><MinRange>0</MinRange><MaxRange>0</MaxRange><Value xsi:type="boolean">1</Value><ReadOnly>true</ReadOnly><AlertXMLAssigned>false</AlertXMLAssigned></ContextItem><ContextItem><Name>ThrowOnLinkError</Name><Description>Throws an exception when a link error occures</Description><MinRange>0</MinRange><MaxRange>0</MaxRange><Value xsi:type="boolean">0</Value><ReadOnly>true</ReadOnly><AlertXMLAssigned>false</AlertXMLAssigned></ContextItem><ContextItem><Name>ThrowOnActionError</Name><Description>Throws an exception when an action error occurs</Description><MinRange>0</MinRange><MaxRange>0</MaxRange><Value xsi:type="boolean">1</Value><ReadOnly>true</ReadOnly><AlertXMLAssigned>false</AlertXMLAssigned></ContextItem><ContextItem><Name>FormatXMLOnConversion</Name><Description>By default XML will be formatted when assigned from XML data type to String data type. This behaviour can be changed with this flag.</Description><MinRange>0</MinRange><MaxRange>0</MaxRange><Value xsi:type="boolean">1</Value><ReadOnly>true</ReadOnly><AlertXMLAssigned>false</AlertXMLAssigned></ContextItem><ContextItem><Name>LastEditedBy</Name><Description>Last Edited By</Description><MinRange>0</MinRange><MaxRange>0</MaxRange><Value xsi:type="xsd:string">Administrator</Value><ReadOnly>true</ReadOnly><AlertXMLAssigned>false</AlertXMLAssigned></ContextItem><ContextItem><Name>LastEditedDate</Name><Description>Last Edited Date</Description><MinRange>0</MinRange><MaxRange>0</MaxRange><Value xsi:type="xsd:dateTime">2023-07-20T15:10:25</Value><ReadOnly>true</ReadOnly><AlertXMLAssigned>false</AlertXMLAssigned></ContextItem></TransactionAttributes><Name>MII/DASHBOARD/T_DASHBOARD_LIST_QRY</Name><Version>4</Version><WriterRoles>SAP_XMII_Super_Administrator,SAP_XMII_Administrator,SAP_XMII_Developer</WriterRoles><Context><ContextItem><Name>I_LOCATION</Name><Description/><MinRange>0</MinRange><MaxRange>0</MaxRange><Value xsi:type="string">TOB</Value><ReadOnly>false</ReadOnly><AlertXMLAssigned>false</AlertXMLAssigned></ContextItem><ContextItem><Name>O_JSON</Name><Description/><MinRange>0</MinRange><MaxRange>0</MaxRange><Value xsi:type="string"/><ReadOnly>true</ReadOnly><AlertXMLAssigned>false</AlertXMLAssigned></ContextItem></Context><Local/><Layout><GUILayoutItem><Name>Sequence</Name><X>8</X><Y>8</Y><Width>120</Width><SpacingWidth>120</SpacingWidth><DescendantWidth>120</DescendantWidth><Height>96</Height></GUILayoutItem><GUILayoutItem><Name>SLC_DASHBOARD_LIST_QRY_0</Name><X>16</X><Y>24</Y><Width>104</Width><SpacingWidth>0</SpacingWidth><DescendantWidth>0</DescendantWidth><Height>72</Height></GUILayoutItem><GUILayoutItem><Name>Sequence_0</Name><X>8</X><Y>144</Y><Width>120</Width><SpacingWidth>120</SpacingWidth><DescendantWidth>120</DescendantWidth><Height>96</Height></GUILayoutItem><GUILayoutItem><Name>XML_To_Json_Converter_0</Name><X>16</X><Y>160</Y><Width>104</Width><SpacingWidth>0</SpacingWidth><DescendantWidth>0</DescendantWidth><Height>72</Height></GUILayoutItem><GUILayoutItem><Name>Sequence_1</Name><X>8</X><Y>280</Y><Width>120</Width><SpacingWidth>120</SpacingWidth><DescendantWidth>0</DescendantWidth><Height>96</Height></GUILayoutItem><GUILayoutItem><Name>Tracer_0</Name><X>16</X><Y>296</Y><Width>104</Width><SpacingWidth>0</SpacingWidth><DescendantWidth>0</DescendantWidth><Height>72</Height></GUILayoutItem></Layout><Actions><ContextItem><Name>SLC_DASHBOARD_LIST_QRY_0</Name><Description/><MinRange>0</MinRange><MaxRange>0</MaxRange><Value xsi:type="IlluminatorSQLQueryObject"><Format>text/xml</Format><Timeout>60</Timeout><QueryTemplate>MII/DASHBOARD/SLC_DASHBOARD_LIST_QRY</QueryTemplate><Results><ReferenceDocumentSource/>&lt;?xml version="1.0" encoding="UTF-8"?&gt;&lt;Rowsets CachedTime="" DateCreated="2023-07-20T11:31:52" EndDate="2023-07-20T11:31:52" StartDate="2023-07-20T10:31:52" Version="15.5 SP0 Patch 14 (Dec 23, 2022)"&gt;&lt;Rowset&gt;&lt;Columns&gt;&lt;Column Description="LOCATION" MaxRange="1" MinRange="0" Name="LOCATION" SQLDataType="12" SourceColumn="LOCATION"/&gt;&lt;Column Description="IP" MaxRange="1" MinRange="0" Name="IP" SQLDataType="12" SourceColumn="IP"/&gt;&lt;Column Description="URL" MaxRange="1" MinRange="0" Name="URL" SQLDataType="12" SourceColumn="URL"/&gt;&lt;Column Description="MODULE" MaxRange="1" MinRange="0" Name="MODULE" SQLDataType="12" SourceColumn="MODULE"/&gt;&lt;Column Description="HEADER" MaxRange="1" MinRange="0" Name="HEADER" SQLDataType="12" SourceColumn="HEADER"/&gt;&lt;Column Description="LOGO" MaxRange="1" MinRange="0" Name="LOGO" SQLDataType="12" SourceColumn="LOGO"/&gt;&lt;Column Description="ID" MaxRange="1" MinRange="0" Name="ID" SQLDataType="4" SourceColumn="ID"/&gt;&lt;/Columns&gt;&lt;Row&gt;&lt;LOCATION&gt;TOB&lt;/LOCATION&gt;&lt;IP&gt;192.168.3.21&lt;/IP&gt;&lt;URL&gt;http://192.168.3.21:50000/XMII/CM/MII/MAKINA/MII.irpt&lt;/URL&gt;&lt;MODULE&gt;OPR&lt;/MODULE&gt;&lt;HEADER&gt;OPERATOR MAKINE&lt;/HEADER&gt;&lt;LOGO&gt;sap-icon://it-system&lt;/LOGO&gt;&lt;ID&gt;1&lt;/ID&gt;&lt;/Row&gt;&lt;Row&gt;&lt;LOCATION&gt;TOB&lt;/LOCATION&gt;&lt;IP&gt;192.168.3.21&lt;/IP&gt;&lt;URL&gt;http://192.168.3.21:50000/XMII/CM/MII/MAKINA/CONFIG.irpt&lt;/URL&gt;&lt;MODULE&gt;OPR&lt;/MODULE&gt;&lt;HEADER&gt;OPERATOR CONFIG&lt;/HEADER&gt;&lt;LOGO&gt;sap-icon://action-settings&lt;/LOGO&gt;&lt;ID&gt;2&lt;/ID&gt;&lt;/Row&gt;&lt;/Rowset&gt;&lt;/Rowsets&gt;</Results><ResultSet/><QueryEndDate>2023-07-20T11:31:52</QueryEndDate><TagList/><QueryParameters/><ResultsAsString/><QueryStartDate>2023-07-20T11:31:52</QueryStartDate><SQLTransaction/></Value><SchemaURI/><SchemaElement/><ValidateXMLOnExecution>1</ValidateXMLOnExecution><ReadOnly>false</ReadOnly><AlertXMLAssigned>false</AlertXMLAssigned></ContextItem><ContextItem><Name>XML_To_Json_Converter_0</Name><Description/><MinRange>0</MinRange><MaxRange>0</MaxRange><Value xsi:type="XMLToJson"><InputPath/><InputContent/><RootExclude>false</RootExclude></Value><ReadOnly>false</ReadOnly><AlertXMLAssigned>false</AlertXMLAssigned></ContextItem><ContextItem><Name>Tracer_0</Name><Description/><MinRange>0</MinRange><MaxRange>0</MaxRange><Value xsi:type="Tracer"><Message/><Level>INFO</Level></Value><ReadOnly>false</ReadOnly><AlertXMLAssigned>false</AlertXMLAssigned></ContextItem></Actions><ReaderRoles>SAP_XMII_Super_Administrator,SAP_XMII_Administrator,SAP_XMII_Developer,SAP_XMII_User</ReaderRoles><Steps><Step xsi:type="ActionSequence"><Name>Sequence</Name><Description/><Steps><Step xsi:type="ActionSequence"><Name>Sequence_0</Name><Description/><Steps><Step xsi:type="ActionSequence"><Name>Sequence_1</Name><Description/><Steps/><Actions><Action><Name>Tracer_0</Name><Description> </Description><Expiration/><IncomingLinks><Assign xsi:type="Assign"><Name/><Description/><To>Tracer_0.Message</To><From>Transaction.O_JSON</From></Assign></IncomingLinks><OutgoingLinks/></Action></Actions></Step></Steps><Actions><Action><Name>XML_To_Json_Converter_0</Name><Description>XML To Json</Description><Expiration>Sequence_1</Expiration><IncomingLinks><Assign xsi:type="Assign"><Name/><Description/><To>XML_To_Json_Converter_0.InputContent</To><From>SLC_DASHBOARD_LIST_QRY_0.Results</From></Assign></IncomingLinks><OutgoingLinks><Assign xsi:type="Assign"><Name/><Description/><To>Transaction.O_JSON</To><From>XML_To_Json_Converter_0.Output</From></Assign></OutgoingLinks></Action></Actions></Step></Steps><Actions><Action><Name>SLC_DASHBOARD_LIST_QRY_0</Name><Description>SQL Query</Description><Expiration>Sequence_1</Expiration><IncomingLinks><Assign xsi:type="Assign"><Name/><Description/><To>SLC_DASHBOARD_LIST_QRY_0.Param.1</To><From>Transaction.I_LOCATION</From></Assign></IncomingLinks><OutgoingLinks/></Action></Actions></Step></Steps></Transaction>