<?xml version="1.0" encoding="UTF-8"?><Transaction xmlns:xsd="http://www.w3.org/2001/XMLSchema" xmlns:xsi="http://www.w3.org/2001/XMLSchema-instance" Version="15.0.4.2"><TransactionAttributes><ContextItem><Name>Description</Name><Description>Transaction Description</Description><MinRange>0</MinRange><MaxRange>0</MaxRange><Value xsi:type="string"/><ReadOnly>true</ReadOnly><AlertXMLAssigned>false</AlertXMLAssigned></ContextItem><ContextItem><Name>Comments</Name><Description>User Comments</Description><MinRange>0</MinRange><MaxRange>0</MaxRange><Value xsi:type="string"/><ReadOnly>true</ReadOnly><AlertXMLAssigned>false</AlertXMLAssigned></ContextItem><ContextItem><Name>CreatedBy</Name><Description>Created By</Description><MinRange>0</MinRange><MaxRange>0</MaxRange><Value xsi:type="string">Administrator</Value><ReadOnly>true</ReadOnly><AlertXMLAssigned>false</AlertXMLAssigned></ContextItem><ContextItem><Name>CreationDate</Name><Description>Creation Date</Description><MinRange>0</MinRange><MaxRange>0</MaxRange><Value xsi:type="dateTime">2023-05-02T14:37:10</Value><ReadOnly>true</ReadOnly><AlertXMLAssigned>false</AlertXMLAssigned></ContextItem><ContextItem><Name>Category</Name><Description>Transaction Category</Description><MinRange>0</MinRange><MaxRange>0</MaxRange><Value xsi:type="string"/><ReadOnly>true</ReadOnly><AlertXMLAssigned>false</AlertXMLAssigned></ContextItem><ContextItem><Name>Status</Name><Description>Deployment Status</Description><MinRange>0</MinRange><MaxRange>0</MaxRange><Value xsi:type="string">DEVELOPMENT</Value><ReadOnly>true</ReadOnly><AlertXMLAssigned>false</AlertXMLAssigned></ContextItem><ContextItem><Name>LegacyProcessingMode</Name><Description>Support the pre MII 12.1 Transaction Engine.</Description><MinRange>0</MinRange><MaxRange>0</MaxRange><Value xsi:type="boolean">0</Value><ReadOnly>true</ReadOnly><AlertXMLAssigned>false</AlertXMLAssigned></ContextItem><ContextItem><Name>AutoAppendBlankNamespaces</Name><Description>AutoAppendBlankNamespaces</Description><MinRange>0</MinRange><MaxRange>0</MaxRange><Value xsi:type="boolean">1</Value><ReadOnly>true</ReadOnly><AlertXMLAssigned>false</AlertXMLAssigned></ContextItem><ContextItem><Name>ThrowOnLinkError</Name><Description>Throws an exception when a link error occures</Description><MinRange>0</MinRange><MaxRange>0</MaxRange><Value xsi:type="boolean">0</Value><ReadOnly>true</ReadOnly><AlertXMLAssigned>false</AlertXMLAssigned></ContextItem><ContextItem><Name>ThrowOnActionError</Name><Description>Throws an exception when an action error occurs</Description><MinRange>0</MinRange><MaxRange>0</MaxRange><Value xsi:type="boolean">1</Value><ReadOnly>true</ReadOnly><AlertXMLAssigned>false</AlertXMLAssigned></ContextItem><ContextItem><Name>FormatXMLOnConversion</Name><Description>By default XML will be formatted when assigned from XML data type to String data type. This behaviour can be changed with this flag.</Description><MinRange>0</MinRange><MaxRange>0</MaxRange><Value xsi:type="boolean">1</Value><ReadOnly>true</ReadOnly><AlertXMLAssigned>false</AlertXMLAssigned></ContextItem><ContextItem><Name>LastEditedBy</Name><Description>Last Edited By</Description><MinRange>0</MinRange><MaxRange>0</MaxRange><Value xsi:type="xsd:string">Administrator</Value><ReadOnly>true</ReadOnly><AlertXMLAssigned>false</AlertXMLAssigned></ContextItem><ContextItem><Name>LastEditedDate</Name><Description>Last Edited Date</Description><MinRange>0</MinRange><MaxRange>0</MaxRange><Value xsi:type="xsd:dateTime">2023-05-22T10:04:08</Value><ReadOnly>true</ReadOnly><AlertXMLAssigned>false</AlertXMLAssigned></ContextItem></TransactionAttributes><Name>MII/REPORT/30/SLC_EFFICIENCY_STS_TRNS</Name><Version>186</Version><WriterRoles>SAP_XMII_Super_Administrator,SAP_XMII_Administrator,SAP_XMII_Developer</WriterRoles><Context><ContextItem><Name>END_DATE</Name><Description/><MinRange>0</MinRange><MaxRange>0</MaxRange><Value xsi:type="dateTime">2023-05-09T14:16:48</Value><ReadOnly>false</ReadOnly><AlertXMLAssigned>false</AlertXMLAssigned></ContextItem><ContextItem><Name>GROUP</Name><Description/><MinRange>0</MinRange><MaxRange>0</MaxRange><Value xsi:type="string"/><ReadOnly>false</ReadOnly><AlertXMLAssigned>false</AlertXMLAssigned></ContextItem><ContextItem><Name>OUT_RESULT</Name><Description/><MinRange>0</MinRange><MaxRange>0</MaxRange><Value xsi:type="xml"><ReferenceDocumentSource/></Value><SchemaURI/><SchemaElement/><ValidateXMLOnExecution>1</ValidateXMLOnExecution><ReadOnly>true</ReadOnly><AlertXMLAssigned>false</AlertXMLAssigned></ContextItem><ContextItem><Name>START_DATE</Name><Description/><MinRange>0</MinRange><MaxRange>0</MaxRange><Value xsi:type="dateTime">2023-05-08T16:16:55</Value><ReadOnly>false</ReadOnly><AlertXMLAssigned>false</AlertXMLAssigned></ContextItem></Context><Local><ContextItem><Name>OTURUMACILMAYANSURE</Name><Description/><MinRange>0</MinRange><MaxRange>0</MaxRange><Value xsi:type="integer">0</Value><ReadOnly>false</ReadOnly><AlertXMLAssigned>false</AlertXMLAssigned></ContextItem></Local><Layout><GUILayoutItem><Name>Sequence</Name><X>152</X><Y>144</Y><Width>120</Width><SpacingWidth>408</SpacingWidth><DescendantWidth>408</DescendantWidth><Height>96</Height></GUILayoutItem><GUILayoutItem><Name>connect</Name><X>160</X><Y>160</Y><Width>104</Width><SpacingWidth>0</SpacingWidth><DescendantWidth>0</DescendantWidth><Height>72</Height></GUILayoutItem><GUILayoutItem><Name>Sequence_0</Name><X>152</X><Y>280</Y><Width>120</Width><SpacingWidth>408</SpacingWidth><DescendantWidth>408</DescendantWidth><Height>96</Height></GUILayoutItem><GUILayoutItem><Name>SAP_JCo_Function_0</Name><X>160</X><Y>296</Y><Width>104</Width><SpacingWidth>0</SpacingWidth><DescendantWidth>0</DescendantWidth><Height>72</Height></GUILayoutItem><GUILayoutItem><Name>Sequence_1</Name><X>152</X><Y>552</Y><Width>120</Width><SpacingWidth>408</SpacingWidth><DescendantWidth>408</DescendantWidth><Height>96</Height></GUILayoutItem><GUILayoutItem><Name>Tracer_0</Name><X>160</X><Y>568</Y><Width>104</Width><SpacingWidth>0</SpacingWidth><DescendantWidth>0</DescendantWidth><Height>72</Height></GUILayoutItem><GUILayoutItem><Name>Sequence_3</Name><X>152</X><Y>8</Y><Width>120</Width><SpacingWidth>408</SpacingWidth><DescendantWidth>408</DescendantWidth><Height>96</Height></GUILayoutItem><GUILayoutItem><Name>Document_0</Name><X>160</X><Y>24</Y><Width>104</Width><SpacingWidth>0</SpacingWidth><DescendantWidth>0</DescendantWidth><Height>72</Height></GUILayoutItem><GUILayoutItem><Name>Sequence_6</Name><X>152</X><Y>824</Y><Width>120</Width><SpacingWidth>120</SpacingWidth><DescendantWidth>120</DescendantWidth><Height>96</Height></GUILayoutItem><GUILayoutItem><Name>Assignment_0</Name><X>160</X><Y>840</Y><Width>104</Width><SpacingWidth>0</SpacingWidth><DescendantWidth>0</DescendantWidth><Height>72</Height></GUILayoutItem><GUILayoutItem><Name>Sequence_7</Name><X>152</X><Y>960</Y><Width>120</Width><SpacingWidth>120</SpacingWidth><DescendantWidth>0</DescendantWidth><Height>96</Height></GUILayoutItem><GUILayoutItem><Name>Tracer_1</Name><X>160</X><Y>976</Y><Width>104</Width><SpacingWidth>0</SpacingWidth><DescendantWidth>0</DescendantWidth><Height>72</Height></GUILayoutItem><GUILayoutItem><Name>Sequence_5</Name><X>296</X><Y>688</Y><Width>120</Width><SpacingWidth>120</SpacingWidth><DescendantWidth>0</DescendantWidth><Height>96</Height></GUILayoutItem><GUILayoutItem><Name>end</Name><X>304</X><Y>704</Y><Width>104</Width><SpacingWidth>0</SpacingWidth><DescendantWidth>0</DescendantWidth><Height>72</Height></GUILayoutItem><GUILayoutItem><Name>Sequence_2</Name><X>8</X><Y>688</Y><Width>120</Width><SpacingWidth>120</SpacingWidth><DescendantWidth>120</DescendantWidth><Height>96</Height></GUILayoutItem><GUILayoutItem><Name>Repeater_0</Name><X>16</X><Y>704</Y><Width>104</Width><SpacingWidth>0</SpacingWidth><DescendantWidth>0</DescendantWidth><Height>72</Height></GUILayoutItem><GUILayoutItem><Name>Sequence_8</Name><X>152</X><Y>416</Y><Width>120</Width><SpacingWidth>408</SpacingWidth><DescendantWidth>408</DescendantWidth><Height>96</Height></GUILayoutItem><GUILayoutItem><Name>Commit_1</Name><X>160</X><Y>432</Y><Width>104</Width><SpacingWidth>0</SpacingWidth><DescendantWidth>0</DescendantWidth><Height>72</Height></GUILayoutItem><GUILayoutItem><Name>Sequence_24</Name><X>8</X><Y>824</Y><Width>120</Width><SpacingWidth>120</SpacingWidth><DescendantWidth>120</DescendantWidth><Height>96</Height></GUILayoutItem><GUILayoutItem><Name>Conditional_0</Name><X>16</X><Y>840</Y><Width>104</Width><SpacingWidth>0</SpacingWidth><DescendantWidth>0</DescendantWidth><Height>72</Height></GUILayoutItem><GUILayoutItem><Name>Sequence_25</Name><X>8</X><Y>1232</Y><Width>120</Width><SpacingWidth>120</SpacingWidth><DescendantWidth>0</DescendantWidth><Height>96</Height></GUILayoutItem><GUILayoutItem><Name>SETVALUE</Name><X>16</X><Y>1248</Y><Width>104</Width><SpacingWidth>0</SpacingWidth><DescendantWidth>0</DescendantWidth><Height>72</Height></GUILayoutItem><GUILayoutItem><Name>Sequence_4</Name><X>152</X><Y>688</Y><Width>120</Width><SpacingWidth>120</SpacingWidth><DescendantWidth>120</DescendantWidth><Height>96</Height></GUILayoutItem><GUILayoutItem><Name>Sequence_9</Name><X>8</X><Y>960</Y><Width>120</Width><SpacingWidth>120</SpacingWidth><DescendantWidth>120</DescendantWidth><Height>96</Height></GUILayoutItem><GUILayoutItem><Name>SLC_OPR_DURATION_DETAIL_QRY_0</Name><X>16</X><Y>976</Y><Width>104</Width><SpacingWidth>0</SpacingWidth><DescendantWidth>0</DescendantWidth><Height>72</Height></GUILayoutItem><GUILayoutItem><Name>Sequence_10</Name><X>8</X><Y>1096</Y><Width>120</Width><SpacingWidth>120</SpacingWidth><DescendantWidth>120</DescendantWidth><Height>96</Height></GUILayoutItem><GUILayoutItem><Name>Tracer_2</Name><X>16</X><Y>1112</Y><Width>104</Width><SpacingWidth>0</SpacingWidth><DescendantWidth>0</DescendantWidth><Height>72</Height></GUILayoutItem></Layout><Actions><ContextItem><Name>connect</Name><Description/><MinRange>0</MinRange><MaxRange>0</MaxRange><Value xsi:type="SAPJCOStartSession"><ConnPropAlias>LIVE</ConnPropAlias><CredentialAlias>SAP_LOGON</CredentialAlias><SAPServerName/><SAPClient/><SAPSystemNumber/><Language/><ConnectionPoolSize>10</ConnectionPoolSize><SAPUserName/><SAPPassword/><SAPSSO2Ticket/><PoolConnections>false</PoolConnections><LogonGroup/><ConnectionTimeout>0</ConnectionTimeout></Value><ReadOnly>false</ReadOnly><AlertXMLAssigned>false</AlertXMLAssigned></ContextItem><ContextItem><Name>SAP_JCo_Function_0</Name><Description/><MinRange>0</MinRange><MaxRange>0</MaxRange><Value xsi:type="SAPJCOFunction"><SourceSession>connect</SourceSession><Request><ReferenceDocumentSource/>&lt;?xml version="1.0" encoding="UTF-8"?&gt;&lt;ZHR_FM_PT_INTEGRATION&gt;&lt;INPUT&gt;&lt;I_BEGDA/&gt;&lt;I_ENDDA/&gt;&lt;I_KOSTL/&gt;&lt;I_PERSG/&gt;&lt;I_WERKS/&gt;&lt;/INPUT&gt;&lt;/ZHR_FM_PT_INTEGRATION&gt;</Request><Response><ReferenceDocumentSource/>&lt;?xml version="1.0" encoding="UTF-8"?&gt;&lt;ZHR_FM_PT_INTEGRATION&gt;&lt;OUTPUT&gt;&lt;E_TABLE&gt;&lt;item&gt;&lt;PERNR/&gt;&lt;ENAME/&gt;&lt;WERKS/&gt;&lt;BTRTL/&gt;&lt;PERSG/&gt;&lt;PERSK/&gt;&lt;ORGEH/&gt;&lt;PLANS/&gt;&lt;KOSTL/&gt;&lt;DATUM/&gt;&lt;BEGUZ/&gt;&lt;ENDUZ/&gt;&lt;ZNCSZ/&gt;&lt;ZNCGZ/&gt;&lt;ZF150/&gt;&lt;ZF200/&gt;&lt;/item&gt;&lt;/E_TABLE&gt;&lt;/OUTPUT&gt;&lt;/ZHR_FM_PT_INTEGRATION&gt;</Response><SAPRFC>ZHR_FM_PT_INTEGRATION</SAPRFC><TYPERFC>0</TYPERFC><QueueName/><ExecuteFunction>true</ExecuteFunction><RecreateFunction>true</RecreateFunction><AllowMultipleRows>true</AllowMultipleRows><DaysRetention>7</DaysRetention><MaxRetryCount>5</MaxRetryCount><RetryInterval>30000</RetryInterval><ProcessingMode>1</ProcessingMode><Filter/><DataBufferComment/></Value><SchemaURI/><SchemaElement/><ValidateXMLOnExecution>1</ValidateXMLOnExecution><SchemaURI/><SchemaElement/><ValidateXMLOnExecution>1</ValidateXMLOnExecution><ReadOnly>false</ReadOnly><AlertXMLAssigned>false</AlertXMLAssigned></ContextItem><ContextItem><Name>Tracer_0</Name><Description/><MinRange>0</MinRange><MaxRange>0</MaxRange><Value xsi:type="Tracer"><Message/><Level>INFO</Level></Value><ReadOnly>false</ReadOnly><AlertXMLAssigned>false</AlertXMLAssigned></ContextItem><ContextItem><Name>Document_0</Name><Description/><MinRange>0</MinRange><MaxRange>0</MaxRange><Value xsi:type="IlluminatorDocument"><EndDate>2015-12-15T10:39:58</EndDate><StartDate>2015-12-15T10:39:58</StartDate><Output><ReferenceDocumentSource/>&lt;?xml version="1.0" encoding="UTF-8"?&gt;&lt;Rowsets DateCreated="2023-05-18T16:05:42" EndDate="2015-12-15T10:39:58" StartDate="2015-12-15T10:39:58" Version="15.0 SP4 Patch 2"&gt;&lt;Rowset&gt;&lt;Columns&gt;&lt;Column Description="" MaxRange="1" MinRange="0" Name="SICIL" SQLDataType="1" SourceColumn="SICIL"/&gt;&lt;Column Description="" MaxRange="1" MinRange="0" Name="ADSOYAD" SQLDataType="1" SourceColumn="ADSOYAD"/&gt;&lt;Column Description="" MaxRange="1" MinRange="0" Name="PERSONELALANI" SQLDataType="1" SourceColumn="PERSONELALANI"/&gt;&lt;Column Description="" MaxRange="1" MinRange="0" Name="PERSONELALTALANI" SQLDataType="1" SourceColumn="PERSONELALTALANI"/&gt;&lt;Column Description="" MaxRange="1" MinRange="0" Name="CALISANGRUBU" SQLDataType="1" SourceColumn="CALISANGRUBU"/&gt;&lt;Column Description="" MaxRange="1" MinRange="0" Name="CALISANALTGRUBU" SQLDataType="1" SourceColumn="CALISANALTGRUBU"/&gt;&lt;Column Description="" MaxRange="1" MinRange="0" Name="ORGANIZASYONBIRIMI" SQLDataType="1" SourceColumn="ORGANIZASYONBIRIMI"/&gt;&lt;Column Description="" MaxRange="1" MinRange="0" Name="POZISYON" SQLDataType="1" SourceColumn="POZISYON"/&gt;&lt;Column Description="" MaxRange="1" MinRange="0" Name="MASRAFYERI" SQLDataType="1" SourceColumn="MASRAFYERI"/&gt;&lt;Column Description="" MaxRange="1" MinRange="0" Name="TARIH" SQLDataType="1" SourceColumn="TARIH"/&gt;&lt;Column Description="" MaxRange="1" MinRange="0" Name="BASLANGICSAATI" SQLDataType="1" SourceColumn="BASLANGICSAATI"/&gt;&lt;Column Description="" MaxRange="1" MinRange="0" Name="BITISSAATI" SQLDataType="1" SourceColumn="BITISSAATI"/&gt;&lt;Column Description="" MaxRange="1" MinRange="0" Name="NCS" SQLDataType="1" SourceColumn="NCS"/&gt;&lt;Column Description="" MaxRange="1" MinRange="0" Name="NCG" SQLDataType="1" SourceColumn="NCG"/&gt;&lt;Column Description="" MaxRange="1" MinRange="0" Name="F150" SQLDataType="1" SourceColumn="F150"/&gt;&lt;Column Description="" MaxRange="1" MinRange="0" Name="F200" SQLDataType="1" SourceColumn="F200"/&gt;&lt;Column Description="" MaxRange="1" MinRange="0" Name="FIILISURE" SQLDataType="4" SourceColumn="FIILISURE"/&gt;&lt;Column Description="" MaxRange="1" MinRange="0" Name="OTURUMSURESI" SQLDataType="4" SourceColumn="OTURUMSURESI"/&gt;&lt;Column Description="" MaxRange="1" MinRange="0" Name="CALISILMAYANSURE" SQLDataType="4" SourceColumn="CALISILMAYANSURE"/&gt;&lt;Column Description="" MaxRange="1" MinRange="0" Name="PLANLIDURUS" SQLDataType="4" SourceColumn="PLANLIDURUS"/&gt;&lt;Column Description="" MaxRange="1" MinRange="0" Name="PLANSIZDURUS" SQLDataType="4" SourceColumn="PLANSIZDURUS"/&gt;&lt;Column Description="" MaxRange="1" MinRange="0" Name="SETUP" SQLDataType="4" SourceColumn="SETUP"/&gt;&lt;Column Description="" MaxRange="1" MinRange="0" Name="URETIMOLMAYANSURE" SQLDataType="4" SourceColumn="URETIMOLMAYANSURE"/&gt;&lt;Column Description="" MaxRange="1" MinRange="0" Name="URETIMSURESI" SQLDataType="4" SourceColumn="URETIMSURESI"/&gt;&lt;Column Description="" MaxRange="1" MinRange="0" Name="MACHINE_CNT_CYCLE" SQLDataType="4" SourceColumn="MACHINE_CNT_CYCLE"/&gt;&lt;Column Description="" MaxRange="1" MinRange="0" Name="EFFICIENCY" SQLDataType="4" SourceColumn="EFFICIENCY"/&gt;&lt;Column Description="" MaxRange="1" MinRange="0" Name="PRODUCTIVITY" SQLDataType="4" SourceColumn="PRODUCTIVITY"/&gt;&lt;/Columns&gt;&lt;Row&gt;&lt;SICIL&gt;STRING&lt;/SICIL&gt;&lt;ADSOYAD&gt;STRING&lt;/ADSOYAD&gt;&lt;PERSONELALANI&gt;STRING&lt;/PERSONELALANI&gt;&lt;PERSONELALTALANI&gt;STRING&lt;/PERSONELALTALANI&gt;&lt;CALISANGRUBU&gt;STRING&lt;/CALISANGRUBU&gt;&lt;CALISANALTGRUBU&gt;STRING&lt;/CALISANALTGRUBU&gt;&lt;ORGANIZASYONBIRIMI&gt;STRING&lt;/ORGANIZASYONBIRIMI&gt;&lt;POZISYON&gt;STRING&lt;/POZISYON&gt;&lt;MASRAFYERI&gt;STRING&lt;/MASRAFYERI&gt;&lt;TARIH&gt;STRING&lt;/TARIH&gt;&lt;BASLANGICSAATI&gt;STRING&lt;/BASLANGICSAATI&gt;&lt;BITISSAATI&gt;STRING&lt;/BITISSAATI&gt;&lt;NCS&gt;STRING&lt;/NCS&gt;&lt;NCG&gt;STRING&lt;/NCG&gt;&lt;F150&gt;STRING&lt;/F150&gt;&lt;F200&gt;STRING&lt;/F200&gt;&lt;FIILISURE&gt;123&lt;/FIILISURE&gt;&lt;OTURUMSURESI&gt;123&lt;/OTURUMSURESI&gt;&lt;CALISILMAYANSURE&gt;123&lt;/CALISILMAYANSURE&gt;&lt;PLANLIDURUS&gt;123&lt;/PLANLIDURUS&gt;&lt;PLANSIZDURUS&gt;123&lt;/PLANSIZDURUS&gt;&lt;SETUP&gt;123&lt;/SETUP&gt;&lt;URETIMOLMAYANSURE&gt;123&lt;/URETIMOLMAYANSURE&gt;&lt;URETIMSURESI&gt;123&lt;/URETIMSURESI&gt;&lt;MACHINE_CNT_CYCLE&gt;123&lt;/MACHINE_CNT_CYCLE&gt;&lt;EFFICIENCY&gt;123&lt;/EFFICIENCY&gt;&lt;PRODUCTIVITY&gt;123&lt;/PRODUCTIVITY&gt;&lt;/Row&gt;&lt;/Rowset&gt;&lt;/Rowsets&gt;</Output><ColumnSpecifications><ContextItem><Name>SICIL</Name><Description/><MinRange>0</MinRange><MaxRange>1</MaxRange><Value xsi:type="string">STRING</Value><ReadOnly>false</ReadOnly><AlertXMLAssigned>false</AlertXMLAssigned></ContextItem><ContextItem><Name>ADSOYAD</Name><Description/><MinRange>0</MinRange><MaxRange>1</MaxRange><Value xsi:type="string">STRING</Value><ReadOnly>false</ReadOnly><AlertXMLAssigned>false</AlertXMLAssigned></ContextItem><ContextItem><Name>PERSONELALANI</Name><Description/><MinRange>0</MinRange><MaxRange>1</MaxRange><Value xsi:type="string">STRING</Value><ReadOnly>false</ReadOnly><AlertXMLAssigned>false</AlertXMLAssigned></ContextItem><ContextItem><Name>PERSONELALTALANI</Name><Description/><MinRange>0</MinRange><MaxRange>1</MaxRange><Value xsi:type="string">STRING</Value><ReadOnly>false</ReadOnly><AlertXMLAssigned>false</AlertXMLAssigned></ContextItem><ContextItem><Name>CALISANGRUBU</Name><Description/><MinRange>0</MinRange><MaxRange>1</MaxRange><Value xsi:type="string">STRING</Value><ReadOnly>false</ReadOnly><AlertXMLAssigned>false</AlertXMLAssigned></ContextItem><ContextItem><Name>CALISANALTGRUBU</Name><Description/><MinRange>0</MinRange><MaxRange>1</MaxRange><Value xsi:type="string">STRING</Value><ReadOnly>false</ReadOnly><AlertXMLAssigned>false</AlertXMLAssigned></ContextItem><ContextItem><Name>ORGANIZASYONBIRIMI</Name><Description/><MinRange>0</MinRange><MaxRange>1</MaxRange><Value xsi:type="string">STRING</Value><ReadOnly>false</ReadOnly><AlertXMLAssigned>false</AlertXMLAssigned></ContextItem><ContextItem><Name>POZISYON</Name><Description/><MinRange>0</MinRange><MaxRange>1</MaxRange><Value xsi:type="string">STRING</Value><ReadOnly>false</ReadOnly><AlertXMLAssigned>false</AlertXMLAssigned></ContextItem><ContextItem><Name>MASRAFYERI</Name><Description/><MinRange>0</MinRange><MaxRange>1</MaxRange><Value xsi:type="string">STRING</Value><ReadOnly>false</ReadOnly><AlertXMLAssigned>false</AlertXMLAssigned></ContextItem><ContextItem><Name>TARIH</Name><Description/><MinRange>0</MinRange><MaxRange>1</MaxRange><Value xsi:type="string">STRING</Value><ReadOnly>false</ReadOnly><AlertXMLAssigned>false</AlertXMLAssigned></ContextItem><ContextItem><Name>BASLANGICSAATI</Name><Description/><MinRange>0</MinRange><MaxRange>1</MaxRange><Value xsi:type="string">STRING</Value><ReadOnly>false</ReadOnly><AlertXMLAssigned>false</AlertXMLAssigned></ContextItem><ContextItem><Name>BITISSAATI</Name><Description/><MinRange>0</MinRange><MaxRange>1</MaxRange><Value xsi:type="string">STRING</Value><ReadOnly>false</ReadOnly><AlertXMLAssigned>false</AlertXMLAssigned></ContextItem><ContextItem><Name>NCS</Name><Description/><MinRange>0</MinRange><MaxRange>1</MaxRange><Value xsi:type="string">STRING</Value><ReadOnly>false</ReadOnly><AlertXMLAssigned>false</AlertXMLAssigned></ContextItem><ContextItem><Name>NCG</Name><Description/><MinRange>0</MinRange><MaxRange>1</MaxRange><Value xsi:type="string">STRING</Value><ReadOnly>false</ReadOnly><AlertXMLAssigned>false</AlertXMLAssigned></ContextItem><ContextItem><Name>F150</Name><Description/><MinRange>0</MinRange><MaxRange>1</MaxRange><Value xsi:type="string">STRING</Value><ReadOnly>false</ReadOnly><AlertXMLAssigned>false</AlertXMLAssigned></ContextItem><ContextItem><Name>F200</Name><Description/><MinRange>0</MinRange><MaxRange>1</MaxRange><Value xsi:type="string">STRING</Value><ReadOnly>false</ReadOnly><AlertXMLAssigned>false</AlertXMLAssigned></ContextItem><ContextItem><Name>FIILISURE</Name><Description/><MinRange>0</MinRange><MaxRange>1</MaxRange><Value xsi:type="integer">123</Value><ReadOnly>false</ReadOnly><AlertXMLAssigned>false</AlertXMLAssigned></ContextItem><ContextItem><Name>OTURUMSURESI</Name><Description/><MinRange>0</MinRange><MaxRange>1</MaxRange><Value xsi:type="integer">123</Value><ReadOnly>false</ReadOnly><AlertXMLAssigned>false</AlertXMLAssigned></ContextItem><ContextItem><Name>CALISILMAYANSURE</Name><Description/><MinRange>0</MinRange><MaxRange>1</MaxRange><Value xsi:type="integer">123</Value><ReadOnly>false</ReadOnly><AlertXMLAssigned>false</AlertXMLAssigned></ContextItem><ContextItem><Name>PLANLIDURUS</Name><Description/><MinRange>0</MinRange><MaxRange>1</MaxRange><Value xsi:type="integer">123</Value><ReadOnly>false</ReadOnly><AlertXMLAssigned>false</AlertXMLAssigned></ContextItem><ContextItem><Name>PLANSIZDURUS</Name><Description/><MinRange>0</MinRange><MaxRange>1</MaxRange><Value xsi:type="integer">123</Value><ReadOnly>false</ReadOnly><AlertXMLAssigned>false</AlertXMLAssigned></ContextItem><ContextItem><Name>SETUP</Name><Description/><MinRange>0</MinRange><MaxRange>1</MaxRange><Value xsi:type="integer">123</Value><ReadOnly>false</ReadOnly><AlertXMLAssigned>false</AlertXMLAssigned></ContextItem><ContextItem><Name>URETIMOLMAYANSURE</Name><Description/><MinRange>0</MinRange><MaxRange>1</MaxRange><Value xsi:type="integer">123</Value><ReadOnly>false</ReadOnly><AlertXMLAssigned>false</AlertXMLAssigned></ContextItem><ContextItem><Name>URETIMSURESI</Name><Description/><MinRange>0</MinRange><MaxRange>1</MaxRange><Value xsi:type="integer">123</Value><ReadOnly>false</ReadOnly><AlertXMLAssigned>false</AlertXMLAssigned></ContextItem><ContextItem><Name>MACHINE_CNT_CYCLE</Name><Description/><MinRange>0</MinRange><MaxRange>1</MaxRange><Value xsi:type="integer">123</Value><ReadOnly>false</ReadOnly><AlertXMLAssigned>false</AlertXMLAssigned></ContextItem><ContextItem><Name>EFFICIENCY</Name><Description/><MinRange>0</MinRange><MaxRange>1</MaxRange><Value xsi:type="integer">123</Value><ReadOnly>false</ReadOnly><AlertXMLAssigned>false</AlertXMLAssigned></ContextItem><ContextItem><Name>PRODUCTIVITY</Name><Description/><MinRange>0</MinRange><MaxRange>1</MaxRange><Value xsi:type="integer">123</Value><ReadOnly>false</ReadOnly><AlertXMLAssigned>false</AlertXMLAssigned></ContextItem></ColumnSpecifications></Value><SchemaURI/><SchemaElement/><ValidateXMLOnExecution>1</ValidateXMLOnExecution><ReadOnly>false</ReadOnly><AlertXMLAssigned>false</AlertXMLAssigned></ContextItem><ContextItem><Name>Assignment_0</Name><Description/><MinRange>0</MinRange><MaxRange>0</MaxRange><Value xsi:type="Assignment"/><ReadOnly>false</ReadOnly><AlertXMLAssigned>false</AlertXMLAssigned></ContextItem><ContextItem><Name>Tracer_1</Name><Description/><MinRange>0</MinRange><MaxRange>0</MaxRange><Value xsi:type="Tracer"><Message/><Level>INFO</Level></Value><ReadOnly>false</ReadOnly><AlertXMLAssigned>false</AlertXMLAssigned></ContextItem><ContextItem><Name>end</Name><Description/><MinRange>0</MinRange><MaxRange>0</MaxRange><Value xsi:type="SAPJCOEndSession"><SourceSession>connect</SourceSession></Value><ReadOnly>false</ReadOnly><AlertXMLAssigned>false</AlertXMLAssigned></ContextItem><ContextItem><Name>Repeater_0</Name><Description/><MinRange>0</MinRange><MaxRange>0</MaxRange><Value xsi:type="RepeaterAction"><Output><ReferenceDocumentSource/>&lt;?xml version="1.0" encoding="UTF-8"?&gt;&lt;item&gt;&#13;
                &lt;PERNR/&gt;&#13;
                &lt;ENAME/&gt;&#13;
                &lt;WERKS/&gt;&#13;
                &lt;BTRTL/&gt;&#13;
                &lt;PERSG/&gt;&#13;
                &lt;PERSK/&gt;&#13;
                &lt;ORGEH/&gt;&#13;
                &lt;PLANS/&gt;&#13;
                &lt;KOSTL/&gt;&#13;
                &lt;DATUM/&gt;&#13;
                &lt;BEGUZ/&gt;&#13;
                &lt;ENDUZ/&gt;&#13;
                &lt;ZNCSZ/&gt;&#13;
                &lt;ZNCGZ/&gt;&#13;
                &lt;ZF150/&gt;&#13;
                &lt;ZF200/&gt;&#13;
            &lt;/item&gt;</Output><Break>false</Break><ItemCount>0</ItemCount><CurrentItem>0</CurrentItem><Source>SAP_JCo_Function_0.Response{/ZHR_FM_PT_INTEGRATION/OUTPUT/E_TABLE/item}</Source><Item><ReferenceDocumentSource/>&lt;?xml version="1.0" encoding="UTF-8"?&gt;&lt;item&gt;&#13;
                &lt;PERNR/&gt;&#13;
                &lt;ENAME/&gt;&#13;
                &lt;WERKS/&gt;&#13;
                &lt;BTRTL/&gt;&#13;
                &lt;PERSG/&gt;&#13;
                &lt;PERSK/&gt;&#13;
                &lt;ORGEH/&gt;&#13;
                &lt;PLANS/&gt;&#13;
                &lt;KOSTL/&gt;&#13;
                &lt;DATUM/&gt;&#13;
                &lt;BEGUZ/&gt;&#13;
                &lt;ENDUZ/&gt;&#13;
                &lt;ZNCSZ/&gt;&#13;
                &lt;ZNCGZ/&gt;&#13;
                &lt;ZF150/&gt;&#13;
                &lt;ZF200/&gt;&#13;
            &lt;/item&gt;</Item></Value><SchemaURI/><SchemaElement/><ValidateXMLOnExecution>1</ValidateXMLOnExecution><SchemaURI/><SchemaElement/><ValidateXMLOnExecution>1</ValidateXMLOnExecution><ReadOnly>false</ReadOnly><AlertXMLAssigned>false</AlertXMLAssigned></ContextItem><ContextItem><Name>Commit_1</Name><Description/><MinRange>0</MinRange><MaxRange>0</MaxRange><Value xsi:type="SAPJCOCommit"><SourceSession>connect</SourceSession></Value><ReadOnly>false</ReadOnly><AlertXMLAssigned>false</AlertXMLAssigned></ContextItem><ContextItem><Name>Conditional_0</Name><Description/><MinRange>0</MinRange><MaxRange>0</MaxRange><Value xsi:type="ConditionalAction"><Output>false</Output><InputCount>1</InputCount><LogicalAnd>false</LogicalAnd><Input1>false</Input1></Value><ReadOnly>false</ReadOnly><AlertXMLAssigned>false</AlertXMLAssigned></ContextItem><ContextItem><Name>SETVALUE</Name><Description/><MinRange>0</MinRange><MaxRange>0</MaxRange><Value xsi:type="IlluminatorRow"><IlluminatorDocument>Document_0.Output</IlluminatorDocument></Value><ReadOnly>false</ReadOnly><AlertXMLAssigned>false</AlertXMLAssigned></ContextItem><ContextItem><Name>SLC_OPR_DURATION_DETAIL_QRY_0</Name><Description/><MinRange>0</MinRange><MaxRange>0</MaxRange><Value xsi:type="IlluminatorSQLQueryObject"><Timeout>60</Timeout><QueryTemplate>MII/REPORT/30/SLC_OPR_DURATION_PERS_QRY</QueryTemplate><TagList/><Results><ReferenceDocumentSource/>&lt;?xml version="1.0" encoding="UTF-8"?&gt;&lt;Rowsets CachedTime="" DateCreated="2023-05-22T10:04:07" EndDate="2023-05-22T10:04:07" StartDate="2023-05-22T09:04:07" Version="15.0 SP4 Patch 2 (May 21, 2015)"&gt;&lt;Rowset&gt;&lt;Columns&gt;&lt;Column Description="OPER_ID" MaxRange="1" MinRange="0" Name="OPER_ID" SQLDataType="4" SourceColumn="OPER_ID"/&gt;&lt;Column Description="SNAME" MaxRange="1" MinRange="0" Name="SNAME" SQLDataType="12" SourceColumn="SNAME"/&gt;&lt;Column Description="OFFTIME" MaxRange="1" MinRange="0" Name="OFFTIME" SQLDataType="4" SourceColumn="OFFTIME"/&gt;&lt;Column Description="PREPTIME" MaxRange="1" MinRange="0" Name="PREPTIME" SQLDataType="4" SourceColumn="PREPTIME"/&gt;&lt;Column Description="UPTIME" MaxRange="1" MinRange="0" Name="UPTIME" SQLDataType="4" SourceColumn="UPTIME"/&gt;&lt;Column Description="PLANNED_DOWN" MaxRange="1" MinRange="0" Name="PLANNED_DOWN" SQLDataType="4" SourceColumn="PLANNED_DOWN"/&gt;&lt;Column Description="UNPLANNED_DOWN" MaxRange="1" MinRange="0" Name="UNPLANNED_DOWN" SQLDataType="4" SourceColumn="UNPLANNED_DOWN"/&gt;&lt;Column Description="LOGON_DURATION" MaxRange="1" MinRange="0" Name="LOGON_DURATION" SQLDataType="3" SourceColumn="LOGON_DURATION"/&gt;&lt;Column Description="MACHINE_CNT_CYCLE" MaxRange="1" MinRange="0" Name="MACHINE_CNT_CYCLE" SQLDataType="-5" SourceColumn="MACHINE_CNT_CYCLE"/&gt;&lt;/Columns&gt;&lt;Row&gt;&lt;OPER_ID&gt;2311&lt;/OPER_ID&gt;&lt;SNAME&gt;ALİ IŞIK&lt;/SNAME&gt;&lt;OFFTIME&gt;2&lt;/OFFTIME&gt;&lt;PREPTIME&gt;12&lt;/PREPTIME&gt;&lt;UPTIME&gt;340&lt;/UPTIME&gt;&lt;PLANNED_DOWN&gt;20&lt;/PLANNED_DOWN&gt;&lt;UNPLANNED_DOWN&gt;44&lt;/UNPLANNED_DOWN&gt;&lt;LOGON_DURATION&gt;428&lt;/LOGON_DURATION&gt;&lt;MACHINE_CNT_CYCLE&gt;363&lt;/MACHINE_CNT_CYCLE&gt;&lt;/Row&gt;&lt;/Rowset&gt;&lt;/Rowsets&gt;</Results><QueryEndDate>2023-05-11T14:52:38</QueryEndDate><QueryParameters/><QueryStartDate>2023-05-11T14:52:38</QueryStartDate><SQLTransaction/></Value><SchemaURI/><SchemaElement/><ValidateXMLOnExecution>1</ValidateXMLOnExecution><ReadOnly>false</ReadOnly><AlertXMLAssigned>false</AlertXMLAssigned></ContextItem><ContextItem><Name>Tracer_2</Name><Description/><MinRange>0</MinRange><MaxRange>0</MaxRange><Value xsi:type="Tracer"><Message/><Level>INFO</Level></Value><ReadOnly>false</ReadOnly><AlertXMLAssigned>false</AlertXMLAssigned></ContextItem></Actions><ReaderRoles>SAP_XMII_Super_Administrator,SAP_XMII_Administrator,SAP_XMII_Developer,SAP_XMII_User</ReaderRoles><Steps><Step xsi:type="ActionSequence"><Name>Sequence_3</Name><Description/><Steps><Step xsi:type="ActionSequence"><Name>Sequence</Name><Description/><Steps><Step xsi:type="ActionSequence"><Name>Sequence_0</Name><Description/><Steps><Step xsi:type="ActionSequence"><Name>Sequence_8</Name><Description/><Steps><Step xsi:type="ActionSequence"><Name>Sequence_1</Name><Description/><Steps><Step xsi:type="Repeater"><Name>Sequence_2</Name><Description/><Steps><Step xsi:type="Conditional"><Name>Sequence_24</Name><Description/><Steps><Step xsi:type="ActionSequence"><Name>Sequence_9</Name><Description/><Steps><Step xsi:type="ActionSequence"><Name>Sequence_10</Name><Description/><Steps><Step xsi:type="ActionSequence"><Name>Sequence_25</Name><Description/><Steps/><Actions><Action><Name>SETVALUE</Name><Description> </Description><IncomingLinks><Assign xsi:type="Assign"><Name/><Description/><To>SETVALUE.SICIL</To><From>Repeater_0.Item{/item/PERNR}</From></Assign><Assign xsi:type="Assign"><Name/><Description/><To>SETVALUE.ADSOYAD</To><From>Repeater_0.Item{/item/ENAME}</From></Assign><Assign xsi:type="Assign"><Name/><Description/><To>SETVALUE.PERSONELALANI</To><From>Repeater_0.Item{/item/WERKS}</From></Assign><Assign xsi:type="Assign"><Name/><Description/><To>SETVALUE.PERSONELALTALANI</To><From>Repeater_0.Item{/item/BTRTL}</From></Assign><Assign xsi:type="Assign"><Name/><Description/><To>SETVALUE.CALISANGRUBU</To><From>Repeater_0.Item{/item/PERSG}</From></Assign><Assign xsi:type="Assign"><Name/><Description/><To>SETVALUE.CALISANALTGRUBU</To><From>Repeater_0.Item{/item/PERSK}</From></Assign><Assign xsi:type="Assign"><Name/><Description/><To>SETVALUE.ORGANIZASYONBIRIMI</To><From>Repeater_0.Item{/item/ORGEH}</From></Assign><Assign xsi:type="Assign"><Name/><Description/><To>SETVALUE.POZISYON</To><From>Repeater_0.Item{/item/PLANS}</From></Assign><Assign xsi:type="Assign"><Name/><Description/><To>SETVALUE.MASRAFYERI</To><From>Repeater_0.Item{/item/KOSTL}</From></Assign><Assign xsi:type="Assign"><Name/><Description/><To>SETVALUE.TARIH</To><From>Repeater_0.Item{/item/DATUM}</From></Assign><Assign xsi:type="Assign"><Name/><Description/><To>SETVALUE.BASLANGICSAATI</To><From>Repeater_0.Item{/item/BEGUZ}</From></Assign><Assign xsi:type="Assign"><Name/><Description/><To>SETVALUE.BITISSAATI</To><From>Repeater_0.Item{/item/ENDUZ}</From></Assign><Assign xsi:type="Assign"><Name/><Description/><To>SETVALUE.NCS</To><From>Repeater_0.Item{/item/ZNCSZ}*60</From></Assign><Assign xsi:type="Assign"><Name/><Description/><To>SETVALUE.NCG</To><From>Repeater_0.Item{/item/ZNCGZ}*60</From></Assign><Assign xsi:type="Assign"><Name/><Description/><To>SETVALUE.F150</To><From>Repeater_0.Item{/item/ZF150}*60</From></Assign><Assign xsi:type="Assign"><Name/><Description/><To>SETVALUE.F200</To><From>Repeater_0.Item{/item/ZF200}*60</From></Assign><Assign xsi:type="Assign"><Name/><Description/><To>SETVALUE.FIILISURE</To><From>(number(Repeater_0.Item{/item/ZNCSZ})+number(Repeater_0.Item{/item/ZF150})+number(Repeater_0.Item{/item/ZF200}))*60</From></Assign><Assign xsi:type="Assign"><Name/><Description/><To>SETVALUE.OTURUMSURESI</To><From>SLC_OPR_DURATION_DETAIL_QRY_0.Results{/Rowsets/Rowset/Row/LOGON_DURATION}</From></Assign><Assign xsi:type="Assign"><Name/><Description/><To>SETVALUE.PLANSIZDURUS</To><From>SLC_OPR_DURATION_DETAIL_QRY_0.Results{/Rowsets/Rowset/Row/UNPLANNED_DOWN}</From></Assign><Assign xsi:type="Assign"><Name/><Description/><To>SETVALUE.PLANLIDURUS</To><From>SLC_OPR_DURATION_DETAIL_QRY_0.Results{/Rowsets/Rowset/Row/PLANNED_DOWN}</From></Assign><Assign xsi:type="Assign"><Name/><Description/><To>SETVALUE.SETUP</To><From>SLC_OPR_DURATION_DETAIL_QRY_0.Results{/Rowsets/Rowset/Row/PREPTIME}</From></Assign><Assign xsi:type="Assign"><Name/><Description/><To>SETVALUE.URETIMSURESI</To><From>SLC_OPR_DURATION_DETAIL_QRY_0.Results{/Rowsets/Rowset/Row/UPTIME}</From></Assign><Assign xsi:type="Assign"><Name/><Description/><To>SETVALUE.URETIMOLMAYANSURE</To><From>(Repeater_0.Item{/item/ZNCSZ}*60-
SLC_OPR_DURATION_DETAIL_QRY_0.Results{/Rowsets/Rowset/Row/LOGON_DURATION})+
(SLC_OPR_DURATION_DETAIL_QRY_0.Results{/Rowsets/Rowset/Row/UNPLANNED_DOWN}+
SLC_OPR_DURATION_DETAIL_QRY_0.Results{/Rowsets/Rowset/Row/PREPTIME})

</From></Assign><Assign xsi:type="Assign"><Name/><Description/><To>SETVALUE.CALISILMAYANSURE</To><From>(Repeater_0.Item{/item/ZNCSZ})*60-
(SLC_OPR_DURATION_DETAIL_QRY_0.Results{/Rowsets/Rowset/Row/LOGON_DURATION})</From></Assign><Assign xsi:type="Assign"><Name/><Description/><To>SETVALUE.MACHINE_CNT_CYCLE</To><From>SLC_OPR_DURATION_DETAIL_QRY_0.Results{/Rowsets/Rowset/Row/MACHINE_CNT_CYCLE}</From></Assign><Assign xsi:type="Assign"><Name/><Description/><To>SETVALUE.PRODUCTIVITY</To><From>(SLC_OPR_DURATION_DETAIL_QRY_0.Results{/Rowsets/Rowset/Row/MACHINE_CNT_CYCLE}
/
(Repeater_0.Item{/item/ZNCSZ}*60)
)*100
</From></Assign><Assign xsi:type="Assign"><Name/><Description/><To>SETVALUE.EFFICIENCY</To><From>
(SLC_OPR_DURATION_DETAIL_QRY_0.Results{/Rowsets/Rowset/Row/MACHINE_CNT_CYCLE}/
((number(Repeater_0.Item{/item/ZNCSZ})+number(Repeater_0.Item{/item/ZF150})+number(Repeater_0.Item{/item/ZF200}))*60
-((Repeater_0.Item{/item/ZNCSZ}*60-
SLC_OPR_DURATION_DETAIL_QRY_0.Results{/Rowsets/Rowset/Row/LOGON_DURATION})+
(SLC_OPR_DURATION_DETAIL_QRY_0.Results{/Rowsets/Rowset/Row/UNPLANNED_DOWN}+
SLC_OPR_DURATION_DETAIL_QRY_0.Results{/Rowsets/Rowset/Row/PREPTIME}))))*100
</From></Assign></IncomingLinks><OutgoingLinks/></Action></Actions></Step></Steps><Actions><Action><Name>Tracer_2</Name><Description> </Description><IncomingLinks><Assign xsi:type="Assign"><Name/><Description/><To>Tracer_2.Message</To><From>SLC_OPR_DURATION_DETAIL_QRY_0.Results{/Rowsets/Rowset/Row/SNAME}</From></Assign></IncomingLinks><OutgoingLinks/></Action></Actions></Step></Steps><Actions><Action><Name>SLC_OPR_DURATION_DETAIL_QRY_0</Name><Description>SQL Query</Description><IncomingLinks><Assign xsi:type="Assign"><Name/><Description/><To>SLC_OPR_DURATION_DETAIL_QRY_0.Param.1</To><From>datefromxmlformat(Transaction.START_DATE,"yyyy-MM-dd")</From></Assign><Assign xsi:type="Assign"><Name/><Description/><To>SLC_OPR_DURATION_DETAIL_QRY_0.Param.2</To><From>datefromxmlformat(Transaction.END_DATE,"yyyy-MM-dd")
</From></Assign><Assign xsi:type="Assign"><Name/><Description/><To>SLC_OPR_DURATION_DETAIL_QRY_0.Param.3</To><From>Repeater_0.Item{/item/PERNR}</From></Assign></IncomingLinks><OutgoingLinks/></Action></Actions></Step></Steps><Actions><Action><Name>Conditional_0</Name><Description> Repeater_0.Item{/item/PERNR}=="00003847"</Description><IncomingLinks><Assign xsi:type="Assign"><Name/><Description/><To>Conditional_0.Input1</To><From> Repeater_0.Item{/item/PERNR}=="00002311"</From></Assign></IncomingLinks><OutgoingLinks/></Action></Actions></Step></Steps><Actions><Action><Name>Repeater_0</Name><Description> </Description><IncomingLinks/><OutgoingLinks/></Action></Actions></Step><Step xsi:type="ActionSequence"><Name>Sequence_4</Name><Description/><Steps><Step xsi:type="ActionSequence"><Name>Sequence_6</Name><Description/><Steps><Step xsi:type="ActionSequence"><Name>Sequence_7</Name><Description/><Steps/><Actions><Action><Name>Tracer_1</Name><Description> </Description><IncomingLinks><Assign xsi:type="Assign"><Name/><Description/><To>Tracer_1.Message</To><From>Transaction.OUT_RESULT</From></Assign></IncomingLinks><OutgoingLinks/></Action></Actions></Step></Steps><Actions><Action><Name>Assignment_0</Name><Description> </Description><IncomingLinks/><OutgoingLinks><Assign xsi:type="AssignXml"><Name/><Description/><To>Transaction.OUT_RESULT</To><From>Document_0.Output</From></Assign></OutgoingLinks></Action></Actions></Step></Steps><Actions/></Step><Step xsi:type="ActionSequence"><Name>Sequence_5</Name><Description/><Steps/><Actions><Action><Name>end</Name><Description> </Description><IncomingLinks/><OutgoingLinks/></Action></Actions></Step></Steps><Actions><Action><Name>Tracer_0</Name><Description> </Description><IncomingLinks><Assign xsi:type="Assign"><Name/><Description/><To>Tracer_0.Message</To><From>SAP_JCo_Function_0.Response</From></Assign></IncomingLinks><OutgoingLinks/></Action></Actions></Step></Steps><Actions><Action><Name>Commit_1</Name><Description> </Description><IncomingLinks/><OutgoingLinks/></Action></Actions></Step></Steps><Actions><Action><Name>SAP_JCo_Function_0</Name><Description>PARAMETRELER:
Begda başlangıç tarihi
Endda bitiş tarihi
Werks personel alanı
Kostl masraf yeri
Persg çalışan grubu 
--------------------
ÇIKTILAR:
PERNR personel numarası
ENAME ad soyad
WERKS personel alanı
BTRTL personel alt alanı
PERSG çalışan grubu
PERSK çalışan alt grubu
ORGEH organizasyon birimi
PLANS pozisyon
KOSTL masraf yeri
DATUM tarih
BEGUZ başlangıç saati
ENDUZ bitiş saati 
ZNCSZ  NÇS
ZNCGZ  NÇG
ZF150   f150
ZF200   f200
</Description><IncomingLinks><Assign xsi:type="Assign"><Name/><Description/><To>SAP_JCo_Function_0.Request{/ZHR_FM_PT_INTEGRATION/INPUT/I_BEGDA}</To><From>Transaction.START_DATE</From></Assign><Assign xsi:type="Assign"><Name/><Description/><To>SAP_JCo_Function_0.Request{/ZHR_FM_PT_INTEGRATION/INPUT/I_ENDDA}</To><From>Transaction.END_DATE</From></Assign><Assign xsi:type="Assign"><Name/><Description/><To>SAP_JCo_Function_0.Request{/ZHR_FM_PT_INTEGRATION/INPUT/I_WERKS}</To><From>1000</From></Assign></IncomingLinks><OutgoingLinks/></Action></Actions></Step></Steps><Actions><Action><Name>connect</Name><Description> </Description><IncomingLinks/><OutgoingLinks/></Action></Actions></Step></Steps><Actions><Action><Name>Document_0</Name><Description> </Description><IncomingLinks/><OutgoingLinks/></Action></Actions></Step></Steps></Transaction>