<?xml version="1.0" encoding="UTF-8" standalone="no"?><Transaction xmlns:xsd="http://www.w3.org/2001/XMLSchema" xmlns:xsi="http://www.w3.org/2001/XMLSchema-instance" Version="15.5.0.14"><TransactionAttributes><ContextItem><Name>Description</Name><Description>Transaction Description</Description><MinRange>0</MinRange><MaxRange>0</MaxRange><Value xsi:type="string"/><ReadOnly>true</ReadOnly><AlertXMLAssigned>false</AlertXMLAssigned></ContextItem><ContextItem><Name>Comments</Name><Description>User Comments</Description><MinRange>0</MinRange><MaxRange>0</MaxRange><Value xsi:type="string"/><ReadOnly>true</ReadOnly><AlertXMLAssigned>false</AlertXMLAssigned></ContextItem><ContextItem><Name>CreatedBy</Name><Description>Created By</Description><MinRange>0</MinRange><MaxRange>0</MaxRange><Value xsi:type="string">Administrator</Value><ReadOnly>true</ReadOnly><AlertXMLAssigned>false</AlertXMLAssigned></ContextItem><ContextItem><Name>CreationDate</Name><Description>Creation Date</Description><MinRange>0</MinRange><MaxRange>0</MaxRange><Value xsi:type="dateTime">2023-08-01T17:38:38</Value><ReadOnly>true</ReadOnly><AlertXMLAssigned>false</AlertXMLAssigned></ContextItem><ContextItem><Name>Category</Name><Description>Transaction Category</Description><MinRange>0</MinRange><MaxRange>0</MaxRange><Value xsi:type="string"/><ReadOnly>true</ReadOnly><AlertXMLAssigned>false</AlertXMLAssigned></ContextItem><ContextItem><Name>Status</Name><Description>Deployment Status</Description><MinRange>0</MinRange><MaxRange>0</MaxRange><Value xsi:type="string">DEVELOPMENT</Value><ReadOnly>true</ReadOnly><AlertXMLAssigned>false</AlertXMLAssigned></ContextItem><ContextItem><Name>LegacyProcessingMode</Name><Description>Support the pre MII 12.1 Transaction Engine.</Description><MinRange>0</MinRange><MaxRange>0</MaxRange><Value xsi:type="boolean">0</Value><ReadOnly>true</ReadOnly><AlertXMLAssigned>false</AlertXMLAssigned></ContextItem><ContextItem><Name>AutoAppendBlankNamespaces</Name><Description>AutoAppendBlankNamespaces</Description><MinRange>0</MinRange><MaxRange>0</MaxRange><Value xsi:type="boolean">1</Value><ReadOnly>true</ReadOnly><AlertXMLAssigned>false</AlertXMLAssigned></ContextItem><ContextItem><Name>ThrowOnLinkError</Name><Description>Throws an exception when a link error occures</Description><MinRange>0</MinRange><MaxRange>0</MaxRange><Value xsi:type="boolean">0</Value><ReadOnly>true</ReadOnly><AlertXMLAssigned>false</AlertXMLAssigned></ContextItem><ContextItem><Name>ThrowOnActionError</Name><Description>Throws an exception when an action error occurs</Description><MinRange>0</MinRange><MaxRange>0</MaxRange><Value xsi:type="boolean">1</Value><ReadOnly>true</ReadOnly><AlertXMLAssigned>false</AlertXMLAssigned></ContextItem><ContextItem><Name>FormatXMLOnConversion</Name><Description>By default XML will be formatted when assigned from XML data type to String data type. This behaviour can be changed with this flag.</Description><MinRange>0</MinRange><MaxRange>0</MaxRange><Value xsi:type="boolean">1</Value><ReadOnly>true</ReadOnly><AlertXMLAssigned>false</AlertXMLAssigned></ContextItem><ContextItem><Name>LastEditedBy</Name><Description>Last Edited By</Description><MinRange>0</MinRange><MaxRange>0</MaxRange><Value xsi:type="xsd:string">Administrator</Value><ReadOnly>true</ReadOnly><AlertXMLAssigned>false</AlertXMLAssigned></ContextItem><ContextItem><Name>LastEditedDate</Name><Description>Last Edited Date</Description><MinRange>0</MinRange><MaxRange>0</MaxRange><Value xsi:type="xsd:dateTime">2023-11-15T15:31:01</Value><ReadOnly>true</ReadOnly><AlertXMLAssigned>false</AlertXMLAssigned></ContextItem></TransactionAttributes><Name>MII/REPORT/T_UPDATE_NETWORK</Name><Version>65</Version><WriterRoles>SAP_XMII_Super_Administrator,SAP_XMII_Administrator,SAP_XMII_Developer</WriterRoles><Context><ContextItem><Name>I_END_TIME</Name><Description/><MinRange>0</MinRange><MaxRange>0</MaxRange><Value xsi:type="string">2023-11-15 15:46:00</Value><ReadOnly>false</ReadOnly><AlertXMLAssigned>false</AlertXMLAssigned></ContextItem><ContextItem><Name>I_GUID</Name><Description/><MinRange>0</MinRange><MaxRange>0</MaxRange><Value xsi:type="string">2a205075-e755-4689-a2af-eb29325bc659</Value><ReadOnly>false</ReadOnly><AlertXMLAssigned>false</AlertXMLAssigned></ContextItem><ContextItem><Name>I_ID</Name><Description/><MinRange>0</MinRange><MaxRange>0</MaxRange><Value xsi:type="integer">68</Value><ReadOnly>false</ReadOnly><AlertXMLAssigned>false</AlertXMLAssigned></ContextItem><ContextItem><Name>I_NETWORK</Name><Description/><MinRange>0</MinRange><MaxRange>0</MaxRange><Value xsi:type="string">4010029</Value><ReadOnly>false</ReadOnly><AlertXMLAssigned>false</AlertXMLAssigned></ContextItem><ContextItem><Name>I_OPERATION</Name><Description/><MinRange>0</MinRange><MaxRange>0</MaxRange><Value xsi:type="string">0020</Value><ReadOnly>false</ReadOnly><AlertXMLAssigned>false</AlertXMLAssigned></ContextItem><ContextItem><Name>I_OPERATOR</Name><Description/><MinRange>0</MinRange><MaxRange>0</MaxRange><Value xsi:type="integer">4040</Value><ReadOnly>false</ReadOnly><AlertXMLAssigned>false</AlertXMLAssigned></ContextItem><ContextItem><Name>I_START_TIME</Name><Description/><MinRange>0</MinRange><MaxRange>0</MaxRange><Value xsi:type="string">2023-11-15 15:07:57</Value><ReadOnly>false</ReadOnly><AlertXMLAssigned>false</AlertXMLAssigned></ContextItem><ContextItem><Name>I_SUB_CATEGORY</Name><Description/><MinRange>0</MinRange><MaxRange>0</MaxRange><Value xsi:type="string"/><ReadOnly>false</ReadOnly><AlertXMLAssigned>false</AlertXMLAssigned></ContextItem><ContextItem><Name>O_JSON</Name><Description/><MinRange>0</MinRange><MaxRange>0</MaxRange><Value xsi:type="string"/><ReadOnly>true</ReadOnly><AlertXMLAssigned>false</AlertXMLAssigned></ContextItem></Context><Local><ContextItem><Name>errorCodeD</Name><Description/><MinRange>0</MinRange><MaxRange>0</MaxRange><Value xsi:type="integer">0</Value><ReadOnly>false</ReadOnly><AlertXMLAssigned>false</AlertXMLAssigned></ContextItem><ContextItem><Name>errorCodeN</Name><Description/><MinRange>0</MinRange><MaxRange>0</MaxRange><Value xsi:type="integer">0</Value><ReadOnly>false</ReadOnly><AlertXMLAssigned>false</AlertXMLAssigned></ContextItem><ContextItem><Name>OPERATION_DESCRIPTION</Name><Description/><MinRange>0</MinRange><MaxRange>0</MaxRange><Value xsi:type="string"/><ReadOnly>false</ReadOnly><AlertXMLAssigned>false</AlertXMLAssigned></ContextItem><ContextItem><Name>PROJECT_DEFINITION</Name><Description/><MinRange>0</MinRange><MaxRange>0</MaxRange><Value xsi:type="string"/><ReadOnly>false</ReadOnly><AlertXMLAssigned>false</AlertXMLAssigned></ContextItem><ContextItem><Name>SHORT_TEXT</Name><Description/><MinRange>0</MinRange><MaxRange>0</MaxRange><Value xsi:type="string"/><ReadOnly>false</ReadOnly><AlertXMLAssigned>false</AlertXMLAssigned></ContextItem><ContextItem><Name>WBS_ELEMENT</Name><Description/><MinRange>0</MinRange><MaxRange>0</MaxRange><Value xsi:type="string"/><ReadOnly>false</ReadOnly><AlertXMLAssigned>false</AlertXMLAssigned></ContextItem><ContextItem><Name>WORK_CENTER</Name><Description/><MinRange>0</MinRange><MaxRange>0</MaxRange><Value xsi:type="string"/><ReadOnly>false</ReadOnly><AlertXMLAssigned>false</AlertXMLAssigned></ContextItem></Local><Layout><GUILayoutItem><Name>Sequence</Name><X>368</X><Y>8</Y><Width>120</Width><SpacingWidth>840</SpacingWidth><DescendantWidth>840</DescendantWidth><Height>96</Height></GUILayoutItem><GUILayoutItem><Name>Sequence_3</Name><X>728</X><Y>144</Y><Width>120</Width><SpacingWidth>120</SpacingWidth><DescendantWidth>120</DescendantWidth><Height>96</Height></GUILayoutItem><GUILayoutItem><Name>Catch_0</Name><X>736</X><Y>160</Y><Width>104</Width><SpacingWidth>0</SpacingWidth><DescendantWidth>0</DescendantWidth><Height>72</Height></GUILayoutItem><GUILayoutItem><Name>Sequence_4</Name><X>728</X><Y>280</Y><Width>120</Width><SpacingWidth>120</SpacingWidth><DescendantWidth>0</DescendantWidth><Height>96</Height></GUILayoutItem><GUILayoutItem><Name>Terminate_Transaction_0</Name><X>736</X><Y>296</Y><Width>104</Width><SpacingWidth>0</SpacingWidth><DescendantWidth>0</DescendantWidth><Height>72</Height></GUILayoutItem><GUILayoutItem><Name>Sequence_10</Name><X>296</X><Y>144</Y><Width>120</Width><SpacingWidth>696</SpacingWidth><DescendantWidth>696</DescendantWidth><Height>96</Height></GUILayoutItem><GUILayoutItem><Name>Sequence_14</Name><X>8</X><Y>280</Y><Width>120</Width><SpacingWidth>120</SpacingWidth><DescendantWidth>120</DescendantWidth><Height>96</Height></GUILayoutItem><GUILayoutItem><Name>Sequence_5</Name><X>152</X><Y>552</Y><Width>120</Width><SpacingWidth>120</SpacingWidth><DescendantWidth>120</DescendantWidth><Height>96</Height></GUILayoutItem><GUILayoutItem><Name>connect</Name><X>160</X><Y>568</Y><Width>104</Width><SpacingWidth>0</SpacingWidth><DescendantWidth>0</DescendantWidth><Height>72</Height></GUILayoutItem><GUILayoutItem><Name>Sequence_15</Name><X>152</X><Y>688</Y><Width>120</Width><SpacingWidth>120</SpacingWidth><DescendantWidth>120</DescendantWidth><Height>96</Height></GUILayoutItem><GUILayoutItem><Name>SAP_BAPI_NETWORK_GETDETAIL</Name><X>160</X><Y>704</Y><Width>104</Width><SpacingWidth>0</SpacingWidth><DescendantWidth>0</DescendantWidth><Height>72</Height></GUILayoutItem><GUILayoutItem><Name>Sequence_12</Name><X>152</X><Y>824</Y><Width>120</Width><SpacingWidth>120</SpacingWidth><DescendantWidth>120</DescendantWidth><Height>96</Height></GUILayoutItem><GUILayoutItem><Name>Assignment_2</Name><X>160</X><Y>840</Y><Width>104</Width><SpacingWidth>0</SpacingWidth><DescendantWidth>0</DescendantWidth><Height>72</Height></GUILayoutItem><GUILayoutItem><Name>Sequence_11</Name><X>152</X><Y>960</Y><Width>120</Width><SpacingWidth>120</SpacingWidth><DescendantWidth>120</DescendantWidth><Height>96</Height></GUILayoutItem><GUILayoutItem><Name>Repeater_0</Name><X>160</X><Y>976</Y><Width>104</Width><SpacingWidth>0</SpacingWidth><DescendantWidth>0</DescendantWidth><Height>72</Height></GUILayoutItem><GUILayoutItem><Name>Sequence_8</Name><X>152</X><Y>1096</Y><Width>120</Width><SpacingWidth>120</SpacingWidth><DescendantWidth>120</DescendantWidth><Height>96</Height></GUILayoutItem><GUILayoutItem><Name>Conditional_0</Name><X>160</X><Y>1112</Y><Width>104</Width><SpacingWidth>0</SpacingWidth><DescendantWidth>0</DescendantWidth><Height>72</Height></GUILayoutItem><GUILayoutItem><Name>Sequence_9</Name><X>152</X><Y>1232</Y><Width>120</Width><SpacingWidth>120</SpacingWidth><DescendantWidth>120</DescendantWidth><Height>96</Height></GUILayoutItem><GUILayoutItem><Name>Assignment_1</Name><X>160</X><Y>1248</Y><Width>104</Width><SpacingWidth>0</SpacingWidth><DescendantWidth>0</DescendantWidth><Height>72</Height></GUILayoutItem><GUILayoutItem><Name>Sequence_2</Name><X>368</X><Y>280</Y><Width>120</Width><SpacingWidth>552</SpacingWidth><DescendantWidth>552</DescendantWidth><Height>96</Height></GUILayoutItem><GUILayoutItem><Name>Conditional_1</Name><X>376</X><Y>296</Y><Width>104</Width><SpacingWidth>0</SpacingWidth><DescendantWidth>0</DescendantWidth><Height>72</Height></GUILayoutItem><GUILayoutItem><Name>Sequence_17</Name><X>512</X><Y>416</Y><Width>120</Width><SpacingWidth>264</SpacingWidth><DescendantWidth>264</DescendantWidth><Height>96</Height></GUILayoutItem><GUILayoutItem><Name>Sequence_18</Name><X>440</X><Y>552</Y><Width>120</Width><SpacingWidth>120</SpacingWidth><DescendantWidth>120</DescendantWidth><Height>96</Height></GUILayoutItem><GUILayoutItem><Name>Conditional_3</Name><X>448</X><Y>568</Y><Width>104</Width><SpacingWidth>0</SpacingWidth><DescendantWidth>0</DescendantWidth><Height>72</Height></GUILayoutItem><GUILayoutItem><Name>Sequence_19</Name><X>440</X><Y>688</Y><Width>120</Width><SpacingWidth>120</SpacingWidth><DescendantWidth>0</DescendantWidth><Height>96</Height></GUILayoutItem><GUILayoutItem><Name>Assignment_3</Name><X>448</X><Y>704</Y><Width>104</Width><SpacingWidth>0</SpacingWidth><DescendantWidth>0</DescendantWidth><Height>72</Height></GUILayoutItem><GUILayoutItem><Name>Sequence_20</Name><X>584</X><Y>552</Y><Width>120</Width><SpacingWidth>120</SpacingWidth><DescendantWidth>120</DescendantWidth><Height>96</Height></GUILayoutItem><GUILayoutItem><Name>Conditional_2</Name><X>592</X><Y>568</Y><Width>104</Width><SpacingWidth>0</SpacingWidth><DescendantWidth>0</DescendantWidth><Height>72</Height></GUILayoutItem><GUILayoutItem><Name>Sequence_21</Name><X>584</X><Y>688</Y><Width>120</Width><SpacingWidth>120</SpacingWidth><DescendantWidth>0</DescendantWidth><Height>96</Height></GUILayoutItem><GUILayoutItem><Name>Assignment_4</Name><X>592</X><Y>704</Y><Width>104</Width><SpacingWidth>0</SpacingWidth><DescendantWidth>0</DescendantWidth><Height>72</Height></GUILayoutItem><GUILayoutItem><Name>Sequence_22</Name><X>8</X><Y>416</Y><Width>120</Width><SpacingWidth>120</SpacingWidth><DescendantWidth>120</DescendantWidth><Height>96</Height></GUILayoutItem><GUILayoutItem><Name>CHECK_NETWORK_UPDATE_0</Name><X>16</X><Y>432</Y><Width>104</Width><SpacingWidth>0</SpacingWidth><DescendantWidth>0</DescendantWidth><Height>72</Height></GUILayoutItem><GUILayoutItem><Name>Sequence_23</Name><X>8</X><Y>552</Y><Width>120</Width><SpacingWidth>120</SpacingWidth><DescendantWidth>0</DescendantWidth><Height>96</Height></GUILayoutItem><GUILayoutItem><Name>Tracer_1</Name><X>16</X><Y>568</Y><Width>104</Width><SpacingWidth>0</SpacingWidth><DescendantWidth>0</DescendantWidth><Height>72</Height></GUILayoutItem><GUILayoutItem><Name>Sequence_25</Name><X>152</X><Y>1368</Y><Width>120</Width><SpacingWidth>120</SpacingWidth><DescendantWidth>0</DescendantWidth><Height>96</Height></GUILayoutItem><GUILayoutItem><Name>Tracer_2</Name><X>160</X><Y>1384</Y><Width>104</Width><SpacingWidth>0</SpacingWidth><DescendantWidth>0</DescendantWidth><Height>72</Height></GUILayoutItem><GUILayoutItem><Name>Sequence_26</Name><X>224</X><Y>416</Y><Width>120</Width><SpacingWidth>264</SpacingWidth><DescendantWidth>264</DescendantWidth><Height>96</Height></GUILayoutItem><GUILayoutItem><Name>Sequence_6</Name><X>296</X><Y>552</Y><Width>120</Width><SpacingWidth>120</SpacingWidth><DescendantWidth>120</DescendantWidth><Height>96</Height></GUILayoutItem><GUILayoutItem><Name>Tracer_0</Name><X>304</X><Y>568</Y><Width>104</Width><SpacingWidth>0</SpacingWidth><DescendantWidth>0</DescendantWidth><Height>72</Height></GUILayoutItem><GUILayoutItem><Name>Sequence_0</Name><X>296</X><Y>688</Y><Width>120</Width><SpacingWidth>120</SpacingWidth><DescendantWidth>120</DescendantWidth><Height>96</Height></GUILayoutItem><GUILayoutItem><Name>UPD_NETWORK_QRY_0</Name><X>304</X><Y>704</Y><Width>104</Width><SpacingWidth>0</SpacingWidth><DescendantWidth>0</DescendantWidth><Height>72</Height></GUILayoutItem><GUILayoutItem><Name>Sequence_13</Name><X>296</X><Y>824</Y><Width>120</Width><SpacingWidth>120</SpacingWidth><DescendantWidth>120</DescendantWidth><Height>96</Height></GUILayoutItem><GUILayoutItem><Name>Sequence_1</Name><X>296</X><Y>960</Y><Width>120</Width><SpacingWidth>120</SpacingWidth><DescendantWidth>120</DescendantWidth><Height>96</Height></GUILayoutItem><GUILayoutItem><Name>Assignment_0</Name><X>304</X><Y>976</Y><Width>104</Width><SpacingWidth>0</SpacingWidth><DescendantWidth>0</DescendantWidth><Height>72</Height></GUILayoutItem><GUILayoutItem><Name>Sequence_28</Name><X>296</X><Y>1096</Y><Width>120</Width><SpacingWidth>120</SpacingWidth><DescendantWidth>0</DescendantWidth><Height>96</Height></GUILayoutItem><GUILayoutItem><Name>end</Name><X>304</X><Y>1112</Y><Width>104</Width><SpacingWidth>0</SpacingWidth><DescendantWidth>0</DescendantWidth><Height>72</Height></GUILayoutItem></Layout><Actions><ContextItem><Name>Catch_0</Name><Description/><MinRange>0</MinRange><MaxRange>0</MaxRange><Value xsi:type="CatchAction"/><ReadOnly>false</ReadOnly><AlertXMLAssigned>false</AlertXMLAssigned></ContextItem><ContextItem><Name>Terminate_Transaction_0</Name><Description/><MinRange>0</MinRange><MaxRange>0</MaxRange><Value xsi:type="TerminateTransaction"><TerminationMessage>Transaction Execution Terminated Upon Request</TerminationMessage><TerminateWithError>true</TerminateWithError></Value><ReadOnly>false</ReadOnly><AlertXMLAssigned>false</AlertXMLAssigned></ContextItem><ContextItem><Name>connect</Name><Description/><MinRange>0</MinRange><MaxRange>0</MaxRange><Value xsi:type="SAPJCOStartSession"><ConnPropAlias>QA</ConnPropAlias><CredentialAlias>SAP_LOGON</CredentialAlias><SAPServerName/><SAPClient/><SAPSystemNumber/><Language/><ConnectionPoolSize>0</ConnectionPoolSize><SAPUserName/><SAPPassword/><SAPSSO2Ticket/><PoolConnections>false</PoolConnections><LogonGroup/><R3Name/><UseLogonGroup>false</UseLogonGroup><ConnectionTimeout>0</ConnectionTimeout><DestinationName/></Value><ReadOnly>false</ReadOnly><AlertXMLAssigned>false</AlertXMLAssigned></ContextItem><ContextItem><Name>SAP_BAPI_NETWORK_GETDETAIL</Name><Description/><MinRange>0</MinRange><MaxRange>0</MaxRange><Value xsi:type="SAPJCOFunction"><SourceSession>connect</SourceSession><Request><ReferenceDocumentSource/>&lt;?xml version="1.0" encoding="UTF-8"?&gt;&lt;BAPI_NETWORK_GETDETAIL&gt;&lt;INPUT&gt;&lt;I_WITHOUT_ACTIVITY_ELEMENT/&gt;&lt;I_WITHOUT_ACTIVITY_MILESTONE/&gt;&lt;I_WITHOUT_COMPONENT/&gt;&lt;I_WITHOUT_NETWORK/&gt;&lt;I_WITHOUT_NETWORK_ACTIVITY/&gt;&lt;I_WITHOUT_RELATION/&gt;&lt;NUMBER/&gt;&lt;/INPUT&gt;&lt;TABLES&gt;&lt;E_ACTIVITY&gt;&lt;item&gt;&lt;NETWORK/&gt;&lt;ACTIVITY/&gt;&lt;CONTROL_KEY/&gt;&lt;WORK_CNTR/&gt;&lt;PLANT/&gt;&lt;DESCRIPTION/&gt;&lt;VENDOR_NO/&gt;&lt;PRICE/&gt;&lt;PRICE_UNIT/&gt;&lt;COST_ELEM/&gt;&lt;CURRENCY/&gt;&lt;CURRENCY_ISO/&gt;&lt;INFO_REC/&gt;&lt;PURCH_ORG/&gt;&lt;PUR_GROUP/&gt;&lt;MATL_GROUP/&gt;&lt;FLEXIBLE_DURATION/&gt;&lt;NUMBER_OF_CAPACITIES/&gt;&lt;PERCENT_OF_WORK/&gt;&lt;MILESTONE/&gt;&lt;ACTTYPE/&gt;&lt;ACTIVITY_COSTS/&gt;&lt;PROJECT_DEFINITION/&gt;&lt;WBS_ELEMENT/&gt;&lt;FACTORY_CALENDAR/&gt;&lt;DISTRIBUTING_KEY/&gt;&lt;PRIORITY/&gt;&lt;TAXJURCODE/&gt;&lt;OBJECTCLASS/&gt;&lt;PROFIT_CTR/&gt;&lt;NOT_MRP_APPLICABLE/&gt;&lt;PROJECT_SUMMARIZATION/&gt;&lt;OPERATION_MEASURE_UNIT/&gt;&lt;OPERATION_MEASURE_UNIT_ISO/&gt;&lt;PLND_DELRY/&gt;&lt;DURATION_NORMAL/&gt;&lt;DURATION_NORMAL_UNIT/&gt;&lt;DURATION_NORMAL_UNIT_ISO/&gt;&lt;DURATION_MINIMUM/&gt;&lt;DURATION_MINIMUM_UNIT/&gt;&lt;DURATION_MINIMUM_UNIT_ISO/&gt;&lt;CONSTRAINT_TYPE_START/&gt;&lt;CONSTRAINT_TYPE_FINISH/&gt;&lt;WORK_ACTIVITY/&gt;&lt;UN_WORK/&gt;&lt;UN_WORK_ISO/&gt;&lt;EARLY_START_DATE/&gt;&lt;EARLY_START_TIME/&gt;&lt;EARLY_FINISH_DATE/&gt;&lt;EARLY_FINISH_TIME/&gt;&lt;LATEST_START_DATE/&gt;&lt;LATEST_START_TIME/&gt;&lt;LATEST_FINISH_DATE/&gt;&lt;LATEST_FINISH_TIME/&gt;&lt;FLOAT_FREE/&gt;&lt;FLOAT_TOTAL/&gt;&lt;CONSTRAINT_START_DATE/&gt;&lt;CONSTRAINT_START_TIME/&gt;&lt;CONSTRAINT_FINISH_DATE/&gt;&lt;CONSTRAINT_FINISH_TIME/&gt;&lt;USER_FIELD_KEY/&gt;&lt;USER_FIELD_CHAR20_1/&gt;&lt;USER_FIELD_CHAR20_2/&gt;&lt;USER_FIELD_CHAR10_1/&gt;&lt;USER_FIELD_CHAR10_2/&gt;&lt;USER_FIELD_QUAN1/&gt;&lt;USER_FIELD_UNIT1/&gt;&lt;USER_FIELD_UNIT1_ISO/&gt;&lt;USER_FIELD_QUAN2/&gt;&lt;USER_FIELD_UNIT2/&gt;&lt;USER_FIELD_UNIT2_ISO/&gt;&lt;USER_FIELD_CURR1/&gt;&lt;USER_FIELD_CUKY1/&gt;&lt;USER_FIELD_CUKY1_ISO/&gt;&lt;USER_FIELD_CURR2/&gt;&lt;USER_FIELD_CUKY2/&gt;&lt;USER_FIELD_CUKY2_ISO/&gt;&lt;USER_FIELD_DATE1/&gt;&lt;USER_FIELD_DATE2/&gt;&lt;USER_FIELD_FLAG1/&gt;&lt;USER_FIELD_FLAG2/&gt;&lt;DELETION_FLAG/&gt;&lt;DURATION_NORMAL_FC/&gt;&lt;DURATION_NORMAL_FC_UNIT/&gt;&lt;DURATION_NORMAL_FC_UNIT_ISO/&gt;&lt;DURATION_MINIMUM_FC/&gt;&lt;DURATION_MINIMUM_FC_UNIT/&gt;&lt;DURATION_MINIMUM_FC_UNIT_ISO/&gt;&lt;CONSTRAINT_TYPE_FINISH_FC/&gt;&lt;CONSTRAINT_TYPE_START_FC/&gt;&lt;CONSTRAINT_START_DATE_FC/&gt;&lt;CONSTRAINT_START_TIME_FC/&gt;&lt;CONSTRAINT_FINISH_DATE_FC/&gt;&lt;CONSTRAINT_FINISH_TIME_FC/&gt;&lt;EARLY_START_DATE_FC/&gt;&lt;EARLY_START_TIME_FC/&gt;&lt;EARLY_FINISH_DATE_FC/&gt;&lt;EARLY_FINISH_TIME_FC/&gt;&lt;LATEST_START_DATE_FC/&gt;&lt;LATEST_START_TIME_FC/&gt;&lt;LATEST_FINISH_DATE_FC/&gt;&lt;LATEST_FINISH_TIME_FC/&gt;&lt;FLOAT_FREE_FC/&gt;&lt;FLOAT_TOTAL_FC/&gt;&lt;WORK_FORECAST/&gt;&lt;WORK_ACTUAL/&gt;&lt;DURATION_SCHEDULED/&gt;&lt;DURATION_SCHEDULED_FC/&gt;&lt;DURATION_SCHEDULED_UNIT/&gt;&lt;DURATION_SCHEDULED_UNIT_ISO/&gt;&lt;DURATION_CONFIRM_FC/&gt;&lt;DURATION_CONFIRM_FC_UNIT/&gt;&lt;DURATION_CONFIRM_FC_UNIT_ISO/&gt;&lt;OBJECTCLASS_EXT/&gt;&lt;FUNC_AREA/&gt;&lt;FUNC_AREA_LONG/&gt;&lt;PLANNED_COST/&gt;&lt;ACTUAL_COST/&gt;&lt;CONTROLLING_AREA_CURRENCY/&gt;&lt;ACTUAL_START_DATE/&gt;&lt;ACTUAL_FINISH_DATE/&gt;&lt;FORECAST_FINISH_DATE/&gt;&lt;COMPLETE/&gt;&lt;REFERENCE_POINT/&gt;&lt;/item&gt;&lt;/E_ACTIVITY&gt;&lt;E_ACTIVITY_ELEMENT&gt;&lt;item&gt;&lt;NETWORK/&gt;&lt;ACTIVITY/&gt;&lt;ELEMENT/&gt;&lt;CONTROL_KEY/&gt;&lt;WORK_CNTR/&gt;&lt;PLANT/&gt;&lt;DESCRIPTION/&gt;&lt;VENDOR_NO/&gt;&lt;PRICE/&gt;&lt;PRICE_UNIT/&gt;&lt;COST_ELEM/&gt;&lt;CURRENCY/&gt;&lt;CURRENCY_ISO/&gt;&lt;INFO_REC/&gt;&lt;PURCH_ORG/&gt;&lt;PUR_GROUP/&gt;&lt;MATL_GROUP/&gt;&lt;NUMBER_OF_CAPACITIES/&gt;&lt;PERCENT_OF_WORK/&gt;&lt;ACTTYPE/&gt;&lt;ACTIVITY_COSTS/&gt;&lt;PROJECT_DEFINITION/&gt;&lt;WBS_ELEMENT/&gt;&lt;DISTRIBUTING_KEY/&gt;&lt;TAXJURCODE/&gt;&lt;PROFIT_CTR/&gt;&lt;NOT_MRP_APPLICABLE/&gt;&lt;PROJECT_SUMMARIZATION/&gt;&lt;OPERATION_MEASURE_UNIT/&gt;&lt;OPERATION_MEASURE_UNIT_ISO/&gt;&lt;PLND_DELRY/&gt;&lt;WORK_ACTIVITY/&gt;&lt;UN_WORK/&gt;&lt;UN_WORK_ISO/&gt;&lt;EARLY_START_DATE/&gt;&lt;EARLY_START_TIME/&gt;&lt;EARLY_FINISH_DATE/&gt;&lt;EARLY_FINISH_TIME/&gt;&lt;LATEST_START_DATE/&gt;&lt;LATEST_START_TIME/&gt;&lt;LATEST_FINISH_DATE/&gt;&lt;LATEST_FINISH_TIME/&gt;&lt;USER_FIELD_KEY/&gt;&lt;USER_FIELD_CHAR20_1/&gt;&lt;USER_FIELD_CHAR20_2/&gt;&lt;USER_FIELD_CHAR10_1/&gt;&lt;USER_FIELD_CHAR10_2/&gt;&lt;USER_FIELD_QUAN1/&gt;&lt;USER_FIELD_UNIT1/&gt;&lt;USER_FIELD_UNIT1_ISO/&gt;&lt;USER_FIELD_QUAN2/&gt;&lt;USER_FIELD_UNIT2/&gt;&lt;USER_FIELD_UNIT2_ISO/&gt;&lt;USER_FIELD_CURR1/&gt;&lt;USER_FIELD_CUKY1/&gt;&lt;USER_FIELD_CUKY1_ISO/&gt;&lt;USER_FIELD_CURR2/&gt;&lt;USER_FIELD_CUKY2/&gt;&lt;USER_FIELD_CUKY2_ISO/&gt;&lt;USER_FIELD_DATE1/&gt;&lt;USER_FIELD_DATE2/&gt;&lt;USER_FIELD_FLAG1/&gt;&lt;USER_FIELD_FLAG2/&gt;&lt;DELETION_FLAG/&gt;&lt;EARLY_START_DATE_FC/&gt;&lt;EARLY_START_TIME_FC/&gt;&lt;EARLY_FINISH_DATE_FC/&gt;&lt;EARLY_FINISH_TIME_FC/&gt;&lt;LATEST_START_DATE_FC/&gt;&lt;LATEST_START_TIME_FC/&gt;&lt;LATEST_FINISH_DATE_FC/&gt;&lt;LATEST_FINISH_TIME_FC/&gt;&lt;WORK_FORECAST/&gt;&lt;WORK_ACTUAL/&gt;&lt;DURATION_SCHEDULED/&gt;&lt;DURATION_SCHEDULED_FC/&gt;&lt;DURATION_SCHEDULED_UNIT/&gt;&lt;DURATION_SCHEDULED_UNIT_ISO/&gt;&lt;OBJECTCLASS_EXT/&gt;&lt;OFFSET_START/&gt;&lt;OFFSET_START_UNIT/&gt;&lt;OFFSET_START_UNIT_ISO/&gt;&lt;OFFSET_END/&gt;&lt;OFFSET_END_UNIT/&gt;&lt;OFFSET_END_UNIT_ISO/&gt;&lt;FUNC_AREA/&gt;&lt;FUNC_AREA_LONG/&gt;&lt;PERS_NO/&gt;&lt;PLANNED_COST/&gt;&lt;ACTUAL_COST/&gt;&lt;CONTROLLING_AREA_CURRENCY/&gt;&lt;ACTUAL_START_DATE/&gt;&lt;ACTUAL_FINISH_DATE/&gt;&lt;FORECAST_FINISH_DATE/&gt;&lt;COMPLETE/&gt;&lt;/item&gt;&lt;/E_ACTIVITY_ELEMENT&gt;&lt;E_ACTIVITY_MILESTONE&gt;&lt;item&gt;&lt;MILESTONE_NUMBER/&gt;&lt;NETWORK/&gt;&lt;ACTIVITY/&gt;&lt;MILESTONE_USAGE/&gt;&lt;DESCRIPTION/&gt;&lt;SCHED_MILESTONE_DATE_BASIC/&gt;&lt;SCHED_MILESTONE_TIME_BASIC/&gt;&lt;SCHED_MILESTONE_DATE_FORECAST/&gt;&lt;SCHED_MILESTONE_TIME_FORECAST/&gt;&lt;FIXED_MILESTONE_DATE_BASIC/&gt;&lt;FIXED_MILESTONE_TIME_BASIC/&gt;&lt;FIXED_MILESTONE_DATE_FORECAST/&gt;&lt;FIXED_MILESTONE_TIME_FORECAST/&gt;&lt;ACTUAL_DATE/&gt;&lt;ACTUAL_TIME/&gt;&lt;LATEST_DATES_INDICATOR/&gt;&lt;OFFSET_START_END_INDICATOR/&gt;&lt;OFFSET_MILESTONE_DATE/&gt;&lt;OFFSET_MILESTONE_DATE_UNIT/&gt;&lt;OFFSET_MILESTONE_DATE_UNIT_ISO/&gt;&lt;OFFSET_PERCENTAGE/&gt;&lt;TREND_ANALYSIS_INDICATOR/&gt;&lt;EARNED_VALUE_INDICATOR/&gt;&lt;PERCENTAGE_OF_COMPLETION/&gt;&lt;SALES_DOC_DATE_INIDICATOR/&gt;&lt;INVOICE_PERCENTAGE/&gt;&lt;DELETION_FLAG/&gt;&lt;/item&gt;&lt;/E_ACTIVITY_MILESTONE&gt;&lt;E_COMPONENT&gt;&lt;item&gt;&lt;COMPONENT/&gt;&lt;ACTIVITY/&gt;&lt;NETWORK/&gt;&lt;AGMT_ITEM/&gt;&lt;AGREEMENT/&gt;&lt;BACKFLUSH/&gt;&lt;BASE_UOM/&gt;&lt;BASE_UOM_ISO/&gt;&lt;BATCH/&gt;&lt;BULK_MAT/&gt;&lt;COMMITED_QUAN/&gt;&lt;COST_RELEVANT/&gt;&lt;CURRENCY/&gt;&lt;CURRENCY_ISO/&gt;&lt;CUTTING_MEASURE_1/&gt;&lt;CUTTING_MEASURE_2/&gt;&lt;CUTTING_MEASURE_3/&gt;&lt;CUTTING_MEASURE_DIVISOR/&gt;&lt;CUTTING_MEASURE_UNIT/&gt;&lt;CUTTING_MEASURE_UNIT_ISO/&gt;&lt;DELETION_FLAG/&gt;&lt;DELIVERY_DAYS/&gt;&lt;ENTRY_QUANTITY/&gt;&lt;FINAL_ISSUE/&gt;&lt;GL_ACCOUNT/&gt;&lt;GOODS_RECEIVED_QUAN/&gt;&lt;GOODS_RECEIVED_QUAN_UNIT/&gt;&lt;GOODS_RECEIVED_QUAN_UNIT_ISO/&gt;&lt;GR_PR_TIME/&gt;&lt;GR_RCPT/&gt;&lt;INFO_REC/&gt;&lt;ITEM_CAT/&gt;&lt;ITEM_NUMBER/&gt;&lt;ITEM_TEXT/&gt;&lt;LEAD_TIME_OFFSET_OPR/&gt;&lt;LEAD_TIME_OFFSET_OPR_UNIT/&gt;&lt;LEAD_TIME_OFFSET_OPR_UNIT_ISO/&gt;&lt;MANUAL_REQUIREMENTS_DATE/&gt;&lt;MATERIAL/&gt;&lt;MATL_DESC/&gt;&lt;MATL_GROUP/&gt;&lt;MOVE_TYPE/&gt;&lt;MRP_RELEVANT/&gt;&lt;PHANT_ITEM/&gt;&lt;PLANT/&gt;&lt;PREQ_ITEM/&gt;&lt;PREQ_NAME/&gt;&lt;PREQ_NO/&gt;&lt;PRICE/&gt;&lt;PRICE_UNIT/&gt;&lt;PS_TEXT_DESCRIPTION/&gt;&lt;PS_TEXT_TYPE/&gt;&lt;PUR_GROUP/&gt;&lt;PUR_INFO_RECORD_DATA_FIXED/&gt;&lt;PURCH_ORG/&gt;&lt;PURCHASE_ORDER_EXISTS/&gt;&lt;REQ_DATE/&gt;&lt;REQUIREMENTS_PLAN_NO/&gt;&lt;RES_ITEM/&gt;&lt;RESERV_NO/&gt;&lt;S_ORD_ITEM/&gt;&lt;SALES_ORD/&gt;&lt;SORT_STRING/&gt;&lt;SPECIAL_STOCK/&gt;&lt;STGE_LOC/&gt;&lt;TRACKINGNO/&gt;&lt;UNLOAD_PT/&gt;&lt;VAR_SIZE_COMP_MEASURE_UNIT/&gt;&lt;VAR_SIZE_COMP_MEASURE_UNIT_ISO/&gt;&lt;VENDOR_NO/&gt;&lt;WBS_ELEMENT/&gt;&lt;WITHD_QUAN/&gt;&lt;MATERIAL_EXTERNAL/&gt;&lt;MATERIAL_GUID/&gt;&lt;MATERIAL_VERSION/&gt;&lt;/item&gt;&lt;/E_COMPONENT&gt;&lt;E_MESSAGE_TABLE&gt;&lt;item&gt;&lt;METHOD/&gt;&lt;OBJECT_TYPE/&gt;&lt;INTERNAL_OBJECT_ID/&gt;&lt;EXTERNAL_OBJECT_ID/&gt;&lt;MESSAGE_ID/&gt;&lt;MESSAGE_NUMBER/&gt;&lt;MESSAGE_TYPE/&gt;&lt;MESSAGE_TEXT/&gt;&lt;/item&gt;&lt;/E_MESSAGE_TABLE&gt;&lt;E_NETWORK&gt;&lt;item&gt;&lt;NETWORK/&gt;&lt;NETWORK_TYPE/&gt;&lt;SHORT_TEXT/&gt;&lt;PLANT/&gt;&lt;PROFIT_CTR/&gt;&lt;WBS_ELEMENT/&gt;&lt;TAXJURCODE/&gt;&lt;OBJECTCLASS/&gt;&lt;FINISH_DATE/&gt;&lt;START_DATE/&gt;&lt;MRP_CONTROLLER/&gt;&lt;SCHED_TYPE/&gt;&lt;PRIORITY/&gt;&lt;PROJECT_DEFINITION/&gt;&lt;NOT_AUTO_SCHEDULE/&gt;&lt;NOT_AUTO_COSTING/&gt;&lt;NOT_MRP_APPLICABLE/&gt;&lt;PROFILE/&gt;&lt;DELETION_FLAG/&gt;&lt;OBJECTCLASS_EXT/&gt;&lt;SCHED_START_DATE/&gt;&lt;SCHED_FINISH_DATE/&gt;&lt;SCHED_RELEASE_DATE/&gt;&lt;SCHED_TYPE_FORECAST/&gt;&lt;START_DATE_FORECAST/&gt;&lt;FINISH_DATE_FORECAST/&gt;&lt;SCHED_START_DATE_FORECAST/&gt;&lt;SCHED_FINISH_DATE_FORECAST/&gt;&lt;SCHED_RELEASE_DATE_FORECAST/&gt;&lt;ACTUAL_START_DATE/&gt;&lt;CONFIRMED_FINISH_DATE/&gt;&lt;ACTUAL_RELEASE_DATE/&gt;&lt;FUNC_AREA/&gt;&lt;FUNC_AREA_LONG/&gt;&lt;PLANNED_COST/&gt;&lt;ACTUAL_COST/&gt;&lt;CONTROLLING_AREA_CURRENCY/&gt;&lt;ACTIVITY_ACCOUNT_ASSIGNED/&gt;&lt;/item&gt;&lt;/E_NETWORK&gt;&lt;E_RELATION&gt;&lt;item&gt;&lt;NETWORK_PREDECESSOR/&gt;&lt;ACTIVITY_PREDECESSOR/&gt;&lt;NETWORK_SUCCESSOR/&gt;&lt;ACTIVITY_SUCCESSOR/&gt;&lt;RELATION_TYPE/&gt;&lt;DURATION_RELATION_UNIT/&gt;&lt;DURATION_RELATION/&gt;&lt;DURATION_RELATION_UNIT_ISO/&gt;&lt;FACTORY_CALENDAR/&gt;&lt;PERCENT_OF_SUC_PR/&gt;&lt;DURATION_KEY/&gt;&lt;WORK_CNTR/&gt;&lt;PLANT/&gt;&lt;DELETION_FLAG/&gt;&lt;/item&gt;&lt;/E_RELATION&gt;&lt;/TABLES&gt;&lt;/BAPI_NETWORK_GETDETAIL&gt;</Request><Response><ReferenceDocumentSource/>&lt;?xml version="1.0" encoding="UTF-8"?&gt;&lt;BAPI_NETWORK_GETDETAIL&gt;&lt;OUTPUT&gt;&lt;RETURN&gt;&lt;TYPE/&gt;&lt;ID/&gt;&lt;NUMBER/&gt;&lt;MESSAGE/&gt;&lt;LOG_NO/&gt;&lt;LOG_MSG_NO/&gt;&lt;MESSAGE_V1/&gt;&lt;MESSAGE_V2/&gt;&lt;MESSAGE_V3/&gt;&lt;MESSAGE_V4/&gt;&lt;/RETURN&gt;&lt;/OUTPUT&gt;&lt;TABLES&gt;&lt;E_ACTIVITY&gt;&lt;item&gt;&lt;NETWORK/&gt;&lt;ACTIVITY/&gt;&lt;CONTROL_KEY/&gt;&lt;WORK_CNTR/&gt;&lt;PLANT/&gt;&lt;DESCRIPTION/&gt;&lt;VENDOR_NO/&gt;&lt;PRICE/&gt;&lt;PRICE_UNIT/&gt;&lt;COST_ELEM/&gt;&lt;CURRENCY/&gt;&lt;CURRENCY_ISO/&gt;&lt;INFO_REC/&gt;&lt;PURCH_ORG/&gt;&lt;PUR_GROUP/&gt;&lt;MATL_GROUP/&gt;&lt;FLEXIBLE_DURATION/&gt;&lt;NUMBER_OF_CAPACITIES/&gt;&lt;PERCENT_OF_WORK/&gt;&lt;MILESTONE/&gt;&lt;ACTTYPE/&gt;&lt;ACTIVITY_COSTS/&gt;&lt;PROJECT_DEFINITION/&gt;&lt;WBS_ELEMENT/&gt;&lt;FACTORY_CALENDAR/&gt;&lt;DISTRIBUTING_KEY/&gt;&lt;PRIORITY/&gt;&lt;TAXJURCODE/&gt;&lt;OBJECTCLASS/&gt;&lt;PROFIT_CTR/&gt;&lt;NOT_MRP_APPLICABLE/&gt;&lt;PROJECT_SUMMARIZATION/&gt;&lt;OPERATION_MEASURE_UNIT/&gt;&lt;OPERATION_MEASURE_UNIT_ISO/&gt;&lt;PLND_DELRY/&gt;&lt;DURATION_NORMAL/&gt;&lt;DURATION_NORMAL_UNIT/&gt;&lt;DURATION_NORMAL_UNIT_ISO/&gt;&lt;DURATION_MINIMUM/&gt;&lt;DURATION_MINIMUM_UNIT/&gt;&lt;DURATION_MINIMUM_UNIT_ISO/&gt;&lt;CONSTRAINT_TYPE_START/&gt;&lt;CONSTRAINT_TYPE_FINISH/&gt;&lt;WORK_ACTIVITY/&gt;&lt;UN_WORK/&gt;&lt;UN_WORK_ISO/&gt;&lt;EARLY_START_DATE/&gt;&lt;EARLY_START_TIME/&gt;&lt;EARLY_FINISH_DATE/&gt;&lt;EARLY_FINISH_TIME/&gt;&lt;LATEST_START_DATE/&gt;&lt;LATEST_START_TIME/&gt;&lt;LATEST_FINISH_DATE/&gt;&lt;LATEST_FINISH_TIME/&gt;&lt;FLOAT_FREE/&gt;&lt;FLOAT_TOTAL/&gt;&lt;CONSTRAINT_START_DATE/&gt;&lt;CONSTRAINT_START_TIME/&gt;&lt;CONSTRAINT_FINISH_DATE/&gt;&lt;CONSTRAINT_FINISH_TIME/&gt;&lt;USER_FIELD_KEY/&gt;&lt;USER_FIELD_CHAR20_1/&gt;&lt;USER_FIELD_CHAR20_2/&gt;&lt;USER_FIELD_CHAR10_1/&gt;&lt;USER_FIELD_CHAR10_2/&gt;&lt;USER_FIELD_QUAN1/&gt;&lt;USER_FIELD_UNIT1/&gt;&lt;USER_FIELD_UNIT1_ISO/&gt;&lt;USER_FIELD_QUAN2/&gt;&lt;USER_FIELD_UNIT2/&gt;&lt;USER_FIELD_UNIT2_ISO/&gt;&lt;USER_FIELD_CURR1/&gt;&lt;USER_FIELD_CUKY1/&gt;&lt;USER_FIELD_CUKY1_ISO/&gt;&lt;USER_FIELD_CURR2/&gt;&lt;USER_FIELD_CUKY2/&gt;&lt;USER_FIELD_CUKY2_ISO/&gt;&lt;USER_FIELD_DATE1/&gt;&lt;USER_FIELD_DATE2/&gt;&lt;USER_FIELD_FLAG1/&gt;&lt;USER_FIELD_FLAG2/&gt;&lt;DELETION_FLAG/&gt;&lt;DURATION_NORMAL_FC/&gt;&lt;DURATION_NORMAL_FC_UNIT/&gt;&lt;DURATION_NORMAL_FC_UNIT_ISO/&gt;&lt;DURATION_MINIMUM_FC/&gt;&lt;DURATION_MINIMUM_FC_UNIT/&gt;&lt;DURATION_MINIMUM_FC_UNIT_ISO/&gt;&lt;CONSTRAINT_TYPE_FINISH_FC/&gt;&lt;CONSTRAINT_TYPE_START_FC/&gt;&lt;CONSTRAINT_START_DATE_FC/&gt;&lt;CONSTRAINT_START_TIME_FC/&gt;&lt;CONSTRAINT_FINISH_DATE_FC/&gt;&lt;CONSTRAINT_FINISH_TIME_FC/&gt;&lt;EARLY_START_DATE_FC/&gt;&lt;EARLY_START_TIME_FC/&gt;&lt;EARLY_FINISH_DATE_FC/&gt;&lt;EARLY_FINISH_TIME_FC/&gt;&lt;LATEST_START_DATE_FC/&gt;&lt;LATEST_START_TIME_FC/&gt;&lt;LATEST_FINISH_DATE_FC/&gt;&lt;LATEST_FINISH_TIME_FC/&gt;&lt;FLOAT_FREE_FC/&gt;&lt;FLOAT_TOTAL_FC/&gt;&lt;WORK_FORECAST/&gt;&lt;WORK_ACTUAL/&gt;&lt;DURATION_SCHEDULED/&gt;&lt;DURATION_SCHEDULED_FC/&gt;&lt;DURATION_SCHEDULED_UNIT/&gt;&lt;DURATION_SCHEDULED_UNIT_ISO/&gt;&lt;DURATION_CONFIRM_FC/&gt;&lt;DURATION_CONFIRM_FC_UNIT/&gt;&lt;DURATION_CONFIRM_FC_UNIT_ISO/&gt;&lt;OBJECTCLASS_EXT/&gt;&lt;FUNC_AREA/&gt;&lt;FUNC_AREA_LONG/&gt;&lt;PLANNED_COST/&gt;&lt;ACTUAL_COST/&gt;&lt;CONTROLLING_AREA_CURRENCY/&gt;&lt;ACTUAL_START_DATE/&gt;&lt;ACTUAL_FINISH_DATE/&gt;&lt;FORECAST_FINISH_DATE/&gt;&lt;COMPLETE/&gt;&lt;REFERENCE_POINT/&gt;&lt;/item&gt;&lt;/E_ACTIVITY&gt;&lt;E_ACTIVITY_ELEMENT&gt;&lt;item&gt;&lt;NETWORK/&gt;&lt;ACTIVITY/&gt;&lt;ELEMENT/&gt;&lt;CONTROL_KEY/&gt;&lt;WORK_CNTR/&gt;&lt;PLANT/&gt;&lt;DESCRIPTION/&gt;&lt;VENDOR_NO/&gt;&lt;PRICE/&gt;&lt;PRICE_UNIT/&gt;&lt;COST_ELEM/&gt;&lt;CURRENCY/&gt;&lt;CURRENCY_ISO/&gt;&lt;INFO_REC/&gt;&lt;PURCH_ORG/&gt;&lt;PUR_GROUP/&gt;&lt;MATL_GROUP/&gt;&lt;NUMBER_OF_CAPACITIES/&gt;&lt;PERCENT_OF_WORK/&gt;&lt;ACTTYPE/&gt;&lt;ACTIVITY_COSTS/&gt;&lt;PROJECT_DEFINITION/&gt;&lt;WBS_ELEMENT/&gt;&lt;DISTRIBUTING_KEY/&gt;&lt;TAXJURCODE/&gt;&lt;PROFIT_CTR/&gt;&lt;NOT_MRP_APPLICABLE/&gt;&lt;PROJECT_SUMMARIZATION/&gt;&lt;OPERATION_MEASURE_UNIT/&gt;&lt;OPERATION_MEASURE_UNIT_ISO/&gt;&lt;PLND_DELRY/&gt;&lt;WORK_ACTIVITY/&gt;&lt;UN_WORK/&gt;&lt;UN_WORK_ISO/&gt;&lt;EARLY_START_DATE/&gt;&lt;EARLY_START_TIME/&gt;&lt;EARLY_FINISH_DATE/&gt;&lt;EARLY_FINISH_TIME/&gt;&lt;LATEST_START_DATE/&gt;&lt;LATEST_START_TIME/&gt;&lt;LATEST_FINISH_DATE/&gt;&lt;LATEST_FINISH_TIME/&gt;&lt;USER_FIELD_KEY/&gt;&lt;USER_FIELD_CHAR20_1/&gt;&lt;USER_FIELD_CHAR20_2/&gt;&lt;USER_FIELD_CHAR10_1/&gt;&lt;USER_FIELD_CHAR10_2/&gt;&lt;USER_FIELD_QUAN1/&gt;&lt;USER_FIELD_UNIT1/&gt;&lt;USER_FIELD_UNIT1_ISO/&gt;&lt;USER_FIELD_QUAN2/&gt;&lt;USER_FIELD_UNIT2/&gt;&lt;USER_FIELD_UNIT2_ISO/&gt;&lt;USER_FIELD_CURR1/&gt;&lt;USER_FIELD_CUKY1/&gt;&lt;USER_FIELD_CUKY1_ISO/&gt;&lt;USER_FIELD_CURR2/&gt;&lt;USER_FIELD_CUKY2/&gt;&lt;USER_FIELD_CUKY2_ISO/&gt;&lt;USER_FIELD_DATE1/&gt;&lt;USER_FIELD_DATE2/&gt;&lt;USER_FIELD_FLAG1/&gt;&lt;USER_FIELD_FLAG2/&gt;&lt;DELETION_FLAG/&gt;&lt;EARLY_START_DATE_FC/&gt;&lt;EARLY_START_TIME_FC/&gt;&lt;EARLY_FINISH_DATE_FC/&gt;&lt;EARLY_FINISH_TIME_FC/&gt;&lt;LATEST_START_DATE_FC/&gt;&lt;LATEST_START_TIME_FC/&gt;&lt;LATEST_FINISH_DATE_FC/&gt;&lt;LATEST_FINISH_TIME_FC/&gt;&lt;WORK_FORECAST/&gt;&lt;WORK_ACTUAL/&gt;&lt;DURATION_SCHEDULED/&gt;&lt;DURATION_SCHEDULED_FC/&gt;&lt;DURATION_SCHEDULED_UNIT/&gt;&lt;DURATION_SCHEDULED_UNIT_ISO/&gt;&lt;OBJECTCLASS_EXT/&gt;&lt;OFFSET_START/&gt;&lt;OFFSET_START_UNIT/&gt;&lt;OFFSET_START_UNIT_ISO/&gt;&lt;OFFSET_END/&gt;&lt;OFFSET_END_UNIT/&gt;&lt;OFFSET_END_UNIT_ISO/&gt;&lt;FUNC_AREA/&gt;&lt;FUNC_AREA_LONG/&gt;&lt;PERS_NO/&gt;&lt;PLANNED_COST/&gt;&lt;ACTUAL_COST/&gt;&lt;CONTROLLING_AREA_CURRENCY/&gt;&lt;ACTUAL_START_DATE/&gt;&lt;ACTUAL_FINISH_DATE/&gt;&lt;FORECAST_FINISH_DATE/&gt;&lt;COMPLETE/&gt;&lt;/item&gt;&lt;/E_ACTIVITY_ELEMENT&gt;&lt;E_ACTIVITY_MILESTONE&gt;&lt;item&gt;&lt;MILESTONE_NUMBER/&gt;&lt;NETWORK/&gt;&lt;ACTIVITY/&gt;&lt;MILESTONE_USAGE/&gt;&lt;DESCRIPTION/&gt;&lt;SCHED_MILESTONE_DATE_BASIC/&gt;&lt;SCHED_MILESTONE_TIME_BASIC/&gt;&lt;SCHED_MILESTONE_DATE_FORECAST/&gt;&lt;SCHED_MILESTONE_TIME_FORECAST/&gt;&lt;FIXED_MILESTONE_DATE_BASIC/&gt;&lt;FIXED_MILESTONE_TIME_BASIC/&gt;&lt;FIXED_MILESTONE_DATE_FORECAST/&gt;&lt;FIXED_MILESTONE_TIME_FORECAST/&gt;&lt;ACTUAL_DATE/&gt;&lt;ACTUAL_TIME/&gt;&lt;LATEST_DATES_INDICATOR/&gt;&lt;OFFSET_START_END_INDICATOR/&gt;&lt;OFFSET_MILESTONE_DATE/&gt;&lt;OFFSET_MILESTONE_DATE_UNIT/&gt;&lt;OFFSET_MILESTONE_DATE_UNIT_ISO/&gt;&lt;OFFSET_PERCENTAGE/&gt;&lt;TREND_ANALYSIS_INDICATOR/&gt;&lt;EARNED_VALUE_INDICATOR/&gt;&lt;PERCENTAGE_OF_COMPLETION/&gt;&lt;SALES_DOC_DATE_INIDICATOR/&gt;&lt;INVOICE_PERCENTAGE/&gt;&lt;DELETION_FLAG/&gt;&lt;/item&gt;&lt;/E_ACTIVITY_MILESTONE&gt;&lt;E_COMPONENT&gt;&lt;item&gt;&lt;COMPONENT/&gt;&lt;ACTIVITY/&gt;&lt;NETWORK/&gt;&lt;AGMT_ITEM/&gt;&lt;AGREEMENT/&gt;&lt;BACKFLUSH/&gt;&lt;BASE_UOM/&gt;&lt;BASE_UOM_ISO/&gt;&lt;BATCH/&gt;&lt;BULK_MAT/&gt;&lt;COMMITED_QUAN/&gt;&lt;COST_RELEVANT/&gt;&lt;CURRENCY/&gt;&lt;CURRENCY_ISO/&gt;&lt;CUTTING_MEASURE_1/&gt;&lt;CUTTING_MEASURE_2/&gt;&lt;CUTTING_MEASURE_3/&gt;&lt;CUTTING_MEASURE_DIVISOR/&gt;&lt;CUTTING_MEASURE_UNIT/&gt;&lt;CUTTING_MEASURE_UNIT_ISO/&gt;&lt;DELETION_FLAG/&gt;&lt;DELIVERY_DAYS/&gt;&lt;ENTRY_QUANTITY/&gt;&lt;FINAL_ISSUE/&gt;&lt;GL_ACCOUNT/&gt;&lt;GOODS_RECEIVED_QUAN/&gt;&lt;GOODS_RECEIVED_QUAN_UNIT/&gt;&lt;GOODS_RECEIVED_QUAN_UNIT_ISO/&gt;&lt;GR_PR_TIME/&gt;&lt;GR_RCPT/&gt;&lt;INFO_REC/&gt;&lt;ITEM_CAT/&gt;&lt;ITEM_NUMBER/&gt;&lt;ITEM_TEXT/&gt;&lt;LEAD_TIME_OFFSET_OPR/&gt;&lt;LEAD_TIME_OFFSET_OPR_UNIT/&gt;&lt;LEAD_TIME_OFFSET_OPR_UNIT_ISO/&gt;&lt;MANUAL_REQUIREMENTS_DATE/&gt;&lt;MATERIAL/&gt;&lt;MATL_DESC/&gt;&lt;MATL_GROUP/&gt;&lt;MOVE_TYPE/&gt;&lt;MRP_RELEVANT/&gt;&lt;PHANT_ITEM/&gt;&lt;PLANT/&gt;&lt;PREQ_ITEM/&gt;&lt;PREQ_NAME/&gt;&lt;PREQ_NO/&gt;&lt;PRICE/&gt;&lt;PRICE_UNIT/&gt;&lt;PS_TEXT_DESCRIPTION/&gt;&lt;PS_TEXT_TYPE/&gt;&lt;PUR_GROUP/&gt;&lt;PUR_INFO_RECORD_DATA_FIXED/&gt;&lt;PURCH_ORG/&gt;&lt;PURCHASE_ORDER_EXISTS/&gt;&lt;REQ_DATE/&gt;&lt;REQUIREMENTS_PLAN_NO/&gt;&lt;RES_ITEM/&gt;&lt;RESERV_NO/&gt;&lt;S_ORD_ITEM/&gt;&lt;SALES_ORD/&gt;&lt;SORT_STRING/&gt;&lt;SPECIAL_STOCK/&gt;&lt;STGE_LOC/&gt;&lt;TRACKINGNO/&gt;&lt;UNLOAD_PT/&gt;&lt;VAR_SIZE_COMP_MEASURE_UNIT/&gt;&lt;VAR_SIZE_COMP_MEASURE_UNIT_ISO/&gt;&lt;VENDOR_NO/&gt;&lt;WBS_ELEMENT/&gt;&lt;WITHD_QUAN/&gt;&lt;MATERIAL_EXTERNAL/&gt;&lt;MATERIAL_GUID/&gt;&lt;MATERIAL_VERSION/&gt;&lt;/item&gt;&lt;/E_COMPONENT&gt;&lt;E_MESSAGE_TABLE&gt;&lt;item&gt;&lt;METHOD/&gt;&lt;OBJECT_TYPE/&gt;&lt;INTERNAL_OBJECT_ID/&gt;&lt;EXTERNAL_OBJECT_ID/&gt;&lt;MESSAGE_ID/&gt;&lt;MESSAGE_NUMBER/&gt;&lt;MESSAGE_TYPE/&gt;&lt;MESSAGE_TEXT/&gt;&lt;/item&gt;&lt;/E_MESSAGE_TABLE&gt;&lt;E_NETWORK&gt;&lt;item&gt;&lt;NETWORK/&gt;&lt;NETWORK_TYPE/&gt;&lt;SHORT_TEXT/&gt;&lt;PLANT/&gt;&lt;PROFIT_CTR/&gt;&lt;WBS_ELEMENT/&gt;&lt;TAXJURCODE/&gt;&lt;OBJECTCLASS/&gt;&lt;FINISH_DATE/&gt;&lt;START_DATE/&gt;&lt;MRP_CONTROLLER/&gt;&lt;SCHED_TYPE/&gt;&lt;PRIORITY/&gt;&lt;PROJECT_DEFINITION/&gt;&lt;NOT_AUTO_SCHEDULE/&gt;&lt;NOT_AUTO_COSTING/&gt;&lt;NOT_MRP_APPLICABLE/&gt;&lt;PROFILE/&gt;&lt;DELETION_FLAG/&gt;&lt;OBJECTCLASS_EXT/&gt;&lt;SCHED_START_DATE/&gt;&lt;SCHED_FINISH_DATE/&gt;&lt;SCHED_RELEASE_DATE/&gt;&lt;SCHED_TYPE_FORECAST/&gt;&lt;START_DATE_FORECAST/&gt;&lt;FINISH_DATE_FORECAST/&gt;&lt;SCHED_START_DATE_FORECAST/&gt;&lt;SCHED_FINISH_DATE_FORECAST/&gt;&lt;SCHED_RELEASE_DATE_FORECAST/&gt;&lt;ACTUAL_START_DATE/&gt;&lt;CONFIRMED_FINISH_DATE/&gt;&lt;ACTUAL_RELEASE_DATE/&gt;&lt;FUNC_AREA/&gt;&lt;FUNC_AREA_LONG/&gt;&lt;PLANNED_COST/&gt;&lt;ACTUAL_COST/&gt;&lt;CONTROLLING_AREA_CURRENCY/&gt;&lt;ACTIVITY_ACCOUNT_ASSIGNED/&gt;&lt;/item&gt;&lt;/E_NETWORK&gt;&lt;E_RELATION&gt;&lt;item&gt;&lt;NETWORK_PREDECESSOR/&gt;&lt;ACTIVITY_PREDECESSOR/&gt;&lt;NETWORK_SUCCESSOR/&gt;&lt;ACTIVITY_SUCCESSOR/&gt;&lt;RELATION_TYPE/&gt;&lt;DURATION_RELATION_UNIT/&gt;&lt;DURATION_RELATION/&gt;&lt;DURATION_RELATION_UNIT_ISO/&gt;&lt;FACTORY_CALENDAR/&gt;&lt;PERCENT_OF_SUC_PR/&gt;&lt;DURATION_KEY/&gt;&lt;WORK_CNTR/&gt;&lt;PLANT/&gt;&lt;DELETION_FLAG/&gt;&lt;/item&gt;&lt;/E_RELATION&gt;&lt;/TABLES&gt;&lt;/BAPI_NETWORK_GETDETAIL&gt;</Response><SAPRFC>BAPI_NETWORK_GETDETAIL</SAPRFC><TYPERFC>0</TYPERFC><QueueName/><ExecuteFunction>true</ExecuteFunction><RecreateFunction>true</RecreateFunction><AllowMultipleRows>true</AllowMultipleRows><IgnoreResponse>false</IgnoreResponse><DaysRetention>7</DaysRetention><MaxRetryCount>5</MaxRetryCount><RetryInterval>30000</RetryInterval><ProcessingMode>1</ProcessingMode><Filter/><DataBufferComment/><RetryImmediately>false</RetryImmediately></Value><SchemaURI/><SchemaElement/><ValidateXMLOnExecution>1</ValidateXMLOnExecution><SchemaURI/><SchemaElement/><ValidateXMLOnExecution>1</ValidateXMLOnExecution><ReadOnly>false</ReadOnly><AlertXMLAssigned>false</AlertXMLAssigned></ContextItem><ContextItem><Name>Assignment_2</Name><Description/><MinRange>0</MinRange><MaxRange>0</MaxRange><Value xsi:type="Assignment"/><ReadOnly>false</ReadOnly><AlertXMLAssigned>false</AlertXMLAssigned></ContextItem><ContextItem><Name>Repeater_0</Name><Description/><MinRange>0</MinRange><MaxRange>0</MaxRange><Value xsi:type="RepeaterAction"><Output><ReferenceDocumentSource/>&lt;?xml version="1.0" encoding="UTF-8"?&gt;&lt;item&gt;&#13;
                &lt;NETWORK/&gt;&#13;
                &lt;ACTIVITY/&gt;&#13;
                &lt;CONTROL_KEY/&gt;&#13;
                &lt;WORK_CNTR/&gt;&#13;
                &lt;PLANT/&gt;&#13;
                &lt;DESCRIPTION/&gt;&#13;
                &lt;VENDOR_NO/&gt;&#13;
                &lt;PRICE/&gt;&#13;
                &lt;PRICE_UNIT/&gt;&#13;
                &lt;COST_ELEM/&gt;&#13;
                &lt;CURRENCY/&gt;&#13;
                &lt;CURRENCY_ISO/&gt;&#13;
                &lt;INFO_REC/&gt;&#13;
                &lt;PURCH_ORG/&gt;&#13;
                &lt;PUR_GROUP/&gt;&#13;
                &lt;MATL_GROUP/&gt;&#13;
                &lt;FLEXIBLE_DURATION/&gt;&#13;
                &lt;NUMBER_OF_CAPACITIES/&gt;&#13;
                &lt;PERCENT_OF_WORK/&gt;&#13;
                &lt;MILESTONE/&gt;&#13;
                &lt;ACTTYPE/&gt;&#13;
                &lt;ACTIVITY_COSTS/&gt;&#13;
                &lt;PROJECT_DEFINITION/&gt;&#13;
                &lt;WBS_ELEMENT/&gt;&#13;
                &lt;FACTORY_CALENDAR/&gt;&#13;
                &lt;DISTRIBUTING_KEY/&gt;&#13;
                &lt;PRIORITY/&gt;&#13;
                &lt;TAXJURCODE/&gt;&#13;
                &lt;OBJECTCLASS/&gt;&#13;
                &lt;PROFIT_CTR/&gt;&#13;
                &lt;NOT_MRP_APPLICABLE/&gt;&#13;
                &lt;PROJECT_SUMMARIZATION/&gt;&#13;
                &lt;OPERATION_MEASURE_UNIT/&gt;&#13;
                &lt;OPERATION_MEASURE_UNIT_ISO/&gt;&#13;
                &lt;PLND_DELRY/&gt;&#13;
                &lt;DURATION_NORMAL/&gt;&#13;
                &lt;DURATION_NORMAL_UNIT/&gt;&#13;
                &lt;DURATION_NORMAL_UNIT_ISO/&gt;&#13;
                &lt;DURATION_MINIMUM/&gt;&#13;
                &lt;DURATION_MINIMUM_UNIT/&gt;&#13;
                &lt;DURATION_MINIMUM_UNIT_ISO/&gt;&#13;
                &lt;CONSTRAINT_TYPE_START/&gt;&#13;
                &lt;CONSTRAINT_TYPE_FINISH/&gt;&#13;
                &lt;WORK_ACTIVITY/&gt;&#13;
                &lt;UN_WORK/&gt;&#13;
                &lt;UN_WORK_ISO/&gt;&#13;
                &lt;EARLY_START_DATE/&gt;&#13;
                &lt;EARLY_START_TIME/&gt;&#13;
                &lt;EARLY_FINISH_DATE/&gt;&#13;
                &lt;EARLY_FINISH_TIME/&gt;&#13;
                &lt;LATEST_START_DATE/&gt;&#13;
                &lt;LATEST_START_TIME/&gt;&#13;
                &lt;LATEST_FINISH_DATE/&gt;&#13;
                &lt;LATEST_FINISH_TIME/&gt;&#13;
                &lt;FLOAT_FREE/&gt;&#13;
                &lt;FLOAT_TOTAL/&gt;&#13;
                &lt;CONSTRAINT_START_DATE/&gt;&#13;
                &lt;CONSTRAINT_START_TIME/&gt;&#13;
                &lt;CONSTRAINT_FINISH_DATE/&gt;&#13;
                &lt;CONSTRAINT_FINISH_TIME/&gt;&#13;
                &lt;USER_FIELD_KEY/&gt;&#13;
                &lt;USER_FIELD_CHAR20_1/&gt;&#13;
                &lt;USER_FIELD_CHAR20_2/&gt;&#13;
                &lt;USER_FIELD_CHAR10_1/&gt;&#13;
                &lt;USER_FIELD_CHAR10_2/&gt;&#13;
                &lt;USER_FIELD_QUAN1/&gt;&#13;
                &lt;USER_FIELD_UNIT1/&gt;&#13;
                &lt;USER_FIELD_UNIT1_ISO/&gt;&#13;
                &lt;USER_FIELD_QUAN2/&gt;&#13;
                &lt;USER_FIELD_UNIT2/&gt;&#13;
                &lt;USER_FIELD_UNIT2_ISO/&gt;&#13;
                &lt;USER_FIELD_CURR1/&gt;&#13;
                &lt;USER_FIELD_CUKY1/&gt;&#13;
                &lt;USER_FIELD_CUKY1_ISO/&gt;&#13;
                &lt;USER_FIELD_CURR2/&gt;&#13;
                &lt;USER_FIELD_CUKY2/&gt;&#13;
                &lt;USER_FIELD_CUKY2_ISO/&gt;&#13;
                &lt;USER_FIELD_DATE1/&gt;&#13;
                &lt;USER_FIELD_DATE2/&gt;&#13;
                &lt;USER_FIELD_FLAG1/&gt;&#13;
                &lt;USER_FIELD_FLAG2/&gt;&#13;
                &lt;DELETION_FLAG/&gt;&#13;
                &lt;DURATION_NORMAL_FC/&gt;&#13;
                &lt;DURATION_NORMAL_FC_UNIT/&gt;&#13;
                &lt;DURATION_NORMAL_FC_UNIT_ISO/&gt;&#13;
                &lt;DURATION_MINIMUM_FC/&gt;&#13;
                &lt;DURATION_MINIMUM_FC_UNIT/&gt;&#13;
                &lt;DURATION_MINIMUM_FC_UNIT_ISO/&gt;&#13;
                &lt;CONSTRAINT_TYPE_FINISH_FC/&gt;&#13;
                &lt;CONSTRAINT_TYPE_START_FC/&gt;&#13;
                &lt;CONSTRAINT_START_DATE_FC/&gt;&#13;
                &lt;CONSTRAINT_START_TIME_FC/&gt;&#13;
                &lt;CONSTRAINT_FINISH_DATE_FC/&gt;&#13;
                &lt;CONSTRAINT_FINISH_TIME_FC/&gt;&#13;
                &lt;EARLY_START_DATE_FC/&gt;&#13;
                &lt;EARLY_START_TIME_FC/&gt;&#13;
                &lt;EARLY_FINISH_DATE_FC/&gt;&#13;
                &lt;EARLY_FINISH_TIME_FC/&gt;&#13;
                &lt;LATEST_START_DATE_FC/&gt;&#13;
                &lt;LATEST_START_TIME_FC/&gt;&#13;
                &lt;LATEST_FINISH_DATE_FC/&gt;&#13;
                &lt;LATEST_FINISH_TIME_FC/&gt;&#13;
                &lt;FLOAT_FREE_FC/&gt;&#13;
                &lt;FLOAT_TOTAL_FC/&gt;&#13;
                &lt;WORK_FORECAST/&gt;&#13;
                &lt;WORK_ACTUAL/&gt;&#13;
                &lt;DURATION_SCHEDULED/&gt;&#13;
                &lt;DURATION_SCHEDULED_FC/&gt;&#13;
                &lt;DURATION_SCHEDULED_UNIT/&gt;&#13;
                &lt;DURATION_SCHEDULED_UNIT_ISO/&gt;&#13;
                &lt;DURATION_CONFIRM_FC/&gt;&#13;
                &lt;DURATION_CONFIRM_FC_UNIT/&gt;&#13;
                &lt;DURATION_CONFIRM_FC_UNIT_ISO/&gt;&#13;
                &lt;OBJECTCLASS_EXT/&gt;&#13;
                &lt;FUNC_AREA/&gt;&#13;
                &lt;FUNC_AREA_LONG/&gt;&#13;
                &lt;PLANNED_COST/&gt;&#13;
                &lt;ACTUAL_COST/&gt;&#13;
                &lt;CONTROLLING_AREA_CURRENCY/&gt;&#13;
                &lt;ACTUAL_START_DATE/&gt;&#13;
                &lt;ACTUAL_FINISH_DATE/&gt;&#13;
                &lt;FORECAST_FINISH_DATE/&gt;&#13;
                &lt;COMPLETE/&gt;&#13;
                &lt;REFERENCE_POINT/&gt;&#13;
            &lt;/item&gt;</Output><Break>false</Break><ItemCount>0</ItemCount><CurrentItem>0</CurrentItem><Source>SAP_BAPI_NETWORK_GETDETAIL.Response{/BAPI_NETWORK_GETDETAIL/TABLES/E_ACTIVITY/item}</Source><Item><ReferenceDocumentSource/>&lt;?xml version="1.0" encoding="UTF-8"?&gt;&lt;item&gt;&#13;
                &lt;NETWORK/&gt;&#13;
                &lt;ACTIVITY/&gt;&#13;
                &lt;CONTROL_KEY/&gt;&#13;
                &lt;WORK_CNTR/&gt;&#13;
                &lt;PLANT/&gt;&#13;
                &lt;DESCRIPTION/&gt;&#13;
                &lt;VENDOR_NO/&gt;&#13;
                &lt;PRICE/&gt;&#13;
                &lt;PRICE_UNIT/&gt;&#13;
                &lt;COST_ELEM/&gt;&#13;
                &lt;CURRENCY/&gt;&#13;
                &lt;CURRENCY_ISO/&gt;&#13;
                &lt;INFO_REC/&gt;&#13;
                &lt;PURCH_ORG/&gt;&#13;
                &lt;PUR_GROUP/&gt;&#13;
                &lt;MATL_GROUP/&gt;&#13;
                &lt;FLEXIBLE_DURATION/&gt;&#13;
                &lt;NUMBER_OF_CAPACITIES/&gt;&#13;
                &lt;PERCENT_OF_WORK/&gt;&#13;
                &lt;MILESTONE/&gt;&#13;
                &lt;ACTTYPE/&gt;&#13;
                &lt;ACTIVITY_COSTS/&gt;&#13;
                &lt;PROJECT_DEFINITION/&gt;&#13;
                &lt;WBS_ELEMENT/&gt;&#13;
                &lt;FACTORY_CALENDAR/&gt;&#13;
                &lt;DISTRIBUTING_KEY/&gt;&#13;
                &lt;PRIORITY/&gt;&#13;
                &lt;TAXJURCODE/&gt;&#13;
                &lt;OBJECTCLASS/&gt;&#13;
                &lt;PROFIT_CTR/&gt;&#13;
                &lt;NOT_MRP_APPLICABLE/&gt;&#13;
                &lt;PROJECT_SUMMARIZATION/&gt;&#13;
                &lt;OPERATION_MEASURE_UNIT/&gt;&#13;
                &lt;OPERATION_MEASURE_UNIT_ISO/&gt;&#13;
                &lt;PLND_DELRY/&gt;&#13;
                &lt;DURATION_NORMAL/&gt;&#13;
                &lt;DURATION_NORMAL_UNIT/&gt;&#13;
                &lt;DURATION_NORMAL_UNIT_ISO/&gt;&#13;
                &lt;DURATION_MINIMUM/&gt;&#13;
                &lt;DURATION_MINIMUM_UNIT/&gt;&#13;
                &lt;DURATION_MINIMUM_UNIT_ISO/&gt;&#13;
                &lt;CONSTRAINT_TYPE_START/&gt;&#13;
                &lt;CONSTRAINT_TYPE_FINISH/&gt;&#13;
                &lt;WORK_ACTIVITY/&gt;&#13;
                &lt;UN_WORK/&gt;&#13;
                &lt;UN_WORK_ISO/&gt;&#13;
                &lt;EARLY_START_DATE/&gt;&#13;
                &lt;EARLY_START_TIME/&gt;&#13;
                &lt;EARLY_FINISH_DATE/&gt;&#13;
                &lt;EARLY_FINISH_TIME/&gt;&#13;
                &lt;LATEST_START_DATE/&gt;&#13;
                &lt;LATEST_START_TIME/&gt;&#13;
                &lt;LATEST_FINISH_DATE/&gt;&#13;
                &lt;LATEST_FINISH_TIME/&gt;&#13;
                &lt;FLOAT_FREE/&gt;&#13;
                &lt;FLOAT_TOTAL/&gt;&#13;
                &lt;CONSTRAINT_START_DATE/&gt;&#13;
                &lt;CONSTRAINT_START_TIME/&gt;&#13;
                &lt;CONSTRAINT_FINISH_DATE/&gt;&#13;
                &lt;CONSTRAINT_FINISH_TIME/&gt;&#13;
                &lt;USER_FIELD_KEY/&gt;&#13;
                &lt;USER_FIELD_CHAR20_1/&gt;&#13;
                &lt;USER_FIELD_CHAR20_2/&gt;&#13;
                &lt;USER_FIELD_CHAR10_1/&gt;&#13;
                &lt;USER_FIELD_CHAR10_2/&gt;&#13;
                &lt;USER_FIELD_QUAN1/&gt;&#13;
                &lt;USER_FIELD_UNIT1/&gt;&#13;
                &lt;USER_FIELD_UNIT1_ISO/&gt;&#13;
                &lt;USER_FIELD_QUAN2/&gt;&#13;
                &lt;USER_FIELD_UNIT2/&gt;&#13;
                &lt;USER_FIELD_UNIT2_ISO/&gt;&#13;
                &lt;USER_FIELD_CURR1/&gt;&#13;
                &lt;USER_FIELD_CUKY1/&gt;&#13;
                &lt;USER_FIELD_CUKY1_ISO/&gt;&#13;
                &lt;USER_FIELD_CURR2/&gt;&#13;
                &lt;USER_FIELD_CUKY2/&gt;&#13;
                &lt;USER_FIELD_CUKY2_ISO/&gt;&#13;
                &lt;USER_FIELD_DATE1/&gt;&#13;
                &lt;USER_FIELD_DATE2/&gt;&#13;
                &lt;USER_FIELD_FLAG1/&gt;&#13;
                &lt;USER_FIELD_FLAG2/&gt;&#13;
                &lt;DELETION_FLAG/&gt;&#13;
                &lt;DURATION_NORMAL_FC/&gt;&#13;
                &lt;DURATION_NORMAL_FC_UNIT/&gt;&#13;
                &lt;DURATION_NORMAL_FC_UNIT_ISO/&gt;&#13;
                &lt;DURATION_MINIMUM_FC/&gt;&#13;
                &lt;DURATION_MINIMUM_FC_UNIT/&gt;&#13;
                &lt;DURATION_MINIMUM_FC_UNIT_ISO/&gt;&#13;
                &lt;CONSTRAINT_TYPE_FINISH_FC/&gt;&#13;
                &lt;CONSTRAINT_TYPE_START_FC/&gt;&#13;
                &lt;CONSTRAINT_START_DATE_FC/&gt;&#13;
                &lt;CONSTRAINT_START_TIME_FC/&gt;&#13;
                &lt;CONSTRAINT_FINISH_DATE_FC/&gt;&#13;
                &lt;CONSTRAINT_FINISH_TIME_FC/&gt;&#13;
                &lt;EARLY_START_DATE_FC/&gt;&#13;
                &lt;EARLY_START_TIME_FC/&gt;&#13;
                &lt;EARLY_FINISH_DATE_FC/&gt;&#13;
                &lt;EARLY_FINISH_TIME_FC/&gt;&#13;
                &lt;LATEST_START_DATE_FC/&gt;&#13;
                &lt;LATEST_START_TIME_FC/&gt;&#13;
                &lt;LATEST_FINISH_DATE_FC/&gt;&#13;
                &lt;LATEST_FINISH_TIME_FC/&gt;&#13;
                &lt;FLOAT_FREE_FC/&gt;&#13;
                &lt;FLOAT_TOTAL_FC/&gt;&#13;
                &lt;WORK_FORECAST/&gt;&#13;
                &lt;WORK_ACTUAL/&gt;&#13;
                &lt;DURATION_SCHEDULED/&gt;&#13;
                &lt;DURATION_SCHEDULED_FC/&gt;&#13;
                &lt;DURATION_SCHEDULED_UNIT/&gt;&#13;
                &lt;DURATION_SCHEDULED_UNIT_ISO/&gt;&#13;
                &lt;DURATION_CONFIRM_FC/&gt;&#13;
                &lt;DURATION_CONFIRM_FC_UNIT/&gt;&#13;
                &lt;DURATION_CONFIRM_FC_UNIT_ISO/&gt;&#13;
                &lt;OBJECTCLASS_EXT/&gt;&#13;
                &lt;FUNC_AREA/&gt;&#13;
                &lt;FUNC_AREA_LONG/&gt;&#13;
                &lt;PLANNED_COST/&gt;&#13;
                &lt;ACTUAL_COST/&gt;&#13;
                &lt;CONTROLLING_AREA_CURRENCY/&gt;&#13;
                &lt;ACTUAL_START_DATE/&gt;&#13;
                &lt;ACTUAL_FINISH_DATE/&gt;&#13;
                &lt;FORECAST_FINISH_DATE/&gt;&#13;
                &lt;COMPLETE/&gt;&#13;
                &lt;REFERENCE_POINT/&gt;&#13;
            &lt;/item&gt;</Item></Value><SchemaURI/><SchemaElement/><ValidateXMLOnExecution>1</ValidateXMLOnExecution><SchemaURI/><SchemaElement/><ValidateXMLOnExecution>1</ValidateXMLOnExecution><ReadOnly>false</ReadOnly><AlertXMLAssigned>false</AlertXMLAssigned></ContextItem><ContextItem><Name>Conditional_0</Name><Description/><MinRange>0</MinRange><MaxRange>0</MaxRange><Value xsi:type="ConditionalAction"><Output>false</Output><InputCount>1</InputCount><LogicalAnd>false</LogicalAnd><Input1>false</Input1></Value><ReadOnly>false</ReadOnly><AlertXMLAssigned>false</AlertXMLAssigned></ContextItem><ContextItem><Name>Assignment_1</Name><Description/><MinRange>0</MinRange><MaxRange>0</MaxRange><Value xsi:type="Assignment"/><ReadOnly>false</ReadOnly><AlertXMLAssigned>false</AlertXMLAssigned></ContextItem><ContextItem><Name>Conditional_1</Name><Description/><MinRange>0</MinRange><MaxRange>0</MaxRange><Value xsi:type="ConditionalAction"><Output>false</Output><InputCount>1</InputCount><LogicalAnd>false</LogicalAnd><Input1>false</Input1></Value><ReadOnly>false</ReadOnly><AlertXMLAssigned>false</AlertXMLAssigned></ContextItem><ContextItem><Name>Conditional_3</Name><Description/><MinRange>0</MinRange><MaxRange>0</MaxRange><Value xsi:type="ConditionalAction"><Output>false</Output><InputCount>1</InputCount><LogicalAnd>false</LogicalAnd><Input1>false</Input1></Value><ReadOnly>false</ReadOnly><AlertXMLAssigned>false</AlertXMLAssigned></ContextItem><ContextItem><Name>Assignment_3</Name><Description/><MinRange>0</MinRange><MaxRange>0</MaxRange><Value xsi:type="Assignment"/><ReadOnly>false</ReadOnly><AlertXMLAssigned>false</AlertXMLAssigned></ContextItem><ContextItem><Name>Conditional_2</Name><Description/><MinRange>0</MinRange><MaxRange>0</MaxRange><Value xsi:type="ConditionalAction"><Output>false</Output><InputCount>1</InputCount><LogicalAnd>false</LogicalAnd><Input1>false</Input1></Value><ReadOnly>false</ReadOnly><AlertXMLAssigned>false</AlertXMLAssigned></ContextItem><ContextItem><Name>Assignment_4</Name><Description/><MinRange>0</MinRange><MaxRange>0</MaxRange><Value xsi:type="Assignment"/><ReadOnly>false</ReadOnly><AlertXMLAssigned>false</AlertXMLAssigned></ContextItem><ContextItem><Name>CHECK_NETWORK_UPDATE_0</Name><Description/><MinRange>0</MinRange><MaxRange>0</MaxRange><Value xsi:type="IlluminatorSQLQueryObject"><Format>text/xml</Format><Timeout>60</Timeout><QueryTemplate>MII/REPORT/CHECK_NETWORK_UPDATE</QueryTemplate><ResultSet/><QueryEndDate>2023-08-11T12:28:51</QueryEndDate><Results><ReferenceDocumentSource/>&lt;?xml version="1.0" encoding="UTF-8"?&gt;&lt;Rowsets CachedTime="" DateCreated="2023-08-11T15:52:01" EndDate="2023-08-11T15:52:01" StartDate="2023-08-11T14:52:01" Version="15.5 SP0 Patch 14 (Dec 23, 2022)"&gt;&lt;Rowset&gt;&lt;Columns&gt;&lt;Column Description="errorCodeD" MaxRange="1" MinRange="0" Name="errorCodeD" SQLDataType="4" SourceColumn="errorCodeD"/&gt;&lt;Column Description="errorCodeN" MaxRange="1" MinRange="0" Name="errorCodeN" SQLDataType="4" SourceColumn="errorCodeN"/&gt;&lt;/Columns&gt;&lt;Row&gt;&lt;errorCodeD&gt;0&lt;/errorCodeD&gt;&lt;errorCodeN&gt;1&lt;/errorCodeN&gt;&lt;/Row&gt;&lt;/Rowset&gt;&lt;/Rowsets&gt;</Results><TagList/><QueryParameters/><SQLTransaction/><QueryStartDate>2023-08-11T12:28:51</QueryStartDate><ResultsAsString/></Value><SchemaURI/><SchemaElement/><ValidateXMLOnExecution>1</ValidateXMLOnExecution><ReadOnly>false</ReadOnly><AlertXMLAssigned>false</AlertXMLAssigned></ContextItem><ContextItem><Name>Tracer_1</Name><Description/><MinRange>0</MinRange><MaxRange>0</MaxRange><Value xsi:type="Tracer"><Message/><Level>INFO</Level></Value><ReadOnly>false</ReadOnly><AlertXMLAssigned>false</AlertXMLAssigned></ContextItem><ContextItem><Name>Tracer_2</Name><Description/><MinRange>0</MinRange><MaxRange>0</MaxRange><Value xsi:type="Tracer"><Message/><Level>INFO</Level></Value><ReadOnly>false</ReadOnly><AlertXMLAssigned>false</AlertXMLAssigned></ContextItem><ContextItem><Name>Tracer_0</Name><Description/><MinRange>0</MinRange><MaxRange>0</MaxRange><Value xsi:type="Tracer"><Message/><Level>INFO</Level></Value><ReadOnly>false</ReadOnly><AlertXMLAssigned>false</AlertXMLAssigned></ContextItem><ContextItem><Name>UPD_NETWORK_QRY_0</Name><Description/><MinRange>0</MinRange><MaxRange>0</MaxRange><Value xsi:type="IlluminatorSQLQueryObject"><Format>text/xml</Format><Timeout>60</Timeout><QueryTemplate>MII/REPORT/UPD_NETWORK_QRY</QueryTemplate><ResultSet/><QueryEndDate>2023-08-01T17:46:52</QueryEndDate><Results><ReferenceDocumentSource/>&lt;?xml version="1.0" encoding="UTF-8"?&gt;&lt;Rowsets CachedTime="" DateCreated="2023-08-01T17:46:52" EndDate="2023-08-01T17:46:52" StartDate="2023-08-01T16:46:52" Version="15.5 SP0 Patch 14 (Dec 23, 2022)"&gt;&lt;FatalError&gt;com.sybase.jdbc4.jdbc.SybSQLException: Incorrect syntax near the keyword 'INSERT'.&#13;
&lt;/FatalError&gt;&lt;/Rowsets&gt;</Results><TagList/><QueryParameters/><SQLTransaction/><QueryStartDate>2023-08-01T17:46:52</QueryStartDate><ResultsAsString/></Value><SchemaURI/><SchemaElement/><ValidateXMLOnExecution>1</ValidateXMLOnExecution><ReadOnly>false</ReadOnly><AlertXMLAssigned>false</AlertXMLAssigned></ContextItem><ContextItem><Name>Assignment_0</Name><Description/><MinRange>0</MinRange><MaxRange>0</MaxRange><Value xsi:type="Assignment"/><ReadOnly>false</ReadOnly><AlertXMLAssigned>false</AlertXMLAssigned></ContextItem><ContextItem><Name>end</Name><Description/><MinRange>0</MinRange><MaxRange>0</MaxRange><Value xsi:type="SAPJCOEndSession"><SourceSession>connect</SourceSession></Value><ReadOnly>false</ReadOnly><AlertXMLAssigned>false</AlertXMLAssigned></ContextItem></Actions><ReaderRoles>SAP_XMII_Super_Administrator,SAP_XMII_Administrator,SAP_XMII_Developer,SAP_XMII_User</ReaderRoles><Steps><Step xsi:type="ActionSequence"><Name>Sequence</Name><Description/><Steps><Step xsi:type="ActionSequence"><Name>Sequence_10</Name><Description/><Steps><Step xsi:type="ActionSequence"><Name>Sequence_14</Name><Description/><Steps><Step xsi:type="ActionSequence"><Name>Sequence_22</Name><Description/><Steps><Step xsi:type="ActionSequence"><Name>Sequence_23</Name><Description/><Steps/><Actions><Action><Name>Tracer_1</Name><Description> </Description><Expiration>Sequence_2</Expiration><IncomingLinks><Assign xsi:type="Assign"><Name/><Description/><To>Tracer_1.Message</To><From>Local.errorCodeD &amp; "   -  "&amp; Local.errorCodeN</From></Assign></IncomingLinks><OutgoingLinks/></Action></Actions></Step></Steps><Actions><Action><Name>CHECK_NETWORK_UPDATE_0</Name><Description>SQL Query</Description><Expiration>Sequence_23</Expiration><IncomingLinks><Assign xsi:type="Assign"><Name/><Description/><To>CHECK_NETWORK_UPDATE_0.Param.1</To><From>Transaction.I_GUID</From></Assign><Assign xsi:type="Assign"><Name/><Description/><To>CHECK_NETWORK_UPDATE_0.Param.2</To><From>Transaction.I_START_TIME</From></Assign><Assign xsi:type="Assign"><Name/><Description/><To>CHECK_NETWORK_UPDATE_0.Param.3</To><From>Transaction.I_END_TIME</From></Assign><Assign xsi:type="Assign"><Name/><Description/><To>CHECK_NETWORK_UPDATE_0.Param.4</To><From>Transaction.I_OPERATOR</From></Assign><Assign xsi:type="Assign"><Name/><Description/><To>CHECK_NETWORK_UPDATE_0.Param.5</To><From>Transaction.I_ID</From></Assign></IncomingLinks><OutgoingLinks><Assign xsi:type="Assign"><Name/><Description/><To>Local.errorCodeD</To><From>CHECK_NETWORK_UPDATE_0.Results{/Rowsets/Rowset/Row/errorCodeD}</From></Assign><Assign xsi:type="Assign"><Name/><Description/><To>Local.errorCodeN</To><From>CHECK_NETWORK_UPDATE_0.Results{/Rowsets/Rowset/Row/errorCodeN}</From></Assign></OutgoingLinks></Action></Actions></Step></Steps><Actions/></Step><Step xsi:type="Conditional"><Name>Sequence_2</Name><Description/><Steps><Step xsi:type="ActionSequence"><Name>Sequence_26</Name><Description/><Steps><Step xsi:type="ActionSequence"><Name>Sequence_5</Name><Description/><Steps><Step xsi:type="ActionSequence"><Name>Sequence_15</Name><Description/><Steps><Step xsi:type="ActionSequence"><Name>Sequence_12</Name><Description/><Steps><Step xsi:type="Repeater"><Name>Sequence_11</Name><Description/><Steps><Step xsi:type="Conditional"><Name>Sequence_8</Name><Description/><Steps><Step xsi:type="ActionSequence"><Name>Sequence_9</Name><Description/><Steps><Step xsi:type="ActionSequence"><Name>Sequence_25</Name><Description/><Steps/><Actions><Action><Name>Tracer_2</Name><Description> </Description><Expiration/><IncomingLinks><Assign xsi:type="Assign"><Name/><Description/><To>Tracer_2.Message</To><From>Local.PROJECT_DEFINITION&amp;"  "&amp;Local.OPERATION_DESCRIPTION</From></Assign></IncomingLinks><OutgoingLinks/></Action></Actions></Step></Steps><Actions><Action><Name>Assignment_1</Name><Description> </Description><Expiration/><IncomingLinks/><OutgoingLinks><Assign xsi:type="Assign"><Name/><Description/><To>Local.WORK_CENTER</To><From>Repeater_0.Output{/item/WORK_CNTR}</From></Assign><Assign xsi:type="Assign"><Name/><Description/><To>Local.OPERATION_DESCRIPTION</To><From>Repeater_0.Output{/item/DESCRIPTION}</From></Assign></OutgoingLinks></Action></Actions></Step></Steps><Actions><Action><Name>Conditional_0</Name><Description> </Description><Expiration/><IncomingLinks><Assign xsi:type="Assign"><Name/><Description/><To>Conditional_0.Input1</To><From>Transaction.I_OPERATION==Repeater_0.Output{/item/ACTIVITY}</From></Assign></IncomingLinks><OutgoingLinks/></Action></Actions></Step></Steps><Actions><Action><Name>Repeater_0</Name><Description> </Description><Expiration>Sequence_17</Expiration><IncomingLinks/><OutgoingLinks/></Action></Actions></Step></Steps><Actions><Action><Name>Assignment_2</Name><Description> </Description><Expiration>Sequence_17</Expiration><IncomingLinks/><OutgoingLinks><Assign xsi:type="Assign"><Name/><Description/><To>Local.PROJECT_DEFINITION</To><From>SAP_BAPI_NETWORK_GETDETAIL.Response{/BAPI_NETWORK_GETDETAIL/TABLES/E_NETWORK/item/PROJECT_DEFINITION}</From></Assign><Assign xsi:type="Assign"><Name/><Description/><To>Local.WBS_ELEMENT</To><From>SAP_BAPI_NETWORK_GETDETAIL.Response{/BAPI_NETWORK_GETDETAIL/TABLES/E_NETWORK/item/WBS_ELEMENT}</From></Assign><Assign xsi:type="Assign"><Name/><Description/><To>Local.SHORT_TEXT</To><From>SAP_BAPI_NETWORK_GETDETAIL.Response{/BAPI_NETWORK_GETDETAIL/TABLES/E_NETWORK/item/SHORT_TEXT}</From></Assign></OutgoingLinks></Action></Actions></Step></Steps><Actions><Action><Name>SAP_BAPI_NETWORK_GETDETAIL</Name><Description> </Description><Expiration>Sequence_17</Expiration><IncomingLinks><Assign xsi:type="Assign"><Name/><Description/><To>SAP_BAPI_NETWORK_GETDETAIL.Request{/BAPI_NETWORK_GETDETAIL/INPUT/NUMBER}</To><From>Transaction.I_NETWORK</From></Assign></IncomingLinks><OutgoingLinks/></Action></Actions></Step></Steps><Actions><Action><Name>connect</Name><Description> </Description><Expiration>Sequence_17</Expiration><IncomingLinks/><OutgoingLinks/></Action></Actions></Step><Step xsi:type="ActionSequence"><Name>Sequence_6</Name><Description/><Steps><Step xsi:type="ActionSequence"><Name>Sequence_0</Name><Description/><Steps><Step xsi:type="ActionSequence"><Name>Sequence_13</Name><Description/><Steps><Step xsi:type="ActionSequence"><Name>Sequence_1</Name><Description/><Steps><Step xsi:type="ActionSequence"><Name>Sequence_28</Name><Description/><Steps/><Actions><Action><Name>end</Name><Description> </Description><Expiration>Sequence_17</Expiration><IncomingLinks/><OutgoingLinks/></Action></Actions></Step></Steps><Actions><Action><Name>Assignment_0</Name><Description> </Description><Expiration>Sequence_17</Expiration><IncomingLinks/><OutgoingLinks><Assign xsi:type="Assign"><Name/><Description/><To>Transaction.O_JSON</To><From>"AĞ PLANI DÜZENLENMİŞTİR."</From></Assign></OutgoingLinks></Action></Actions></Step></Steps><Actions/></Step></Steps><Actions><Action><Name>UPD_NETWORK_QRY_0</Name><Description>SQL Query</Description><Expiration>Sequence_17</Expiration><IncomingLinks><Assign xsi:type="Assign"><Name/><Description/><To>UPD_NETWORK_QRY_0.Param.1</To><From>Transaction.I_ID</From></Assign><Assign xsi:type="Assign"><Name/><Description/><To>UPD_NETWORK_QRY_0.Param.2</To><From>Transaction.I_NETWORK</From></Assign><Assign xsi:type="Assign"><Name/><Description/><To>UPD_NETWORK_QRY_0.Param.3</To><From>Transaction.I_START_TIME</From></Assign><Assign xsi:type="Assign"><Name/><Description/><To>UPD_NETWORK_QRY_0.Param.4</To><From>Transaction.I_END_TIME</From></Assign><Assign xsi:type="Assign"><Name/><Description/><To>UPD_NETWORK_QRY_0.Param.5</To><From>Transaction.I_OPERATION</From></Assign><Assign xsi:type="Assign"><Name/><Description/><To>UPD_NETWORK_QRY_0.Param.6</To><From>Local.WORK_CENTER</From></Assign><Assign xsi:type="Assign"><Name/><Description/><To>UPD_NETWORK_QRY_0.Param.7</To><From>Transaction.I_SUB_CATEGORY</From></Assign><Assign xsi:type="Assign"><Name/><Description/><To>UPD_NETWORK_QRY_0.Param.8</To><From>Local.SHORT_TEXT</From></Assign><Assign xsi:type="Assign"><Name/><Description/><To>UPD_NETWORK_QRY_0.Param.9</To><From>Local.WBS_ELEMENT</From></Assign><Assign xsi:type="Assign"><Name/><Description/><To>UPD_NETWORK_QRY_0.Param.10</To><From>Local.PROJECT_DEFINITION</From></Assign><Assign xsi:type="Assign"><Name/><Description/><To>UPD_NETWORK_QRY_0.Param.11</To><From>Local.OPERATION_DESCRIPTION</From></Assign></IncomingLinks><OutgoingLinks/></Action></Actions></Step></Steps><Actions><Action><Name>Tracer_0</Name><Description> </Description><Expiration>Sequence_17</Expiration><IncomingLinks><Assign xsi:type="Assign"><Name/><Description/><To>Tracer_0.Message</To><From>Local.PROJECT_DEFINITION&amp;"    "&amp;Local.SHORT_TEXT&amp;"    "&amp;Local.WBS_ELEMENT&amp;"    "&amp;Local.WORK_CENTER
&amp;"    "&amp;Transaction.I_END_TIME</From></Assign></IncomingLinks><OutgoingLinks/></Action></Actions></Step></Steps><Actions/></Step><Step xsi:type="ActionSequence"><Name>Sequence_17</Name><Description/><Steps><Step xsi:type="Conditional"><Name>Sequence_18</Name><Description/><Steps><Step xsi:type="ActionSequence"><Name>Sequence_19</Name><Description/><Steps/><Actions><Action><Name>Assignment_3</Name><Description> </Description><Expiration/><IncomingLinks/><OutgoingLinks><Assign xsi:type="Assign"><Name/><Description/><To>Transaction.O_JSON</To><From>"Güncellenmek istenen tarih aralığı dışında duruş mevcut. Lütfen tarihleri kontrol edip tekrar deneyin."</From></Assign></OutgoingLinks></Action></Actions></Step></Steps><Actions><Action><Name>Conditional_3</Name><Description> </Description><Expiration>Sequence_19</Expiration><IncomingLinks><Assign xsi:type="Assign"><Name/><Description/><To>Conditional_3.Input1</To><From>Local.errorCodeD&gt;0</From></Assign></IncomingLinks><OutgoingLinks/></Action></Actions></Step><Step xsi:type="Conditional"><Name>Sequence_20</Name><Description/><Steps><Step xsi:type="ActionSequence"><Name>Sequence_21</Name><Description/><Steps/><Actions><Action><Name>Assignment_4</Name><Description> </Description><Expiration/><IncomingLinks/><OutgoingLinks><Assign xsi:type="Assign"><Name/><Description/><To>Transaction.O_JSON</To><From>"Güncellenmek istenen tarihi aralığında aynı operatörün başka bir ağ planı çalışması mevcut Lütfen tarihleri kontrol edip tekrar deneyin."</From></Assign></OutgoingLinks></Action></Actions></Step></Steps><Actions><Action><Name>Conditional_2</Name><Description> </Description><Expiration>Sequence_21</Expiration><IncomingLinks><Assign xsi:type="Assign"><Name/><Description/><To>Conditional_2.Input1</To><From>Local.errorCodeN&gt;0</From></Assign></IncomingLinks><OutgoingLinks/></Action></Actions></Step></Steps><Actions/></Step></Steps><Actions><Action><Name>Conditional_1</Name><Description> </Description><Expiration>Sequence_26</Expiration><IncomingLinks><Assign xsi:type="Assign"><Name/><Description/><To>Conditional_1.Input1</To><From>(Local.errorCodeD==0) and (Local.errorCodeN==0)</From></Assign></IncomingLinks><OutgoingLinks/></Action></Actions></Step></Steps><Actions/></Step><Step xsi:type="Catch"><Name>Sequence_3</Name><Description/><Steps><Step xsi:type="ActionSequence"><Name>Sequence_4</Name><Description/><Steps/><Actions><Action><Name>Terminate_Transaction_0</Name><Description> </Description><Expiration/><IncomingLinks><Assign xsi:type="Assign"><Name/><Description/><To>Terminate_Transaction_0.TerminationMessage</To><From>Catch_0.Message</From></Assign></IncomingLinks><OutgoingLinks/></Action></Actions></Step></Steps><Actions><Action><Name>Catch_0</Name><Description>Catches an exception</Description><Expiration>Sequence_4</Expiration><IncomingLinks/><OutgoingLinks/></Action></Actions></Step></Steps><Actions/></Step></Steps></Transaction>