<?xml version="1.0" encoding="UTF-8" standalone="no"?><Transaction xmlns:xsd="http://www.w3.org/2001/XMLSchema" xmlns:xsi="http://www.w3.org/2001/XMLSchema-instance" Version="15.5.0.14"><TransactionAttributes><ContextItem><Name>Description</Name><Description>Transaction Description</Description><MinRange>0</MinRange><MaxRange>0</MaxRange><Value xsi:type="string"/><ReadOnly>true</ReadOnly><AlertXMLAssigned>false</AlertXMLAssigned></ContextItem><ContextItem><Name>Comments</Name><Description>User Comments</Description><MinRange>0</MinRange><MaxRange>0</MaxRange><Value xsi:type="string"/><ReadOnly>true</ReadOnly><AlertXMLAssigned>false</AlertXMLAssigned></ContextItem><ContextItem><Name>CreatedBy</Name><Description>Created By</Description><MinRange>0</MinRange><MaxRange>0</MaxRange><Value xsi:type="string">Administrator</Value><ReadOnly>true</ReadOnly><AlertXMLAssigned>false</AlertXMLAssigned></ContextItem><ContextItem><Name>CreationDate</Name><Description>Creation Date</Description><MinRange>0</MinRange><MaxRange>0</MaxRange><Value xsi:type="dateTime">2023-07-12T12:39:28</Value><ReadOnly>true</ReadOnly><AlertXMLAssigned>false</AlertXMLAssigned></ContextItem><ContextItem><Name>Category</Name><Description>Transaction Category</Description><MinRange>0</MinRange><MaxRange>0</MaxRange><Value xsi:type="string"/><ReadOnly>true</ReadOnly><AlertXMLAssigned>false</AlertXMLAssigned></ContextItem><ContextItem><Name>Status</Name><Description>Deployment Status</Description><MinRange>0</MinRange><MaxRange>0</MaxRange><Value xsi:type="string">DEVELOPMENT</Value><ReadOnly>true</ReadOnly><AlertXMLAssigned>false</AlertXMLAssigned></ContextItem><ContextItem><Name>LegacyProcessingMode</Name><Description>Support the pre MII 12.1 Transaction Engine.</Description><MinRange>0</MinRange><MaxRange>0</MaxRange><Value xsi:type="boolean">0</Value><ReadOnly>true</ReadOnly><AlertXMLAssigned>false</AlertXMLAssigned></ContextItem><ContextItem><Name>AutoAppendBlankNamespaces</Name><Description>AutoAppendBlankNamespaces</Description><MinRange>0</MinRange><MaxRange>0</MaxRange><Value xsi:type="boolean">1</Value><ReadOnly>true</ReadOnly><AlertXMLAssigned>false</AlertXMLAssigned></ContextItem><ContextItem><Name>ThrowOnLinkError</Name><Description>Throws an exception when a link error occures</Description><MinRange>0</MinRange><MaxRange>0</MaxRange><Value xsi:type="boolean">0</Value><ReadOnly>true</ReadOnly><AlertXMLAssigned>false</AlertXMLAssigned></ContextItem><ContextItem><Name>ThrowOnActionError</Name><Description>Throws an exception when an action error occurs</Description><MinRange>0</MinRange><MaxRange>0</MaxRange><Value xsi:type="boolean">1</Value><ReadOnly>true</ReadOnly><AlertXMLAssigned>false</AlertXMLAssigned></ContextItem><ContextItem><Name>FormatXMLOnConversion</Name><Description>By default XML will be formatted when assigned from XML data type to String data type. This behaviour can be changed with this flag.</Description><MinRange>0</MinRange><MaxRange>0</MaxRange><Value xsi:type="boolean">1</Value><ReadOnly>true</ReadOnly><AlertXMLAssigned>false</AlertXMLAssigned></ContextItem><ContextItem><Name>LastEditedBy</Name><Description>Last Edited By</Description><MinRange>0</MinRange><MaxRange>0</MaxRange><Value xsi:type="xsd:string">Administrator</Value><ReadOnly>true</ReadOnly><AlertXMLAssigned>false</AlertXMLAssigned></ContextItem><ContextItem><Name>LastEditedDate</Name><Description>Last Edited Date</Description><MinRange>0</MinRange><MaxRange>0</MaxRange><Value xsi:type="xsd:dateTime">2023-12-21T10:37:07</Value><ReadOnly>true</ReadOnly><AlertXMLAssigned>false</AlertXMLAssigned></ContextItem></TransactionAttributes><Name>MII/REPORT/INS_NETWORK/T_HIST_DOWNTIME_LIST</Name><Version>11</Version><WriterRoles>SAP_XMII_Super_Administrator,SAP_XMII_Administrator,SAP_XMII_Developer</WriterRoles><Context><ContextItem><Name>I_GUID</Name><Description/><MinRange>0</MinRange><MaxRange>0</MaxRange><Value xsi:type="string">c63c837c-8dda-4a01-8a40-86052106646a</Value><ReadOnly>false</ReadOnly><AlertXMLAssigned>false</AlertXMLAssigned></ContextItem><ContextItem><Name>O_JSON</Name><Description/><MinRange>0</MinRange><MaxRange>0</MaxRange><Value xsi:type="string"/><ReadOnly>true</ReadOnly><AlertXMLAssigned>false</AlertXMLAssigned></ContextItem></Context><Local/><Layout><GUILayoutItem><Name>Sequence</Name><X>8</X><Y>144</Y><Width>120</Width><SpacingWidth>120</SpacingWidth><DescendantWidth>120</DescendantWidth><Height>96</Height></GUILayoutItem><GUILayoutItem><Name>Sequence_0</Name><X>8</X><Y>8</Y><Width>120</Width><SpacingWidth>120</SpacingWidth><DescendantWidth>120</DescendantWidth><Height>96</Height></GUILayoutItem><GUILayoutItem><Name>Sequence_1</Name><X>8</X><Y>280</Y><Width>120</Width><SpacingWidth>120</SpacingWidth><DescendantWidth>120</DescendantWidth><Height>96</Height></GUILayoutItem><GUILayoutItem><Name>XML_To_Json_Converter_0</Name><X>16</X><Y>296</Y><Width>104</Width><SpacingWidth>0</SpacingWidth><DescendantWidth>0</DescendantWidth><Height>72</Height></GUILayoutItem><GUILayoutItem><Name>Sequence_2</Name><X>8</X><Y>416</Y><Width>120</Width><SpacingWidth>120</SpacingWidth><DescendantWidth>0</DescendantWidth><Height>96</Height></GUILayoutItem><GUILayoutItem><Name>Tracer_0</Name><X>16</X><Y>432</Y><Width>104</Width><SpacingWidth>0</SpacingWidth><DescendantWidth>0</DescendantWidth><Height>72</Height></GUILayoutItem><GUILayoutItem><Name>SLC_HIST_DOWNTIME_QRY_0</Name><X>16</X><Y>160</Y><Width>104</Width><SpacingWidth>0</SpacingWidth><DescendantWidth>0</DescendantWidth><Height>72</Height></GUILayoutItem></Layout><Actions><ContextItem><Name>XML_To_Json_Converter_0</Name><Description/><MinRange>0</MinRange><MaxRange>0</MaxRange><Value xsi:type="XMLToJson"><InputPath/><InputContent/><RootExclude>false</RootExclude></Value><ReadOnly>false</ReadOnly><AlertXMLAssigned>false</AlertXMLAssigned></ContextItem><ContextItem><Name>Tracer_0</Name><Description/><MinRange>0</MinRange><MaxRange>0</MaxRange><Value xsi:type="Tracer"><Message/><Level>INFO</Level></Value><ReadOnly>false</ReadOnly><AlertXMLAssigned>false</AlertXMLAssigned></ContextItem><ContextItem><Name>SLC_HIST_DOWNTIME_QRY_0</Name><Description/><MinRange>0</MinRange><MaxRange>0</MaxRange><Value xsi:type="IlluminatorSQLQueryObject"><Format>text/xml</Format><Timeout>60</Timeout><ResultsAsString/><QueryStartDate>2023-08-01T11:16:57</QueryStartDate><SQLTransaction/><QueryParameters/><ResultSet/><TagList/><Results><ReferenceDocumentSource/>&lt;?xml version="1.0" encoding="UTF-8"?&gt;&lt;Rowsets CachedTime="" DateCreated="2023-12-21T10:37:05" EndDate="2023-12-21T10:37:05" StartDate="2023-12-21T09:37:05" Version="15.5 SP0 Patch 14 (Dec 23, 2022)"&gt;&lt;Rowset&gt;&lt;Columns&gt;&lt;Column Description="ID" MaxRange="1" MinRange="0" Name="ID" SQLDataType="4" SourceColumn="ID"/&gt;&lt;Column Description="START_TIME" MaxRange="1" MinRange="0" Name="START_TIME" SQLDataType="12" SourceColumn="START_TIME"/&gt;&lt;Column Description="END_TIME" MaxRange="1" MinRange="0" Name="END_TIME" SQLDataType="12" SourceColumn="END_TIME"/&gt;&lt;Column Description="REASON_ID" MaxRange="1" MinRange="0" Name="REASON_ID" SQLDataType="4" SourceColumn="REASON_ID"/&gt;&lt;Column Description="PLANNED" MaxRange="1" MinRange="0" Name="PLANNED" SQLDataType="4" SourceColumn="PLANNED"/&gt;&lt;Column Description="PLANNEDTEXT" MaxRange="1" MinRange="0" Name="PLANNEDTEXT" SQLDataType="12" SourceColumn="PLANNEDTEXT"/&gt;&lt;Column Description="GUID" MaxRange="1" MinRange="0" Name="GUID" SQLDataType="-1" SourceColumn="GUID"/&gt;&lt;Column Description="REASON" MaxRange="1" MinRange="0" Name="REASON" SQLDataType="-1" SourceColumn="REASON"/&gt;&lt;Column Description="NETWORK" MaxRange="1" MinRange="0" Name="NETWORK" SQLDataType="12" SourceColumn="NETWORK"/&gt;&lt;Column Description="OPERATION" MaxRange="1" MinRange="0" Name="OPERATION" SQLDataType="12" SourceColumn="OPERATION"/&gt;&lt;Column Description="DIFF" MaxRange="1" MinRange="0" Name="DIFF" SQLDataType="4" SourceColumn="DIFF"/&gt;&lt;/Columns&gt;&lt;Row&gt;&lt;ID&gt;79&lt;/ID&gt;&lt;START_TIME&gt;2023-12-14 10:30:00&lt;/START_TIME&gt;&lt;END_TIME&gt;2023-12-12 10:40:00&lt;/END_TIME&gt;&lt;REASON_ID&gt;7&lt;/REASON_ID&gt;&lt;PLANNED&gt;0&lt;/PLANNED&gt;&lt;PLANNEDTEXT&gt;PLANSIZ&lt;/PLANNEDTEXT&gt;&lt;GUID&gt;c63c837c-8dda-4a01-8a40-86052106646a&lt;/GUID&gt;&lt;REASON&gt;WC-IHTIYAC&lt;/REASON&gt;&lt;NETWORK&gt;4010029&lt;/NETWORK&gt;&lt;OPERATION&gt;0060&lt;/OPERATION&gt;&lt;DIFF&gt;-2870&lt;/DIFF&gt;&lt;/Row&gt;&lt;Row&gt;&lt;ID&gt;80&lt;/ID&gt;&lt;START_TIME&gt;2023-12-14 10:30:00&lt;/START_TIME&gt;&lt;END_TIME&gt;2023-12-14 10:40:00&lt;/END_TIME&gt;&lt;REASON_ID&gt;6&lt;/REASON_ID&gt;&lt;PLANNED&gt;0&lt;/PLANNED&gt;&lt;PLANNEDTEXT&gt;PLANSIZ&lt;/PLANNEDTEXT&gt;&lt;GUID&gt;c63c837c-8dda-4a01-8a40-86052106646a&lt;/GUID&gt;&lt;REASON&gt;ARIZA&lt;/REASON&gt;&lt;NETWORK&gt;4010029&lt;/NETWORK&gt;&lt;OPERATION&gt;0060&lt;/OPERATION&gt;&lt;DIFF&gt;10&lt;/DIFF&gt;&lt;/Row&gt;&lt;/Rowset&gt;&lt;/Rowsets&gt;</Results><QueryEndDate>2023-08-01T11:16:57</QueryEndDate><QueryTemplate>MII/REPORT/INS_NETWORK/SLC_HIST_DOWNTIME_QRY</QueryTemplate></Value><SchemaURI/><SchemaElement/><ValidateXMLOnExecution>1</ValidateXMLOnExecution><ReadOnly>false</ReadOnly><AlertXMLAssigned>false</AlertXMLAssigned></ContextItem></Actions><ReaderRoles>SAP_XMII_Super_Administrator,SAP_XMII_Administrator,SAP_XMII_Developer,SAP_XMII_User</ReaderRoles><Steps><Step xsi:type="ActionSequence"><Name>Sequence_0</Name><Description/><Steps><Step xsi:type="ActionSequence"><Name>Sequence</Name><Description/><Steps><Step xsi:type="ActionSequence"><Name>Sequence_1</Name><Description/><Steps><Step xsi:type="ActionSequence"><Name>Sequence_2</Name><Description/><Steps/><Actions><Action><Name>Tracer_0</Name><Description> </Description><Expiration/><IncomingLinks><Assign xsi:type="Assign"><Name/><Description/><To>Tracer_0.Message</To><From>Transaction.O_JSON</From></Assign></IncomingLinks><OutgoingLinks/></Action></Actions></Step></Steps><Actions><Action><Name>XML_To_Json_Converter_0</Name><Description>XML To Json</Description><Expiration>Sequence_2</Expiration><IncomingLinks><Assign xsi:type="Assign"><Name/><Description/><To>XML_To_Json_Converter_0.InputContent</To><From>SLC_HIST_DOWNTIME_QRY_0.Results</From></Assign></IncomingLinks><OutgoingLinks><Assign xsi:type="Assign"><Name/><Description/><To>Transaction.O_JSON</To><From>Transaction.O_JSON&amp;XML_To_Json_Converter_0.Output</From></Assign></OutgoingLinks></Action></Actions></Step></Steps><Actions><Action><Name>SLC_HIST_DOWNTIME_QRY_0</Name><Description>SQL Query</Description><Expiration>Sequence_2</Expiration><IncomingLinks><Assign xsi:type="Assign"><Name/><Description/><To>SLC_HIST_DOWNTIME_QRY_0.Param.1</To><From>Transaction.I_GUID</From></Assign></IncomingLinks><OutgoingLinks/></Action></Actions></Step></Steps><Actions/></Step></Steps></Transaction>