<?xml version="1.0" encoding="UTF-8" standalone="no"?><Transaction xmlns:xsd="http://www.w3.org/2001/XMLSchema" xmlns:xsi="http://www.w3.org/2001/XMLSchema-instance" Version="15.5.0.14"><TransactionAttributes><ContextItem><Name>Description</Name><Description>Transaction Description</Description><MinRange>0</MinRange><MaxRange>0</MaxRange><Value xsi:type="string"/><ReadOnly>true</ReadOnly><AlertXMLAssigned>false</AlertXMLAssigned></ContextItem><ContextItem><Name>Comments</Name><Description>User Comments</Description><MinRange>0</MinRange><MaxRange>0</MaxRange><Value xsi:type="string"/><ReadOnly>true</ReadOnly><AlertXMLAssigned>false</AlertXMLAssigned></ContextItem><ContextItem><Name>CreatedBy</Name><Description>Created By</Description><MinRange>0</MinRange><MaxRange>0</MaxRange><Value xsi:type="string">Administrator</Value><ReadOnly>true</ReadOnly><AlertXMLAssigned>false</AlertXMLAssigned></ContextItem><ContextItem><Name>CreationDate</Name><Description>Creation Date</Description><MinRange>0</MinRange><MaxRange>0</MaxRange><Value xsi:type="dateTime">2023-07-12T12:39:28</Value><ReadOnly>true</ReadOnly><AlertXMLAssigned>false</AlertXMLAssigned></ContextItem><ContextItem><Name>Category</Name><Description>Transaction Category</Description><MinRange>0</MinRange><MaxRange>0</MaxRange><Value xsi:type="string"/><ReadOnly>true</ReadOnly><AlertXMLAssigned>false</AlertXMLAssigned></ContextItem><ContextItem><Name>Status</Name><Description>Deployment Status</Description><MinRange>0</MinRange><MaxRange>0</MaxRange><Value xsi:type="string">DEVELOPMENT</Value><ReadOnly>true</ReadOnly><AlertXMLAssigned>false</AlertXMLAssigned></ContextItem><ContextItem><Name>LegacyProcessingMode</Name><Description>Support the pre MII 12.1 Transaction Engine.</Description><MinRange>0</MinRange><MaxRange>0</MaxRange><Value xsi:type="boolean">0</Value><ReadOnly>true</ReadOnly><AlertXMLAssigned>false</AlertXMLAssigned></ContextItem><ContextItem><Name>AutoAppendBlankNamespaces</Name><Description>AutoAppendBlankNamespaces</Description><MinRange>0</MinRange><MaxRange>0</MaxRange><Value xsi:type="boolean">1</Value><ReadOnly>true</ReadOnly><AlertXMLAssigned>false</AlertXMLAssigned></ContextItem><ContextItem><Name>ThrowOnLinkError</Name><Description>Throws an exception when a link error occures</Description><MinRange>0</MinRange><MaxRange>0</MaxRange><Value xsi:type="boolean">0</Value><ReadOnly>true</ReadOnly><AlertXMLAssigned>false</AlertXMLAssigned></ContextItem><ContextItem><Name>ThrowOnActionError</Name><Description>Throws an exception when an action error occurs</Description><MinRange>0</MinRange><MaxRange>0</MaxRange><Value xsi:type="boolean">1</Value><ReadOnly>true</ReadOnly><AlertXMLAssigned>false</AlertXMLAssigned></ContextItem><ContextItem><Name>FormatXMLOnConversion</Name><Description>By default XML will be formatted when assigned from XML data type to String data type. This behaviour can be changed with this flag.</Description><MinRange>0</MinRange><MaxRange>0</MaxRange><Value xsi:type="boolean">1</Value><ReadOnly>true</ReadOnly><AlertXMLAssigned>false</AlertXMLAssigned></ContextItem><ContextItem><Name>LastEditedBy</Name><Description>Last Edited By</Description><MinRange>0</MinRange><MaxRange>0</MaxRange><Value xsi:type="xsd:string">KH_MII_YONETIM</Value><ReadOnly>true</ReadOnly><AlertXMLAssigned>false</AlertXMLAssigned></ContextItem><ContextItem><Name>LastEditedDate</Name><Description>Last Edited Date</Description><MinRange>0</MinRange><MaxRange>0</MaxRange><Value xsi:type="xsd:dateTime">2024-04-01T17:51:51</Value><ReadOnly>true</ReadOnly><AlertXMLAssigned>false</AlertXMLAssigned></ContextItem></TransactionAttributes><Name>MII/REPORT/INS_NETWORK/T_HIST_NETWORK_LIST</Name><Version>46</Version><WriterRoles>SAP_XMII_Super_Administrator,SAP_XMII_Administrator,SAP_XMII_Developer</WriterRoles><Context><ContextItem><Name>I_DATE_FILTER</Name><Description/><MinRange>0</MinRange><MaxRange>0</MaxRange><Value xsi:type="string">1</Value><ReadOnly>false</ReadOnly><AlertXMLAssigned>false</AlertXMLAssigned></ContextItem><ContextItem><Name>I_END_TIME</Name><Description/><MinRange>0</MinRange><MaxRange>0</MaxRange><Value xsi:type="string">2024-04-01</Value><ReadOnly>false</ReadOnly><AlertXMLAssigned>false</AlertXMLAssigned></ContextItem><ContextItem><Name>I_GUID</Name><Description/><MinRange>0</MinRange><MaxRange>0</MaxRange><Value xsi:type="string">YYY4</Value><ReadOnly>false</ReadOnly><AlertXMLAssigned>false</AlertXMLAssigned></ContextItem><ContextItem><Name>I_NETWORK_OPERATION</Name><Description/><MinRange>0</MinRange><MaxRange>0</MaxRange><Value xsi:type="string">NETWORK='4010029'and [HIST_NETWORK].OPERATION='0060'</Value><ReadOnly>false</ReadOnly><AlertXMLAssigned>false</AlertXMLAssigned></ContextItem><ContextItem><Name>I_SHIFT</Name><Description/><MinRange>0</MinRange><MaxRange>0</MaxRange><Value xsi:type="string">0</Value><ReadOnly>false</ReadOnly><AlertXMLAssigned>false</AlertXMLAssigned></ContextItem><ContextItem><Name>I_START_TIME</Name><Description/><MinRange>0</MinRange><MaxRange>0</MaxRange><Value xsi:type="string">2024-04-01</Value><ReadOnly>false</ReadOnly><AlertXMLAssigned>false</AlertXMLAssigned></ContextItem><ContextItem><Name>O_JSON</Name><Description/><MinRange>0</MinRange><MaxRange>0</MaxRange><Value xsi:type="string"/><ReadOnly>true</ReadOnly><AlertXMLAssigned>false</AlertXMLAssigned></ContextItem></Context><Local/><Layout><GUILayoutItem><Name>Sequence</Name><X>8</X><Y>280</Y><Width>120</Width><SpacingWidth>120</SpacingWidth><DescendantWidth>120</DescendantWidth><Height>96</Height></GUILayoutItem><GUILayoutItem><Name>Sequence_0</Name><X>152</X><Y>8</Y><Width>120</Width><SpacingWidth>408</SpacingWidth><DescendantWidth>408</DescendantWidth><Height>96</Height></GUILayoutItem><GUILayoutItem><Name>SLC_NETWORK_LIST_QRY_0</Name><X>16</X><Y>296</Y><Width>104</Width><SpacingWidth>0</SpacingWidth><DescendantWidth>0</DescendantWidth><Height>72</Height></GUILayoutItem><GUILayoutItem><Name>Sequence_3</Name><X>80</X><Y>144</Y><Width>120</Width><SpacingWidth>264</SpacingWidth><DescendantWidth>264</DescendantWidth><Height>96</Height></GUILayoutItem><GUILayoutItem><Name>Conditional_0</Name><X>88</X><Y>160</Y><Width>104</Width><SpacingWidth>0</SpacingWidth><DescendantWidth>0</DescendantWidth><Height>72</Height></GUILayoutItem><GUILayoutItem><Name>Sequence_4</Name><X>152</X><Y>280</Y><Width>120</Width><SpacingWidth>120</SpacingWidth><DescendantWidth>120</DescendantWidth><Height>96</Height></GUILayoutItem><GUILayoutItem><Name>Sequence_2</Name><X>296</X><Y>144</Y><Width>120</Width><SpacingWidth>120</SpacingWidth><DescendantWidth>0</DescendantWidth><Height>96</Height></GUILayoutItem><GUILayoutItem><Name>Tracer_0</Name><X>304</X><Y>160</Y><Width>104</Width><SpacingWidth>0</SpacingWidth><DescendantWidth>0</DescendantWidth><Height>72</Height></GUILayoutItem><GUILayoutItem><Name>SLC_NETWORK_LIST_QRY2_0</Name><X>160</X><Y>296</Y><Width>104</Width><SpacingWidth>0</SpacingWidth><DescendantWidth>0</DescendantWidth><Height>72</Height></GUILayoutItem><GUILayoutItem><Name>Sequence_6</Name><X>8</X><Y>416</Y><Width>120</Width><SpacingWidth>120</SpacingWidth><DescendantWidth>0</DescendantWidth><Height>96</Height></GUILayoutItem><GUILayoutItem><Name>XML_To_Json_Converter_0</Name><X>16</X><Y>432</Y><Width>104</Width><SpacingWidth>0</SpacingWidth><DescendantWidth>0</DescendantWidth><Height>72</Height></GUILayoutItem><GUILayoutItem><Name>Sequence_7</Name><X>152</X><Y>688</Y><Width>120</Width><SpacingWidth>120</SpacingWidth><DescendantWidth>0</DescendantWidth><Height>96</Height></GUILayoutItem><GUILayoutItem><Name>Sequence_1</Name><X>152</X><Y>416</Y><Width>120</Width><SpacingWidth>120</SpacingWidth><DescendantWidth>120</DescendantWidth><Height>96</Height></GUILayoutItem><GUILayoutItem><Name>Tracer_1</Name><X>160</X><Y>432</Y><Width>104</Width><SpacingWidth>0</SpacingWidth><DescendantWidth>0</DescendantWidth><Height>72</Height></GUILayoutItem><GUILayoutItem><Name>Sequence_5</Name><X>152</X><Y>552</Y><Width>120</Width><SpacingWidth>120</SpacingWidth><DescendantWidth>120</DescendantWidth><Height>96</Height></GUILayoutItem><GUILayoutItem><Name>XML_To_Json_Converter_1</Name><X>160</X><Y>568</Y><Width>104</Width><SpacingWidth>0</SpacingWidth><DescendantWidth>0</DescendantWidth><Height>72</Height></GUILayoutItem></Layout><Actions><ContextItem><Name>SLC_NETWORK_LIST_QRY_0</Name><Description/><MinRange>0</MinRange><MaxRange>0</MaxRange><Value xsi:type="IlluminatorSQLQueryObject"><Format>text/xml</Format><Timeout>60</Timeout><SQLTransaction/><ResultsAsString/><QueryTemplate>MII/REPORT/INS_NETWORK/SLC_NETWORK_LIST_QRY</QueryTemplate><ResultSet/><TagList/><QueryParameters/><QueryStartDate>2023-08-03T17:29:21</QueryStartDate><QueryEndDate>2023-08-03T17:29:21</QueryEndDate><Results><ReferenceDocumentSource/>&lt;?xml version="1.0" encoding="UTF-8"?&gt;&lt;Rowsets CachedTime="" DateCreated="2023-12-21T12:27:46" EndDate="2023-12-21T12:27:46" StartDate="2023-12-21T11:27:46" Version="15.5 SP0 Patch 14 (Dec 23, 2022)"&gt;&lt;Rowset&gt;&lt;Columns&gt;&lt;Column Description="ID" MaxRange="1" MinRange="0" Name="ID" SQLDataType="-5" SourceColumn="ID"/&gt;&lt;Column Description="NETWORK" MaxRange="1" MinRange="0" Name="NETWORK" SQLDataType="12" SourceColumn="NETWORK"/&gt;&lt;Column Description="START_TIME" MaxRange="1" MinRange="0" Name="START_TIME" SQLDataType="12" SourceColumn="START_TIME"/&gt;&lt;Column Description="END_TIME" MaxRange="1" MinRange="0" Name="END_TIME" SQLDataType="12" SourceColumn="END_TIME"/&gt;&lt;Column Description="OPERATION" MaxRange="1" MinRange="0" Name="OPERATION" SQLDataType="12" SourceColumn="OPERATION"/&gt;&lt;Column Description="WORK_CENTER" MaxRange="1" MinRange="0" Name="WORK_CENTER" SQLDataType="12" SourceColumn="WORK_CENTER"/&gt;&lt;Column Description="SUB_CATEGORY" MaxRange="1" MinRange="0" Name="SUB_CATEGORY" SQLDataType="12" SourceColumn="SUB_CATEGORY"/&gt;&lt;Column Description="ACTIVITY_TIME" MaxRange="1" MinRange="0" Name="ACTIVITY_TIME" SQLDataType="4" SourceColumn="ACTIVITY_TIME"/&gt;&lt;Column Description="UPTIME" MaxRange="1" MinRange="0" Name="UPTIME" SQLDataType="4" SourceColumn="UPTIME"/&gt;&lt;Column Description="PLANNED_TIME" MaxRange="1" MinRange="0" Name="PLANNED_TIME" SQLDataType="4" SourceColumn="PLANNED_TIME"/&gt;&lt;Column Description="UNPLANNED_TIME" MaxRange="1" MinRange="0" Name="UNPLANNED_TIME" SQLDataType="4" SourceColumn="UNPLANNED_TIME"/&gt;&lt;Column Description="SHORT_TEXT" MaxRange="1" MinRange="0" Name="SHORT_TEXT" SQLDataType="-1" SourceColumn="SHORT_TEXT"/&gt;&lt;Column Description="WBS_ELEMENT" MaxRange="1" MinRange="0" Name="WBS_ELEMENT" SQLDataType="-9" SourceColumn="WBS_ELEMENT"/&gt;&lt;Column Description="PROJECT_DEFINITION" MaxRange="1" MinRange="0" Name="PROJECT_DEFINITION" SQLDataType="-9" SourceColumn="PROJECT_DEFINITION"/&gt;&lt;Column Description="OPER_ID" MaxRange="1" MinRange="0" Name="OPER_ID" SQLDataType="4" SourceColumn="OPER_ID"/&gt;&lt;Column Description="OPER_NO" MaxRange="1" MinRange="0" Name="OPER_NO" SQLDataType="4" SourceColumn="OPER_NO"/&gt;&lt;Column Description="OPER_NAME" MaxRange="1" MinRange="0" Name="OPER_NAME" SQLDataType="12" SourceColumn="OPER_NAME"/&gt;&lt;Column Description="GUID" MaxRange="1" MinRange="0" Name="GUID" SQLDataType="-1" SourceColumn="GUID"/&gt;&lt;Column Description="OPERATION_DESCRIPTION" MaxRange="1" MinRange="0" Name="OPERATION_DESCRIPTION" SQLDataType="12" SourceColumn="OPERATION_DESCRIPTION"/&gt;&lt;Column Description="SUB_CATEGORY_DESCRIPTION" MaxRange="1" MinRange="0" Name="SUB_CATEGORY_DESCRIPTION" SQLDataType="12" SourceColumn="SUB_CATEGORY_DESCRIPTION"/&gt;&lt;Column Description="STATU" MaxRange="1" MinRange="0" Name="STATU" SQLDataType="12" SourceColumn="STATU"/&gt;&lt;Column Description="PERFORMANCE" MaxRange="1" MinRange="0" Name="PERFORMANCE" SQLDataType="4" SourceColumn="PERFORMANCE"/&gt;&lt;/Columns&gt;&lt;Row&gt;&lt;ID&gt;1&lt;/ID&gt;&lt;NETWORK&gt;4010029&lt;/NETWORK&gt;&lt;START_TIME&gt;2023-07-19 14:26:40&lt;/START_TIME&gt;&lt;END_TIME&gt;2023-07-26 15:21:56&lt;/END_TIME&gt;&lt;OPERATION&gt;0030&lt;/OPERATION&gt;&lt;WORK_CENTER&gt;2DISLEME&lt;/WORK_CENTER&gt;&lt;SUB_CATEGORY&gt;05&lt;/SUB_CATEGORY&gt;&lt;ACTIVITY_TIME&gt;10135&lt;/ACTIVITY_TIME&gt;&lt;UPTIME&gt;608116&lt;/UPTIME&gt;&lt;PLANNED_TIME&gt;0&lt;/PLANNED_TIME&gt;&lt;UNPLANNED_TIME&gt;0&lt;/UNPLANNED_TIME&gt;&lt;SHORT_TEXT&gt;TOGG_REF11_OP40_S1_130_A_TRANSFER_DHL&lt;/SHORT_TEXT&gt;&lt;WBS_ELEMENT&gt;KP.23.005.009.01&lt;/WBS_ELEMENT&gt;&lt;PROJECT_DEFINITION&gt;KP.23.005&lt;/PROJECT_DEFINITION&gt;&lt;OPER_ID&gt;4286&lt;/OPER_ID&gt;&lt;OPER_NO&gt;4286&lt;/OPER_NO&gt;&lt;OPER_NAME&gt;SEL?ME TUBA PESEN&lt;/OPER_NAME&gt;&lt;GUID&gt;481c1d7e-a685-44c0-9f27-fb00a97ebd45&lt;/GUID&gt;&lt;OPERATION_DESCRIPTION&gt;---&lt;/OPERATION_DESCRIPTION&gt;&lt;SUB_CATEGORY_DESCRIPTION&gt;---&lt;/SUB_CATEGORY_DESCRIPTION&gt;&lt;STATU&gt;AÇIK&lt;/STATU&gt;&lt;PERFORMANCE&gt;80&lt;/PERFORMANCE&gt;&lt;/Row&gt;&lt;Row&gt;&lt;ID&gt;4&lt;/ID&gt;&lt;NETWORK&gt;40100292&lt;/NETWORK&gt;&lt;START_TIME&gt;2023-07-19 14:26:40&lt;/START_TIME&gt;&lt;END_TIME&gt;2023-07-26 15:21:56&lt;/END_TIME&gt;&lt;OPERATION&gt;0030&lt;/OPERATION&gt;&lt;WORK_CENTER&gt;2DISLEME&lt;/WORK_CENTER&gt;&lt;SUB_CATEGORY&gt;05&lt;/SUB_CATEGORY&gt;&lt;ACTIVITY_TIME&gt;10135&lt;/ACTIVITY_TIME&gt;&lt;UPTIME&gt;608116&lt;/UPTIME&gt;&lt;PLANNED_TIME&gt;0&lt;/PLANNED_TIME&gt;&lt;UNPLANNED_TIME&gt;0&lt;/UNPLANNED_TIME&gt;&lt;SHORT_TEXT&gt;TOGG_REF11_OP40_S1_130_A_TRANSFER_DHL&lt;/SHORT_TEXT&gt;&lt;WBS_ELEMENT&gt;KP.23.005.009.01&lt;/WBS_ELEMENT&gt;&lt;PROJECT_DEFINITION&gt;KP.23.005&lt;/PROJECT_DEFINITION&gt;&lt;OPER_ID&gt;4286&lt;/OPER_ID&gt;&lt;OPER_NO&gt;4286&lt;/OPER_NO&gt;&lt;OPER_NAME&gt;SEL?ME TUBA PESEN&lt;/OPER_NAME&gt;&lt;GUID&gt;YYY4&lt;/GUID&gt;&lt;OPERATION_DESCRIPTION&gt;---&lt;/OPERATION_DESCRIPTION&gt;&lt;SUB_CATEGORY_DESCRIPTION&gt;---&lt;/SUB_CATEGORY_DESCRIPTION&gt;&lt;STATU&gt;AÇIK&lt;/STATU&gt;&lt;PERFORMANCE&gt;80&lt;/PERFORMANCE&gt;&lt;/Row&gt;&lt;Row&gt;&lt;ID&gt;17&lt;/ID&gt;&lt;NETWORK&gt;4010029&lt;/NETWORK&gt;&lt;START_TIME&gt;2023-07-19 16:40:40&lt;/START_TIME&gt;&lt;END_TIME&gt;2023-08-17 11:44:11&lt;/END_TIME&gt;&lt;OPERATION&gt;0050&lt;/OPERATION&gt;&lt;WORK_CENTER&gt;DIKISLEM&lt;/WORK_CENTER&gt;&lt;SUB_CATEGORY/&gt;&lt;ACTIVITY_TIME&gt;41463&lt;/ACTIVITY_TIME&gt;&lt;UPTIME&gt;2487810&lt;/UPTIME&gt;&lt;PLANNED_TIME&gt;0&lt;/PLANNED_TIME&gt;&lt;UNPLANNED_TIME&gt;0&lt;/UNPLANNED_TIME&gt;&lt;SHORT_TEXT&gt;TOGG_REF11_OP40_S1_130_A_TRANSFER_DHL&lt;/SHORT_TEXT&gt;&lt;WBS_ELEMENT&gt;KP.23.005.009.01&lt;/WBS_ELEMENT&gt;&lt;PROJECT_DEFINITION&gt;KP.23.005&lt;/PROJECT_DEFINITION&gt;&lt;OPER_ID&gt;11&lt;/OPER_ID&gt;&lt;OPER_NO&gt;12&lt;/OPER_NO&gt;&lt;OPER_NAME&gt;MEHMET KAHRAMAN&lt;/OPER_NAME&gt;&lt;GUID&gt;05f9d201-9a64-459a-b0b7-11c333bf9b07&lt;/GUID&gt;&lt;OPERATION_DESCRIPTION&gt;---&lt;/OPERATION_DESCRIPTION&gt;&lt;SUB_CATEGORY_DESCRIPTION&gt;---&lt;/SUB_CATEGORY_DESCRIPTION&gt;&lt;STATU&gt;AÇIK&lt;/STATU&gt;&lt;PERFORMANCE&gt;80&lt;/PERFORMANCE&gt;&lt;/Row&gt;&lt;/Rowset&gt;&lt;/Rowsets&gt;</Results></Value><SchemaURI/><SchemaElement/><ValidateXMLOnExecution>1</ValidateXMLOnExecution><ReadOnly>false</ReadOnly><AlertXMLAssigned>false</AlertXMLAssigned></ContextItem><ContextItem><Name>Conditional_0</Name><Description/><MinRange>0</MinRange><MaxRange>0</MaxRange><Value xsi:type="ConditionalAction"><Output>false</Output><InputCount>1</InputCount><LogicalAnd>false</LogicalAnd><Input1>false</Input1></Value><ReadOnly>false</ReadOnly><AlertXMLAssigned>false</AlertXMLAssigned></ContextItem><ContextItem><Name>Tracer_0</Name><Description/><MinRange>0</MinRange><MaxRange>0</MaxRange><Value xsi:type="Tracer"><Message/><Level>INFO</Level></Value><ReadOnly>false</ReadOnly><AlertXMLAssigned>false</AlertXMLAssigned></ContextItem><ContextItem><Name>SLC_NETWORK_LIST_QRY2_0</Name><Description/><MinRange>0</MinRange><MaxRange>0</MaxRange><Value xsi:type="IlluminatorSQLQueryObject"><Format>text/xml</Format><Timeout>60</Timeout><SQLTransaction/><ResultsAsString/><QueryTemplate>MII/REPORT/INS_NETWORK/SLC_NETWORK_LIST_QRY2</QueryTemplate><ResultSet/><TagList/><QueryParameters/><QueryStartDate>2024-01-05T16:02:06</QueryStartDate><QueryEndDate>2024-01-05T16:02:06</QueryEndDate><Results><ReferenceDocumentSource/>&lt;?xml version="1.0" encoding="UTF-8"?&gt;&lt;Rowsets CachedTime="" DateCreated="2024-01-05T16:02:06" EndDate="2024-01-05T16:02:06" StartDate="2024-01-05T15:02:06" Version="15.5 SP0 Patch 14 (Dec 23, 2022)"&gt;&lt;FatalError&gt;com.sybase.jdbc4.jdbc.SybSQLException: Incorrect syntax near '[Param.'.&#13;
&lt;/FatalError&gt;&lt;/Rowsets&gt;</Results></Value><SchemaURI/><SchemaElement/><ValidateXMLOnExecution>1</ValidateXMLOnExecution><ReadOnly>false</ReadOnly><AlertXMLAssigned>false</AlertXMLAssigned></ContextItem><ContextItem><Name>XML_To_Json_Converter_0</Name><Description/><MinRange>0</MinRange><MaxRange>0</MaxRange><Value xsi:type="XMLToJson"><InputPath/><InputContent/><RootExclude>false</RootExclude></Value><ReadOnly>false</ReadOnly><AlertXMLAssigned>false</AlertXMLAssigned></ContextItem><ContextItem><Name>Tracer_1</Name><Description/><MinRange>0</MinRange><MaxRange>0</MaxRange><Value xsi:type="Tracer"><Message/><Level>INFO</Level></Value><ReadOnly>false</ReadOnly><AlertXMLAssigned>false</AlertXMLAssigned></ContextItem><ContextItem><Name>XML_To_Json_Converter_1</Name><Description/><MinRange>0</MinRange><MaxRange>0</MaxRange><Value xsi:type="XMLToJson"><InputPath/><InputContent/><RootExclude>false</RootExclude></Value><ReadOnly>false</ReadOnly><AlertXMLAssigned>false</AlertXMLAssigned></ContextItem></Actions><ReaderRoles>SAP_XMII_Super_Administrator,SAP_XMII_Administrator,SAP_XMII_Developer,SAP_XMII_User</ReaderRoles><Steps><Step xsi:type="ActionSequence"><Name>Sequence_0</Name><Description/><Steps><Step xsi:type="Conditional"><Name>Sequence_3</Name><Description/><Steps><Step xsi:type="ActionSequence"><Name>Sequence</Name><Description/><Steps><Step xsi:type="ActionSequence"><Name>Sequence_6</Name><Description/><Steps/><Actions><Action><Name>XML_To_Json_Converter_0</Name><Description>XML To Json</Description><Expiration>Sequence_4</Expiration><IncomingLinks><Assign xsi:type="Assign"><Name/><Description/><To>XML_To_Json_Converter_0.InputContent</To><From>SLC_NETWORK_LIST_QRY_0.Results</From></Assign></IncomingLinks><OutgoingLinks><Assign xsi:type="Assign"><Name/><Description/><To>Transaction.O_JSON</To><From>Transaction.O_JSON&amp;XML_To_Json_Converter_0.Output</From></Assign></OutgoingLinks></Action></Actions></Step></Steps><Actions><Action><Name>SLC_NETWORK_LIST_QRY_0</Name><Description>SQL Query</Description><Expiration>Sequence_4</Expiration><IncomingLinks><Assign xsi:type="Assign"><Name/><Description/><To>SLC_NETWORK_LIST_QRY_0.Param.1</To><From>Transaction.I_START_TIME</From></Assign><Assign xsi:type="Assign"><Name/><Description/><To>SLC_NETWORK_LIST_QRY_0.Param.2</To><From>Transaction.I_END_TIME</From></Assign><Assign xsi:type="Assign"><Name/><Description/><To>SLC_NETWORK_LIST_QRY_0.Param.3</To><From>Transaction.I_SHIFT</From></Assign><Assign xsi:type="Assign"><Name/><Description/><To>SLC_NETWORK_LIST_QRY_0.Param.4</To><From>Transaction.I_NETWORK_OPERATION</From></Assign></IncomingLinks><OutgoingLinks/></Action></Actions></Step><Step xsi:type="ActionSequence"><Name>Sequence_4</Name><Description/><Steps><Step xsi:type="ActionSequence"><Name>Sequence_1</Name><Description/><Steps><Step xsi:type="ActionSequence"><Name>Sequence_5</Name><Description/><Steps><Step xsi:type="ActionSequence"><Name>Sequence_7</Name><Description/><Steps/><Actions/></Step></Steps><Actions><Action><Name>XML_To_Json_Converter_1</Name><Description>XML To Json</Description><Expiration>Sequence_7</Expiration><IncomingLinks><Assign xsi:type="Assign"><Name/><Description/><To>XML_To_Json_Converter_1.InputContent</To><From>SLC_NETWORK_LIST_QRY2_0.Results</From></Assign></IncomingLinks><OutgoingLinks><Assign xsi:type="Assign"><Name/><Description/><To>Transaction.O_JSON</To><From>Transaction.O_JSON&amp;XML_To_Json_Converter_1.Output</From></Assign></OutgoingLinks></Action></Actions></Step></Steps><Actions><Action><Name>Tracer_1</Name><Description> </Description><Expiration>Sequence_5</Expiration><IncomingLinks><Assign xsi:type="Assign"><Name/><Description/><To>Tracer_1.Message</To><From>SLC_NETWORK_LIST_QRY2_0.Results</From></Assign></IncomingLinks><OutgoingLinks/></Action></Actions></Step></Steps><Actions><Action><Name>SLC_NETWORK_LIST_QRY2_0</Name><Description>SQL Query</Description><Expiration>Sequence_7</Expiration><IncomingLinks><Assign xsi:type="Assign"><Name/><Description/><To>SLC_NETWORK_LIST_QRY2_0.Param.1</To><From>Transaction.I_NETWORK_OPERATION</From></Assign></IncomingLinks><OutgoingLinks/></Action></Actions></Step></Steps><Actions><Action><Name>Conditional_0</Name><Description> </Description><Expiration>Sequence</Expiration><IncomingLinks><Assign xsi:type="Assign"><Name/><Description/><To>Conditional_0.Input1</To><From>Transaction.I_DATE_FILTER=="1"</From></Assign></IncomingLinks><OutgoingLinks/></Action></Actions></Step><Step xsi:type="ActionSequence"><Name>Sequence_2</Name><Description/><Steps/><Actions><Action><Name>Tracer_0</Name><Description> </Description><Expiration/><IncomingLinks><Assign xsi:type="Assign"><Name/><Description/><To>Tracer_0.Message</To><From>Transaction.O_JSON</From></Assign></IncomingLinks><OutgoingLinks/></Action></Actions></Step></Steps><Actions/></Step></Steps></Transaction>