<?xml version="1.0" encoding="UTF-8" standalone="no"?><Transaction xmlns:xsd="http://www.w3.org/2001/XMLSchema" xmlns:xsi="http://www.w3.org/2001/XMLSchema-instance" Version="15.5.0.14"><TransactionAttributes><ContextItem><Name>Description</Name><Description>Transaction Description</Description><MinRange>0</MinRange><MaxRange>0</MaxRange><Value xsi:type="string"/><ReadOnly>true</ReadOnly><AlertXMLAssigned>false</AlertXMLAssigned></ContextItem><ContextItem><Name>Comments</Name><Description>User Comments</Description><MinRange>0</MinRange><MaxRange>0</MaxRange><Value xsi:type="string"/><ReadOnly>true</ReadOnly><AlertXMLAssigned>false</AlertXMLAssigned></ContextItem><ContextItem><Name>CreatedBy</Name><Description>Created By</Description><MinRange>0</MinRange><MaxRange>0</MaxRange><Value xsi:type="string">Administrator</Value><ReadOnly>true</ReadOnly><AlertXMLAssigned>false</AlertXMLAssigned></ContextItem><ContextItem><Name>CreationDate</Name><Description>Creation Date</Description><MinRange>0</MinRange><MaxRange>0</MaxRange><Value xsi:type="dateTime">2023-08-14T18:06:38</Value><ReadOnly>true</ReadOnly><AlertXMLAssigned>false</AlertXMLAssigned></ContextItem><ContextItem><Name>Category</Name><Description>Transaction Category</Description><MinRange>0</MinRange><MaxRange>0</MaxRange><Value xsi:type="string"/><ReadOnly>true</ReadOnly><AlertXMLAssigned>false</AlertXMLAssigned></ContextItem><ContextItem><Name>Status</Name><Description>Deployment Status</Description><MinRange>0</MinRange><MaxRange>0</MaxRange><Value xsi:type="string">DEVELOPMENT</Value><ReadOnly>true</ReadOnly><AlertXMLAssigned>false</AlertXMLAssigned></ContextItem><ContextItem><Name>LegacyProcessingMode</Name><Description>Support the pre MII 12.1 Transaction Engine.</Description><MinRange>0</MinRange><MaxRange>0</MaxRange><Value xsi:type="boolean">0</Value><ReadOnly>true</ReadOnly><AlertXMLAssigned>false</AlertXMLAssigned></ContextItem><ContextItem><Name>AutoAppendBlankNamespaces</Name><Description>AutoAppendBlankNamespaces</Description><MinRange>0</MinRange><MaxRange>0</MaxRange><Value xsi:type="boolean">1</Value><ReadOnly>true</ReadOnly><AlertXMLAssigned>false</AlertXMLAssigned></ContextItem><ContextItem><Name>ThrowOnLinkError</Name><Description>Throws an exception when a link error occures</Description><MinRange>0</MinRange><MaxRange>0</MaxRange><Value xsi:type="boolean">0</Value><ReadOnly>true</ReadOnly><AlertXMLAssigned>false</AlertXMLAssigned></ContextItem><ContextItem><Name>ThrowOnActionError</Name><Description>Throws an exception when an action error occurs</Description><MinRange>0</MinRange><MaxRange>0</MaxRange><Value xsi:type="boolean">1</Value><ReadOnly>true</ReadOnly><AlertXMLAssigned>false</AlertXMLAssigned></ContextItem><ContextItem><Name>FormatXMLOnConversion</Name><Description>By default XML will be formatted when assigned from XML data type to String data type. This behaviour can be changed with this flag.</Description><MinRange>0</MinRange><MaxRange>0</MaxRange><Value xsi:type="boolean">1</Value><ReadOnly>true</ReadOnly><AlertXMLAssigned>false</AlertXMLAssigned></ContextItem><ContextItem><Name>LastEditedBy</Name><Description>Last Edited By</Description><MinRange>0</MinRange><MaxRange>0</MaxRange><Value xsi:type="xsd:string">Administrator</Value><ReadOnly>true</ReadOnly><AlertXMLAssigned>false</AlertXMLAssigned></ContextItem><ContextItem><Name>LastEditedDate</Name><Description>Last Edited Date</Description><MinRange>0</MinRange><MaxRange>0</MaxRange><Value xsi:type="xsd:dateTime">2023-09-18T14:16:35</Value><ReadOnly>true</ReadOnly><AlertXMLAssigned>false</AlertXMLAssigned></ContextItem></TransactionAttributes><Name>MII/CONF/CONF</Name><Version>124</Version><WriterRoles>SAP_XMII_Super_Administrator,SAP_XMII_Administrator,SAP_XMII_Developer</WriterRoles><Context><ContextItem><Name>I_JSON_DATA</Name><Description/><MinRange>0</MinRange><MaxRange>0</MaxRange><Value xsi:type="string">[{"NETWORK":4010029,"OPERATION":"0040-KLP30","WORK_CENTER":null,"START_TIME":"2023-08-18 08:07:18","END_TIME":"2023-08-18 08:07:18","UPTIME":437,"ID":"28"}]</Value><ReadOnly>false</ReadOnly><AlertXMLAssigned>false</AlertXMLAssigned></ContextItem><ContextItem><Name>O_JSON</Name><Description/><MinRange>0</MinRange><MaxRange>0</MaxRange><Value xsi:type="string"/><ReadOnly>true</ReadOnly><AlertXMLAssigned>false</AlertXMLAssigned></ContextItem></Context><Local><ContextItem><Name>errorList</Name><Description/><MinRange>0</MinRange><MaxRange>0</MaxRange><Value xsi:type="list">[[string:AĞ PLANI: 4010029 OPERASYON: 0010 STATU ACIK OLMADIĞI İÇİN AKTİVİTE GİRİŞİ YAPILAMADI.], [string:AĞ PLANI: 4010029 OPERASYON: 0010 AKTİVİTE GİRİŞİ YAPILAMADI.HATA MESAJI: ]]</Value><ReadOnly>false</ReadOnly><AlertXMLAssigned>false</AlertXMLAssigned></ContextItem><ContextItem><Name>xml</Name><Description/><MinRange>0</MinRange><MaxRange>0</MaxRange><Value xsi:type="xml"><ReferenceDocumentSource/>&lt;?xml version="1.0" encoding="UTF-8"?&gt;&lt;root&gt;&#13;
    &lt;element&gt;&#13;
        &lt;NETWORK&gt;4010029&lt;/NETWORK&gt;&#13;
        &lt;OPERATION&gt;0010&lt;/OPERATION&gt;&#13;
        &lt;WORK_CENTER&gt;null&lt;/WORK_CENTER&gt;&#13;
        &lt;START_TIME&gt;2023-08-17 11:51:26&lt;/START_TIME&gt;&#13;
        &lt;END_TIME&gt;2023-08-17 11:54:06&lt;/END_TIME&gt;&#13;
        &lt;UPTIME&gt;104&lt;/UPTIME&gt;&#13;
    &lt;/element&gt;&#13;
&lt;/root&gt;</Value><SchemaURI/><SchemaElement/><ValidateXMLOnExecution>1</ValidateXMLOnExecution><ReadOnly>false</ReadOnly><AlertXMLAssigned>false</AlertXMLAssigned></ContextItem></Local><Layout><GUILayoutItem><Name>Sequence_7</Name><X>296</X><Y>144</Y><Width>120</Width><SpacingWidth>696</SpacingWidth><DescendantWidth>696</DescendantWidth><Height>96</Height></GUILayoutItem><GUILayoutItem><Name>Sequence_1</Name><X>8</X><Y>416</Y><Width>120</Width><SpacingWidth>120</SpacingWidth><DescendantWidth>0</DescendantWidth><Height>96</Height></GUILayoutItem><GUILayoutItem><Name>Json_To_XML_Converter_0</Name><X>16</X><Y>432</Y><Width>104</Width><SpacingWidth>0</SpacingWidth><DescendantWidth>0</DescendantWidth><Height>72</Height></GUILayoutItem><GUILayoutItem><Name>connect</Name><X>304</X><Y>160</Y><Width>104</Width><SpacingWidth>0</SpacingWidth><DescendantWidth>0</DescendantWidth><Height>72</Height></GUILayoutItem><GUILayoutItem><Name>Sequence_0</Name><X>584</X><Y>280</Y><Width>120</Width><SpacingWidth>120</SpacingWidth><DescendantWidth>120</DescendantWidth><Height>96</Height></GUILayoutItem><GUILayoutItem><Name>end</Name><X>592</X><Y>296</Y><Width>104</Width><SpacingWidth>0</SpacingWidth><DescendantWidth>0</DescendantWidth><Height>72</Height></GUILayoutItem><GUILayoutItem><Name>Sequence_4</Name><X>584</X><Y>416</Y><Width>120</Width><SpacingWidth>120</SpacingWidth><DescendantWidth>0</DescendantWidth><Height>96</Height></GUILayoutItem><GUILayoutItem><Name>Assignment_0</Name><X>592</X><Y>432</Y><Width>104</Width><SpacingWidth>0</SpacingWidth><DescendantWidth>0</DescendantWidth><Height>72</Height></GUILayoutItem><GUILayoutItem><Name>Sequence_14</Name><X>368</X><Y>8</Y><Width>120</Width><SpacingWidth>840</SpacingWidth><DescendantWidth>840</DescendantWidth><Height>96</Height></GUILayoutItem><GUILayoutItem><Name>Assignment_1</Name><X>376</X><Y>24</Y><Width>104</Width><SpacingWidth>0</SpacingWidth><DescendantWidth>0</DescendantWidth><Height>72</Height></GUILayoutItem><GUILayoutItem><Name>Sequence_20</Name><X>728</X><Y>144</Y><Width>120</Width><SpacingWidth>120</SpacingWidth><DescendantWidth>120</DescendantWidth><Height>96</Height></GUILayoutItem><GUILayoutItem><Name>Catch_0</Name><X>736</X><Y>160</Y><Width>104</Width><SpacingWidth>0</SpacingWidth><DescendantWidth>0</DescendantWidth><Height>72</Height></GUILayoutItem><GUILayoutItem><Name>Sequence_22</Name><X>728</X><Y>280</Y><Width>120</Width><SpacingWidth>120</SpacingWidth><DescendantWidth>0</DescendantWidth><Height>96</Height></GUILayoutItem><GUILayoutItem><Name>Terminate_Transaction_0</Name><X>736</X><Y>296</Y><Width>104</Width><SpacingWidth>0</SpacingWidth><DescendantWidth>0</DescendantWidth><Height>72</Height></GUILayoutItem><GUILayoutItem><Name>Sequence_13</Name><X>224</X><Y>280</Y><Width>120</Width><SpacingWidth>552</SpacingWidth><DescendantWidth>552</DescendantWidth><Height>96</Height></GUILayoutItem><GUILayoutItem><Name>Sequence_23</Name><X>152</X><Y>416</Y><Width>120</Width><SpacingWidth>120</SpacingWidth><DescendantWidth>120</DescendantWidth><Height>96</Height></GUILayoutItem><GUILayoutItem><Name>Repeater_1</Name><X>160</X><Y>432</Y><Width>104</Width><SpacingWidth>0</SpacingWidth><DescendantWidth>0</DescendantWidth><Height>72</Height></GUILayoutItem><GUILayoutItem><Name>Sequence_24</Name><X>368</X><Y>416</Y><Width>120</Width><SpacingWidth>264</SpacingWidth><DescendantWidth>264</DescendantWidth><Height>96</Height></GUILayoutItem><GUILayoutItem><Name>Repeater_0</Name><X>376</X><Y>432</Y><Width>104</Width><SpacingWidth>0</SpacingWidth><DescendantWidth>0</DescendantWidth><Height>72</Height></GUILayoutItem><GUILayoutItem><Name>Sequence_26</Name><X>152</X><Y>552</Y><Width>120</Width><SpacingWidth>120</SpacingWidth><DescendantWidth>120</DescendantWidth><Height>96</Height></GUILayoutItem><GUILayoutItem><Name>SAP_BAPI_BUS2002_GET_STATUS</Name><X>160</X><Y>568</Y><Width>104</Width><SpacingWidth>0</SpacingWidth><DescendantWidth>0</DescendantWidth><Height>72</Height></GUILayoutItem><GUILayoutItem><Name>Sequence_3</Name><X>152</X><Y>824</Y><Width>120</Width><SpacingWidth>120</SpacingWidth><DescendantWidth>120</DescendantWidth><Height>96</Height></GUILayoutItem><GUILayoutItem><Name>Conditional_0</Name><X>160</X><Y>840</Y><Width>104</Width><SpacingWidth>0</SpacingWidth><DescendantWidth>0</DescendantWidth><Height>72</Height></GUILayoutItem><GUILayoutItem><Name>Sequence_5</Name><X>152</X><Y>960</Y><Width>120</Width><SpacingWidth>120</SpacingWidth><DescendantWidth>0</DescendantWidth><Height>96</Height></GUILayoutItem><GUILayoutItem><Name>Throw_0</Name><X>160</X><Y>976</Y><Width>104</Width><SpacingWidth>0</SpacingWidth><DescendantWidth>0</DescendantWidth><Height>72</Height></GUILayoutItem><GUILayoutItem><Name>Sequence_10</Name><X>368</X><Y>552</Y><Width>120</Width><SpacingWidth>264</SpacingWidth><DescendantWidth>264</DescendantWidth><Height>96</Height></GUILayoutItem><GUILayoutItem><Name>SAP_JCo_Function_0</Name><X>376</X><Y>568</Y><Width>104</Width><SpacingWidth>0</SpacingWidth><DescendantWidth>0</DescendantWidth><Height>72</Height></GUILayoutItem><GUILayoutItem><Name>Sequence_8</Name><X>368</X><Y>688</Y><Width>120</Width><SpacingWidth>264</SpacingWidth><DescendantWidth>264</DescendantWidth><Height>96</Height></GUILayoutItem><GUILayoutItem><Name>Commit</Name><X>376</X><Y>704</Y><Width>104</Width><SpacingWidth>0</SpacingWidth><DescendantWidth>0</DescendantWidth><Height>72</Height></GUILayoutItem><GUILayoutItem><Name>Sequence_18</Name><X>368</X><Y>824</Y><Width>120</Width><SpacingWidth>264</SpacingWidth><DescendantWidth>264</DescendantWidth><Height>96</Height></GUILayoutItem><GUILayoutItem><Name>INS_HIST_CONF_QRY_1</Name><X>376</X><Y>840</Y><Width>104</Width><SpacingWidth>0</SpacingWidth><DescendantWidth>0</DescendantWidth><Height>72</Height></GUILayoutItem><GUILayoutItem><Name>Sequence_19</Name><X>368</X><Y>960</Y><Width>120</Width><SpacingWidth>264</SpacingWidth><DescendantWidth>264</DescendantWidth><Height>96</Height></GUILayoutItem><GUILayoutItem><Name>Pause_0</Name><X>376</X><Y>976</Y><Width>104</Width><SpacingWidth>0</SpacingWidth><DescendantWidth>0</DescendantWidth><Height>72</Height></GUILayoutItem><GUILayoutItem><Name>Sequence_9</Name><X>368</X><Y>1096</Y><Width>120</Width><SpacingWidth>264</SpacingWidth><DescendantWidth>264</DescendantWidth><Height>96</Height></GUILayoutItem><GUILayoutItem><Name>Conditional_1</Name><X>376</X><Y>1112</Y><Width>104</Width><SpacingWidth>0</SpacingWidth><DescendantWidth>0</DescendantWidth><Height>72</Height></GUILayoutItem><GUILayoutItem><Name>Sequence_16</Name><X>296</X><Y>1232</Y><Width>120</Width><SpacingWidth>120</SpacingWidth><DescendantWidth>0</DescendantWidth><Height>96</Height></GUILayoutItem><GUILayoutItem><Name>Assignment_3</Name><X>304</X><Y>1248</Y><Width>104</Width><SpacingWidth>0</SpacingWidth><DescendantWidth>0</DescendantWidth><Height>72</Height></GUILayoutItem><GUILayoutItem><Name>Sequence_17</Name><X>440</X><Y>1232</Y><Width>120</Width><SpacingWidth>120</SpacingWidth><DescendantWidth>120</DescendantWidth><Height>96</Height></GUILayoutItem><GUILayoutItem><Name>Assignment_4</Name><X>448</X><Y>1248</Y><Width>104</Width><SpacingWidth>0</SpacingWidth><DescendantWidth>0</DescendantWidth><Height>72</Height></GUILayoutItem><GUILayoutItem><Name>Sequence_6</Name><X>152</X><Y>688</Y><Width>120</Width><SpacingWidth>120</SpacingWidth><DescendantWidth>120</DescendantWidth><Height>96</Height></GUILayoutItem><GUILayoutItem><Name>Pause_2</Name><X>160</X><Y>704</Y><Width>104</Width><SpacingWidth>0</SpacingWidth><DescendantWidth>0</DescendantWidth><Height>72</Height></GUILayoutItem><GUILayoutItem><Name>Sequence_2</Name><X>440</X><Y>1368</Y><Width>120</Width><SpacingWidth>120</SpacingWidth><DescendantWidth>0</DescendantWidth><Height>96</Height></GUILayoutItem><GUILayoutItem><Name>UPD_HIST_NETWORK_STATU_0</Name><X>448</X><Y>1384</Y><Width>104</Width><SpacingWidth>0</SpacingWidth><DescendantWidth>0</DescendantWidth><Height>72</Height></GUILayoutItem></Layout><Actions><ContextItem><Name>Json_To_XML_Converter_0</Name><Description/><MinRange>0</MinRange><MaxRange>0</MaxRange><Value xsi:type="JsonToXML"><LargeSizeJSONBox>false</LargeSizeJSONBox><Output><ReferenceDocumentSource/></Output><Json/></Value><SchemaURI/><SchemaElement/><ValidateXMLOnExecution>1</ValidateXMLOnExecution><ReadOnly>false</ReadOnly><AlertXMLAssigned>false</AlertXMLAssigned></ContextItem><ContextItem><Name>connect</Name><Description/><MinRange>0</MinRange><MaxRange>0</MaxRange><Value xsi:type="SAPJCOStartSession"><ConnPropAlias>QA</ConnPropAlias><CredentialAlias>SAP_LOGON</CredentialAlias><SAPServerName/><SAPClient/><SAPSystemNumber/><Language/><ConnectionPoolSize>0</ConnectionPoolSize><SAPUserName/><SAPPassword/><SAPSSO2Ticket/><PoolConnections>false</PoolConnections><LogonGroup/><R3Name/><UseLogonGroup>false</UseLogonGroup><ConnectionTimeout>0</ConnectionTimeout><DestinationName/></Value><ReadOnly>false</ReadOnly><AlertXMLAssigned>false</AlertXMLAssigned></ContextItem><ContextItem><Name>end</Name><Description/><MinRange>0</MinRange><MaxRange>0</MaxRange><Value xsi:type="SAPJCOEndSession"><SourceSession>connect</SourceSession></Value><ReadOnly>false</ReadOnly><AlertXMLAssigned>false</AlertXMLAssigned></ContextItem><ContextItem><Name>Assignment_0</Name><Description/><MinRange>0</MinRange><MaxRange>0</MaxRange><Value xsi:type="Assignment"/><ReadOnly>false</ReadOnly><AlertXMLAssigned>false</AlertXMLAssigned></ContextItem><ContextItem><Name>Assignment_1</Name><Description/><MinRange>0</MinRange><MaxRange>0</MaxRange><Value xsi:type="Assignment"/><ReadOnly>false</ReadOnly><AlertXMLAssigned>false</AlertXMLAssigned></ContextItem><ContextItem><Name>Catch_0</Name><Description/><MinRange>0</MinRange><MaxRange>0</MaxRange><Value xsi:type="CatchAction"/><ReadOnly>false</ReadOnly><AlertXMLAssigned>false</AlertXMLAssigned></ContextItem><ContextItem><Name>Terminate_Transaction_0</Name><Description/><MinRange>0</MinRange><MaxRange>0</MaxRange><Value xsi:type="TerminateTransaction"><TerminateWithError>true</TerminateWithError><TerminationMessage>Transaction Execution Terminated Upon Request</TerminationMessage></Value><ReadOnly>false</ReadOnly><AlertXMLAssigned>false</AlertXMLAssigned></ContextItem><ContextItem><Name>Repeater_1</Name><Description/><MinRange>0</MinRange><MaxRange>0</MaxRange><Value xsi:type="RepeaterAction"><Output><ReferenceDocumentSource/>&lt;?xml version="1.0" encoding="UTF-8"?&gt;&lt;element&gt;&#13;
        &lt;NETWORK&gt;4010029&lt;/NETWORK&gt;&#13;
        &lt;OPERATION&gt;0010&lt;/OPERATION&gt;&#13;
        &lt;WORK_CENTER&gt;null&lt;/WORK_CENTER&gt;&#13;
        &lt;START_TIME&gt;2023-08-17 11:51:26&lt;/START_TIME&gt;&#13;
        &lt;END_TIME&gt;2023-08-17 11:54:06&lt;/END_TIME&gt;&#13;
        &lt;UPTIME&gt;104&lt;/UPTIME&gt;&#13;
    &lt;/element&gt;</Output><Break>false</Break><ItemCount>0</ItemCount><CurrentItem>0</CurrentItem><Source>Local.xml{/root/element}</Source><Item><ReferenceDocumentSource/>&lt;?xml version="1.0" encoding="UTF-8"?&gt;&lt;element&gt;&#13;
        &lt;NETWORK&gt;4010029&lt;/NETWORK&gt;&#13;
        &lt;OPERATION&gt;0010&lt;/OPERATION&gt;&#13;
        &lt;WORK_CENTER&gt;null&lt;/WORK_CENTER&gt;&#13;
        &lt;START_TIME&gt;2023-08-17 11:51:26&lt;/START_TIME&gt;&#13;
        &lt;END_TIME&gt;2023-08-17 11:54:06&lt;/END_TIME&gt;&#13;
        &lt;UPTIME&gt;104&lt;/UPTIME&gt;&#13;
    &lt;/element&gt;</Item></Value><SchemaURI/><SchemaElement/><ValidateXMLOnExecution>1</ValidateXMLOnExecution><SchemaURI/><SchemaElement/><ValidateXMLOnExecution>1</ValidateXMLOnExecution><ReadOnly>false</ReadOnly><AlertXMLAssigned>false</AlertXMLAssigned></ContextItem><ContextItem><Name>Repeater_0</Name><Description/><MinRange>0</MinRange><MaxRange>0</MaxRange><Value xsi:type="RepeaterAction"><Output><ReferenceDocumentSource/>&lt;?xml version="1.0" encoding="UTF-8"?&gt;&lt;element&gt;&#13;
        &lt;NETWORK&gt;4010029&lt;/NETWORK&gt;&#13;
        &lt;OPERATION&gt;0010&lt;/OPERATION&gt;&#13;
        &lt;WORK_CENTER&gt;null&lt;/WORK_CENTER&gt;&#13;
        &lt;START_TIME&gt;2023-08-17 11:51:26&lt;/START_TIME&gt;&#13;
        &lt;END_TIME&gt;2023-08-17 11:54:06&lt;/END_TIME&gt;&#13;
        &lt;UPTIME&gt;104&lt;/UPTIME&gt;&#13;
    &lt;/element&gt;</Output><Break>false</Break><ItemCount>0</ItemCount><CurrentItem>0</CurrentItem><Source>Local.xml{/root/element}</Source><Item><ReferenceDocumentSource/>&lt;?xml version="1.0" encoding="UTF-8"?&gt;&lt;element&gt;&#13;
        &lt;NETWORK&gt;4010029&lt;/NETWORK&gt;&#13;
        &lt;OPERATION&gt;0010&lt;/OPERATION&gt;&#13;
        &lt;WORK_CENTER&gt;null&lt;/WORK_CENTER&gt;&#13;
        &lt;START_TIME&gt;2023-08-17 11:51:26&lt;/START_TIME&gt;&#13;
        &lt;END_TIME&gt;2023-08-17 11:54:06&lt;/END_TIME&gt;&#13;
        &lt;UPTIME&gt;104&lt;/UPTIME&gt;&#13;
    &lt;/element&gt;</Item></Value><SchemaURI/><SchemaElement/><ValidateXMLOnExecution>1</ValidateXMLOnExecution><SchemaURI/><SchemaElement/><ValidateXMLOnExecution>1</ValidateXMLOnExecution><ReadOnly>false</ReadOnly><AlertXMLAssigned>false</AlertXMLAssigned></ContextItem><ContextItem><Name>SAP_BAPI_BUS2002_GET_STATUS</Name><Description/><MinRange>0</MinRange><MaxRange>0</MaxRange><Value xsi:type="SAPJCOFunction"><SourceSession>connect</SourceSession><Request><ReferenceDocumentSource/>&lt;?xml version="1.0" encoding="UTF-8"?&gt;&lt;BAPI_BUS2002_GET_STATUS&gt;&lt;INPUT&gt;&lt;NUMBER/&gt;&lt;WITHOUT_ACTIVITIES&gt; &lt;/WITHOUT_ACTIVITIES&gt;&lt;/INPUT&gt;&lt;TABLES&gt;&lt;E_ACTIVITY_SYSTEM_STATUS&gt;&lt;item&gt;&lt;ACTIVITY/&gt;&lt;SYSTEM_STATUS/&gt;&lt;/item&gt;&lt;/E_ACTIVITY_SYSTEM_STATUS&gt;&lt;E_ACTIVITY_USER_STATUS&gt;&lt;item&gt;&lt;ACTIVITY/&gt;&lt;USER_STATUS/&gt;&lt;/item&gt;&lt;/E_ACTIVITY_USER_STATUS&gt;&lt;E_SYSTEM_STATUS&gt;&lt;item&gt;&lt;SYSTEM_STATUS/&gt;&lt;/item&gt;&lt;/E_SYSTEM_STATUS&gt;&lt;E_USER_STATUS&gt;&lt;item&gt;&lt;USER_STATUS/&gt;&lt;/item&gt;&lt;/E_USER_STATUS&gt;&lt;/TABLES&gt;&lt;/BAPI_BUS2002_GET_STATUS&gt;</Request><Response><ReferenceDocumentSource/>&lt;?xml version="1.0" encoding="UTF-8"?&gt;&lt;BAPI_BUS2002_GET_STATUS&gt;&lt;OUTPUT&gt;&lt;RETURN&gt;&lt;TYPE/&gt;&lt;ID/&gt;&lt;NUMBER/&gt;&lt;MESSAGE/&gt;&lt;LOG_NO/&gt;&lt;LOG_MSG_NO/&gt;&lt;MESSAGE_V1/&gt;&lt;MESSAGE_V2/&gt;&lt;MESSAGE_V3/&gt;&lt;MESSAGE_V4/&gt;&lt;/RETURN&gt;&lt;/OUTPUT&gt;&lt;TABLES&gt;&lt;E_ACTIVITY_SYSTEM_STATUS&gt;&lt;item&gt;&lt;ACTIVITY/&gt;&lt;SYSTEM_STATUS/&gt;&lt;/item&gt;&lt;/E_ACTIVITY_SYSTEM_STATUS&gt;&lt;E_ACTIVITY_USER_STATUS&gt;&lt;item&gt;&lt;ACTIVITY/&gt;&lt;USER_STATUS/&gt;&lt;/item&gt;&lt;/E_ACTIVITY_USER_STATUS&gt;&lt;E_SYSTEM_STATUS&gt;&lt;item&gt;&lt;SYSTEM_STATUS/&gt;&lt;/item&gt;&lt;/E_SYSTEM_STATUS&gt;&lt;E_USER_STATUS&gt;&lt;item&gt;&lt;USER_STATUS/&gt;&lt;/item&gt;&lt;/E_USER_STATUS&gt;&lt;/TABLES&gt;&lt;/BAPI_BUS2002_GET_STATUS&gt;</Response><SAPRFC>BAPI_BUS2002_GET_STATUS</SAPRFC><TYPERFC>0</TYPERFC><QueueName/><ExecuteFunction>true</ExecuteFunction><RecreateFunction>true</RecreateFunction><AllowMultipleRows>true</AllowMultipleRows><IgnoreResponse>false</IgnoreResponse><DaysRetention>7</DaysRetention><MaxRetryCount>5</MaxRetryCount><RetryInterval>30000</RetryInterval><ProcessingMode>1</ProcessingMode><Filter/><DataBufferComment/><RetryImmediately>false</RetryImmediately></Value><SchemaURI/><SchemaElement/><ValidateXMLOnExecution>1</ValidateXMLOnExecution><SchemaURI/><SchemaElement/><ValidateXMLOnExecution>1</ValidateXMLOnExecution><ReadOnly>false</ReadOnly><AlertXMLAssigned>false</AlertXMLAssigned></ContextItem><ContextItem><Name>Conditional_0</Name><Description/><MinRange>0</MinRange><MaxRange>0</MaxRange><Value xsi:type="ConditionalAction"><Output>false</Output><InputCount>1</InputCount><LogicalAnd>false</LogicalAnd><Input1>false</Input1></Value><ReadOnly>false</ReadOnly><AlertXMLAssigned>false</AlertXMLAssigned></ContextItem><ContextItem><Name>Throw_0</Name><Description/><MinRange>0</MinRange><MaxRange>0</MaxRange><Value xsi:type="Throw"><Message/><Enable>true</Enable><TerminateException>false</TerminateException></Value><ReadOnly>false</ReadOnly><AlertXMLAssigned>false</AlertXMLAssigned></ContextItem><ContextItem><Name>SAP_JCo_Function_0</Name><Description/><MinRange>0</MinRange><MaxRange>0</MaxRange><Value xsi:type="SAPJCOFunction"><SourceSession>connect</SourceSession><Request><ReferenceDocumentSource/>&lt;?xml version="1.0" encoding="UTF-8"?&gt;&lt;BAPI_NETWORK_CONF_ADD&gt;&lt;INPUT&gt;&lt;NUMBER/&gt;&lt;POST_WRONG_ENTRIES&gt;0&lt;/POST_WRONG_ENTRIES&gt;&lt;TESTRUN/&gt;&lt;/INPUT&gt;&lt;TABLES&gt;&lt;E_MESSAGE_TABLE&gt;&lt;item&gt;&lt;TYPE/&gt;&lt;MESSAGE_ID/&gt;&lt;MESSAGE_NUMBER/&gt;&lt;MESSAGE/&gt;&lt;LOG_NO/&gt;&lt;LOG_MSG_NO/&gt;&lt;MESSAGE_V1/&gt;&lt;MESSAGE_V2/&gt;&lt;MESSAGE_V3/&gt;&lt;MESSAGE_V4/&gt;&lt;PARAMETER/&gt;&lt;ROW/&gt;&lt;FIELD/&gt;&lt;SYSTEM/&gt;&lt;FLG_LOCKED/&gt;&lt;CONF_NO/&gt;&lt;CONF_CNT/&gt;&lt;/item&gt;&lt;/E_MESSAGE_TABLE&gt;&lt;I_CONFIRMATIONS&gt;&lt;item&gt;&lt;ACTIVITY/&gt;&lt;SUB_ACTIVITY/&gt;&lt;CAPA_CATEGORY/&gt;&lt;SPLIT/&gt;&lt;WORK_CNTR/&gt;&lt;PLANT/&gt;&lt;PERS_NO/&gt;&lt;WAGETYPE/&gt;&lt;DEV_REASON/&gt;&lt;CONF_TEXT/&gt;&lt;PROCSS_DEG/&gt;&lt;FIN_CONF/&gt;&lt;NO_ACT_DATE/&gt;&lt;COMPLETE/&gt;&lt;CLEAR_RES/&gt;&lt;POSTG_DATE/&gt;&lt;CO_BUSPROC/&gt;&lt;NO_REMN_BUS_PROC/&gt;&lt;ACT_TYPE/&gt;&lt;CONF_BUSINESS_PROC/&gt;&lt;CONF_BUS_PROC_UNIT/&gt;&lt;CONF_BUS_PROC_UNIT_ISO/&gt;&lt;CALC_MOTIVE/&gt;&lt;FORCAST_BUSINESS_PROC/&gt;&lt;FORCAST_BUS_PROC_UNIT/&gt;&lt;FORCAST_BUS_PROC_UNIT_ISO/&gt;&lt;EXEC_START_DATE/&gt;&lt;EXEC_FIN_DATE/&gt;&lt;ACTUAL_DUR/&gt;&lt;UN_ACT_DUR/&gt;&lt;UN_ACT_DUR_ISO/&gt;&lt;ACT_WORK/&gt;&lt;UN_ACT_WORK/&gt;&lt;UN_ACT_WORK_ISO/&gt;&lt;FCST_FIN_DATE/&gt;&lt;REM_DUR/&gt;&lt;UN_REM_DUR/&gt;&lt;UN_REM_DUR_ISO/&gt;&lt;REM_WORK/&gt;&lt;UN_REM_WRK/&gt;&lt;UN_REM_WORK_ISO/&gt;&lt;EX_CREATED_BY/&gt;&lt;EX_CREATED_DATE/&gt;&lt;EX_CREATED_TIME/&gt;&lt;EX_IDENT/&gt;&lt;ACT_WORK_2/&gt;&lt;REM_WORK_2/&gt;&lt;EXEC_START_TIME/&gt;&lt;EXEC_FIN_TIME/&gt;&lt;FCST_FIN_TIME/&gt;&lt;/item&gt;&lt;/I_CONFIRMATIONS&gt;&lt;/TABLES&gt;&lt;/BAPI_NETWORK_CONF_ADD&gt;</Request><Response><ReferenceDocumentSource/>&lt;?xml version="1.0" encoding="UTF-8"?&gt;&lt;BAPI_NETWORK_CONF_ADD&gt;&lt;OUTPUT&gt;&lt;RETURN&gt;&lt;TYPE/&gt;&lt;ID/&gt;&lt;NUMBER/&gt;&lt;MESSAGE/&gt;&lt;LOG_NO/&gt;&lt;LOG_MSG_NO/&gt;&lt;MESSAGE_V1/&gt;&lt;MESSAGE_V2/&gt;&lt;MESSAGE_V3/&gt;&lt;MESSAGE_V4/&gt;&lt;PARAMETER/&gt;&lt;ROW/&gt;&lt;FIELD/&gt;&lt;SYSTEM/&gt;&lt;/RETURN&gt;&lt;/OUTPUT&gt;&lt;TABLES&gt;&lt;E_MESSAGE_TABLE&gt;&lt;item&gt;&lt;TYPE/&gt;&lt;MESSAGE_ID/&gt;&lt;MESSAGE_NUMBER/&gt;&lt;MESSAGE/&gt;&lt;LOG_NO/&gt;&lt;LOG_MSG_NO/&gt;&lt;MESSAGE_V1/&gt;&lt;MESSAGE_V2/&gt;&lt;MESSAGE_V3/&gt;&lt;MESSAGE_V4/&gt;&lt;PARAMETER/&gt;&lt;ROW/&gt;&lt;FIELD/&gt;&lt;SYSTEM/&gt;&lt;FLG_LOCKED/&gt;&lt;CONF_NO/&gt;&lt;CONF_CNT/&gt;&lt;/item&gt;&lt;/E_MESSAGE_TABLE&gt;&lt;I_CONFIRMATIONS&gt;&lt;item&gt;&lt;ACTIVITY/&gt;&lt;SUB_ACTIVITY/&gt;&lt;CAPA_CATEGORY/&gt;&lt;SPLIT/&gt;&lt;WORK_CNTR/&gt;&lt;PLANT/&gt;&lt;PERS_NO/&gt;&lt;WAGETYPE/&gt;&lt;DEV_REASON/&gt;&lt;CONF_TEXT/&gt;&lt;PROCSS_DEG/&gt;&lt;FIN_CONF/&gt;&lt;NO_ACT_DATE/&gt;&lt;COMPLETE/&gt;&lt;CLEAR_RES/&gt;&lt;POSTG_DATE/&gt;&lt;CO_BUSPROC/&gt;&lt;NO_REMN_BUS_PROC/&gt;&lt;ACT_TYPE/&gt;&lt;CONF_BUSINESS_PROC/&gt;&lt;CONF_BUS_PROC_UNIT/&gt;&lt;CONF_BUS_PROC_UNIT_ISO/&gt;&lt;CALC_MOTIVE/&gt;&lt;FORCAST_BUSINESS_PROC/&gt;&lt;FORCAST_BUS_PROC_UNIT/&gt;&lt;FORCAST_BUS_PROC_UNIT_ISO/&gt;&lt;EXEC_START_DATE/&gt;&lt;EXEC_FIN_DATE/&gt;&lt;ACTUAL_DUR/&gt;&lt;UN_ACT_DUR/&gt;&lt;UN_ACT_DUR_ISO/&gt;&lt;ACT_WORK/&gt;&lt;UN_ACT_WORK/&gt;&lt;UN_ACT_WORK_ISO/&gt;&lt;FCST_FIN_DATE/&gt;&lt;REM_DUR/&gt;&lt;UN_REM_DUR/&gt;&lt;UN_REM_DUR_ISO/&gt;&lt;REM_WORK/&gt;&lt;UN_REM_WRK/&gt;&lt;UN_REM_WORK_ISO/&gt;&lt;EX_CREATED_BY/&gt;&lt;EX_CREATED_DATE/&gt;&lt;EX_CREATED_TIME/&gt;&lt;EX_IDENT/&gt;&lt;ACT_WORK_2/&gt;&lt;REM_WORK_2/&gt;&lt;EXEC_START_TIME/&gt;&lt;EXEC_FIN_TIME/&gt;&lt;FCST_FIN_TIME/&gt;&lt;/item&gt;&lt;/I_CONFIRMATIONS&gt;&lt;/TABLES&gt;&lt;/BAPI_NETWORK_CONF_ADD&gt;</Response><SAPRFC>BAPI_NETWORK_CONF_ADD</SAPRFC><TYPERFC>0</TYPERFC><QueueName/><ExecuteFunction>true</ExecuteFunction><RecreateFunction>true</RecreateFunction><AllowMultipleRows>true</AllowMultipleRows><IgnoreResponse>false</IgnoreResponse><DaysRetention>7</DaysRetention><MaxRetryCount>5</MaxRetryCount><RetryInterval>30000</RetryInterval><ProcessingMode>1</ProcessingMode><Filter/><DataBufferComment/><RetryImmediately>false</RetryImmediately></Value><SchemaURI/><SchemaElement/><ValidateXMLOnExecution>1</ValidateXMLOnExecution><SchemaURI/><SchemaElement/><ValidateXMLOnExecution>1</ValidateXMLOnExecution><ReadOnly>false</ReadOnly><AlertXMLAssigned>false</AlertXMLAssigned></ContextItem><ContextItem><Name>Commit</Name><Description/><MinRange>0</MinRange><MaxRange>0</MaxRange><Value xsi:type="SAPJCOCommit"><SourceSession>connect</SourceSession></Value><ReadOnly>false</ReadOnly><AlertXMLAssigned>false</AlertXMLAssigned></ContextItem><ContextItem><Name>INS_HIST_CONF_QRY_1</Name><Description/><MinRange>0</MinRange><MaxRange>0</MaxRange><Value xsi:type="IlluminatorSQLQueryObject"><Format>text/xml</Format><Timeout>60</Timeout><QueryParameters/><SQLTransaction/><ResultsAsString/><QueryStartDate>2023-08-23T14:53:39</QueryStartDate><QueryTemplate>MII/CONF/INS_HIST_CONF_QRY</QueryTemplate><ResultSet/><Results><ReferenceDocumentSource/>&lt;?xml version="1.0" encoding="UTF-8"?&gt;&lt;Rowsets CachedTime="" DateCreated="2023-08-23T14:53:38" EndDate="2023-08-23T14:53:38" StartDate="2023-08-23T13:53:38" Version="15.5 SP0 Patch 14 (Dec 23, 2022)"&gt;&lt;FatalError&gt;com.sybase.jdbc4.jdbc.SybSQLException: Incorrect syntax near ','.&#13;
&lt;/FatalError&gt;&lt;/Rowsets&gt;</Results><TagList/><QueryEndDate>2023-08-23T14:53:39</QueryEndDate></Value><SchemaURI/><SchemaElement/><ValidateXMLOnExecution>1</ValidateXMLOnExecution><ReadOnly>false</ReadOnly><AlertXMLAssigned>false</AlertXMLAssigned></ContextItem><ContextItem><Name>Pause_0</Name><Description/><MinRange>0</MinRange><MaxRange>0</MaxRange><Value xsi:type="Pause"><Delay>1000</Delay></Value><ReadOnly>false</ReadOnly><AlertXMLAssigned>false</AlertXMLAssigned></ContextItem><ContextItem><Name>Conditional_1</Name><Description/><MinRange>0</MinRange><MaxRange>0</MaxRange><Value xsi:type="ConditionalAction"><Output>false</Output><InputCount>1</InputCount><LogicalAnd>false</LogicalAnd><Input1>false</Input1></Value><ReadOnly>false</ReadOnly><AlertXMLAssigned>false</AlertXMLAssigned></ContextItem><ContextItem><Name>Assignment_3</Name><Description/><MinRange>0</MinRange><MaxRange>0</MaxRange><Value xsi:type="Assignment"/><ReadOnly>false</ReadOnly><AlertXMLAssigned>false</AlertXMLAssigned></ContextItem><ContextItem><Name>Assignment_4</Name><Description/><MinRange>0</MinRange><MaxRange>0</MaxRange><Value xsi:type="Assignment"/><ReadOnly>false</ReadOnly><AlertXMLAssigned>false</AlertXMLAssigned></ContextItem><ContextItem><Name>Pause_2</Name><Description/><MinRange>0</MinRange><MaxRange>0</MaxRange><Value xsi:type="Pause"><Delay>500</Delay></Value><ReadOnly>false</ReadOnly><AlertXMLAssigned>false</AlertXMLAssigned></ContextItem><ContextItem><Name>UPD_HIST_NETWORK_STATU_0</Name><Description/><MinRange>0</MinRange><MaxRange>0</MaxRange><Value xsi:type="IlluminatorSQLQueryObject"><Format>text/xml</Format><Timeout>60</Timeout><QueryParameters/><SQLTransaction/><ResultsAsString/><QueryStartDate>2023-08-23T18:14:36</QueryStartDate><QueryTemplate>MII/CONF/UPD_HIST_NETWORK_STATU</QueryTemplate><ResultSet/><Results><ReferenceDocumentSource/>&lt;?xml version="1.0" encoding="UTF-8"?&gt;&lt;Rowsets CachedTime="" DateCreated="2023-08-23T18:14:36" EndDate="2023-08-23T18:14:36" StartDate="2023-08-23T17:14:36" Version="15.5 SP0 Patch 14 (Dec 23, 2022)"&gt;&lt;FatalError&gt;com.sybase.jdbc4.jdbc.SybSQLException: Incorrect syntax near ')'.&#13;
&lt;/FatalError&gt;&lt;/Rowsets&gt;</Results><TagList/><QueryEndDate>2023-08-23T18:14:36</QueryEndDate></Value><SchemaURI/><SchemaElement/><ValidateXMLOnExecution>1</ValidateXMLOnExecution><ReadOnly>false</ReadOnly><AlertXMLAssigned>false</AlertXMLAssigned></ContextItem></Actions><ReaderRoles>SAP_XMII_Super_Administrator,SAP_XMII_Administrator,SAP_XMII_Developer,SAP_XMII_User</ReaderRoles><Steps><Step xsi:type="ActionSequence"><Name>Sequence_14</Name><Description/><Steps><Step xsi:type="ActionSequence"><Name>Sequence_7</Name><Description/><Steps><Step xsi:type="ActionSequence"><Name>Sequence_13</Name><Description/><Steps><Step xsi:type="ActionSequence"><Name>Sequence_1</Name><Description/><Steps/><Actions><Action><Name>Json_To_XML_Converter_0</Name><Description>Json To XML</Description><Expiration>Sequence_23</Expiration><IncomingLinks><Assign xsi:type="Assign"><Name/><Description/><To>Json_To_XML_Converter_0.Json</To><From>Transaction.I_JSON_DATA</From></Assign></IncomingLinks><OutgoingLinks><Assign xsi:type="AssignXml"><Name/><Description/><To>Local.xml</To><From>Json_To_XML_Converter_0.Output</From></Assign></OutgoingLinks></Action></Actions></Step><Step xsi:type="Repeater"><Name>Sequence_23</Name><Description/><Steps><Step xsi:type="ActionSequence"><Name>Sequence_26</Name><Description/><Steps><Step xsi:type="ActionSequence"><Name>Sequence_6</Name><Description/><Steps><Step xsi:type="Conditional"><Name>Sequence_3</Name><Description/><Steps><Step xsi:type="ActionSequence"><Name>Sequence_5</Name><Description/><Steps/><Actions><Action><Name>Throw_0</Name><Description>Throws an exception</Description><Expiration/><IncomingLinks><Assign xsi:type="Assign"><Name/><Description/><To>Throw_0.Message</To><From>append(Local.errorList,"AĞ PLANI: " &amp;Repeater_1.Output{/element/NETWORK}&amp; " OPERASYON: "&amp;Repeater_1.Output{/element/OPERATION} &amp; " STATU ACIK OLMADIĞI İÇİN AKTİVİTE GİRİŞİ YAPILAMADI.")</From></Assign></IncomingLinks><OutgoingLinks/></Action></Actions></Step></Steps><Actions><Action><Name>Conditional_0</Name><Description> </Description><Expiration/><IncomingLinks><Assign xsi:type="Assign"><Name/><Description/><To>Conditional_0.Input1</To><From>SAP_BAPI_BUS2002_GET_STATUS.Response{/BAPI_BUS2002_GET_STATUS/TABLES/E_ACTIVITY_USER_STATUS/item[ACTIVITY=#Repeater_1.Output{/element/OPERATION}#]/USER_STATUS}!="ACIK"</From></Assign></IncomingLinks><OutgoingLinks/></Action></Actions></Step></Steps><Actions><Action><Name>Pause_2</Name><Description> </Description><Expiration/><IncomingLinks/><OutgoingLinks/></Action></Actions></Step></Steps><Actions><Action><Name>SAP_BAPI_BUS2002_GET_STATUS</Name><Description> </Description><Expiration/><IncomingLinks><Assign xsi:type="Assign"><Name/><Description/><To>SAP_BAPI_BUS2002_GET_STATUS.Request{/BAPI_BUS2002_GET_STATUS/INPUT/NUMBER}</To><From>format(Repeater_1.Output{/element/NETWORK},"000000000000")</From></Assign></IncomingLinks><OutgoingLinks/></Action></Actions></Step></Steps><Actions><Action><Name>Repeater_1</Name><Description> </Description><Expiration>Sequence_24</Expiration><IncomingLinks/><OutgoingLinks/></Action></Actions></Step><Step xsi:type="Repeater"><Name>Sequence_24</Name><Description/><Steps><Step xsi:type="ActionSequence"><Name>Sequence_10</Name><Description/><Steps><Step xsi:type="ActionSequence"><Name>Sequence_8</Name><Description/><Steps><Step xsi:type="ActionSequence"><Name>Sequence_18</Name><Description/><Steps><Step xsi:type="ActionSequence"><Name>Sequence_19</Name><Description/><Steps><Step xsi:type="Conditional"><Name>Sequence_9</Name><Description/><Steps><Step xsi:type="ActionSequence"><Name>Sequence_16</Name><Description/><Steps/><Actions><Action><Name>Assignment_3</Name><Description> </Description><Expiration>Sequence_17</Expiration><IncomingLinks/><OutgoingLinks><Assign xsi:type="Assign"><Name/><Description/><To>Local.errorList</To><From>append(Local.errorList,"AĞ PLANI: " &amp;Repeater_0.Output{/element/NETWORK}&amp; " OPERASYON: "&amp;Repeater_0.Output{/element/OPERATION} &amp; " AKTİVİTE GİRİŞİ YAPILAMADI." &amp;"HATA MESAJI: " &amp; 
SAP_JCo_Function_0.Response{/BAPI_NETWORK_CONF_ADD/TABLES/E_MESSAGE_TABLE/item/MESSAGE}
)</From></Assign></OutgoingLinks></Action></Actions></Step><Step xsi:type="ActionSequence"><Name>Sequence_17</Name><Description/><Steps><Step xsi:type="ActionSequence"><Name>Sequence_2</Name><Description/><Steps/><Actions><Action><Name>UPD_HIST_NETWORK_STATU_0</Name><Description>SQL Query</Description><Expiration>Sequence_0</Expiration><IncomingLinks><Assign xsi:type="Assign"><Name/><Description/><To>UPD_HIST_NETWORK_STATU_0.Param.1</To><From>Repeater_0.Output{/element/ID}</From></Assign></IncomingLinks><OutgoingLinks/></Action></Actions></Step></Steps><Actions><Action><Name>Assignment_4</Name><Description> </Description><Expiration>Sequence_2</Expiration><IncomingLinks/><OutgoingLinks><Assign xsi:type="Assign"><Name/><Description/><To>Local.errorList</To><From>append(Local.errorList,"AĞ PLANI: " &amp;Repeater_0.Output{/element/NETWORK}&amp; " OPERASYON: "&amp;Repeater_0.Output{/element/OPERATION} &amp; " AKTİVİTE GİRİŞİ YAPILDI."
)</From></Assign></OutgoingLinks></Action></Actions></Step></Steps><Actions><Action><Name>Conditional_1</Name><Description> </Description><Expiration/><IncomingLinks><Assign xsi:type="Assign"><Name/><Description/><To>Conditional_1.Input1</To><From>SAP_JCo_Function_0.Response{/BAPI_NETWORK_CONF_ADD/TABLES/E_MESSAGE_TABLE/item/TYPE}=="E"</From></Assign></IncomingLinks><OutgoingLinks/></Action></Actions></Step></Steps><Actions><Action><Name>Pause_0</Name><Description> </Description><Expiration/><IncomingLinks/><OutgoingLinks/></Action></Actions></Step></Steps><Actions><Action><Name>INS_HIST_CONF_QRY_1</Name><Description>SQL Query</Description><Expiration/><IncomingLinks><Assign xsi:type="Assign"><Name/><Description/><To>INS_HIST_CONF_QRY_1.Param.1</To><From>format(Repeater_0.Output{/element/NETWORK},"000000000000")</From></Assign><Assign xsi:type="Assign"><Name/><Description/><To>INS_HIST_CONF_QRY_1.Param.2</To><From>Repeater_0.Output{/element/OPERATION}</From></Assign><Assign xsi:type="Assign"><Name/><Description/><To>INS_HIST_CONF_QRY_1.Param.3</To><From>Repeater_0.Output{/element/WORK_CENTER}</From></Assign><Assign xsi:type="Assign"><Name/><Description/><To>INS_HIST_CONF_QRY_1.Param.4</To><From>Repeater_0.Output{/element/UPTIME}</From></Assign><Assign xsi:type="Assign"><Name/><Description/><To>INS_HIST_CONF_QRY_1.Param.5</To><From>SAP_JCo_Function_0.Response{/BAPI_NETWORK_CONF_ADD/TABLES/E_MESSAGE_TABLE/item/CONF_NO}</From></Assign><Assign xsi:type="Assign"><Name/><Description/><To>INS_HIST_CONF_QRY_1.Param.6</To><From>SAP_JCo_Function_0.Response{/BAPI_NETWORK_CONF_ADD/TABLES/E_MESSAGE_TABLE/item/CONF_CNT}</From></Assign><Assign xsi:type="Assign"><Name/><Description/><To>INS_HIST_CONF_QRY_1.Param.7</To><From>SAP_JCo_Function_0.Response{/BAPI_NETWORK_CONF_ADD/TABLES/E_MESSAGE_TABLE/item/TYPE}</From></Assign><Assign xsi:type="Assign"><Name/><Description/><To>INS_HIST_CONF_QRY_1.Param.8</To><From>Repeater_0.Output{/element/START_TIME}</From></Assign><Assign xsi:type="Assign"><Name/><Description/><To>INS_HIST_CONF_QRY_1.Param.9</To><From>Repeater_0.Output{/element/END_TIME}</From></Assign><Assign xsi:type="Assign"><Name/><Description/><To>INS_HIST_CONF_QRY_1.Param.10</To><From>SAP_JCo_Function_0.Response{/BAPI_NETWORK_CONF_ADD/TABLES/E_MESSAGE_TABLE/item/MESSAGE}</From></Assign></IncomingLinks><OutgoingLinks/></Action></Actions></Step></Steps><Actions><Action><Name>Commit</Name><Description> </Description><Expiration/><IncomingLinks/><OutgoingLinks/></Action></Actions></Step></Steps><Actions><Action><Name>SAP_JCo_Function_0</Name><Description> </Description><Expiration/><IncomingLinks><Assign xsi:type="Assign"><Name/><Description/><To>SAP_JCo_Function_0.Request{/BAPI_NETWORK_CONF_ADD/TABLES/I_CONFIRMATIONS/item/PLANT}</To><From>"3100"</From></Assign><Assign xsi:type="Assign"><Name/><Description/><To>SAP_JCo_Function_0.Request{/BAPI_NETWORK_CONF_ADD/TABLES/I_CONFIRMATIONS/item/ACT_TYPE}</To><From>"P100"</From></Assign><Assign xsi:type="Assign"><Name/><Description/><To>SAP_JCo_Function_0.Request{/BAPI_NETWORK_CONF_ADD/TABLES/I_CONFIRMATIONS/item/UN_ACT_DUR}</To><From>"SA"</From></Assign><Assign xsi:type="Assign"><Name/><Description/><To>SAP_JCo_Function_0.Request{/BAPI_NETWORK_CONF_ADD/TABLES/I_CONFIRMATIONS/item/UN_ACT_DUR_ISO}</To><From>"SA"</From></Assign><Assign xsi:type="Assign"><Name/><Description/><To>SAP_JCo_Function_0.Request{/BAPI_NETWORK_CONF_ADD/TABLES/I_CONFIRMATIONS/item/COMPLETE}</To><From>"X"</From></Assign><Assign xsi:type="Assign"><Name/><Description/><To>SAP_JCo_Function_0.Request{/BAPI_NETWORK_CONF_ADD/INPUT/NUMBER}</To><From>format(Repeater_0.Output{/element/NETWORK},"000000000000")</From></Assign><Assign xsi:type="Assign"><Name/><Description/><To>SAP_JCo_Function_0.Request{/BAPI_NETWORK_CONF_ADD/TABLES/I_CONFIRMATIONS/item/ACTIVITY}</To><From>Repeater_0.Output{/element/OPERATION}</From></Assign><Assign xsi:type="Assign"><Name/><Description/><To>SAP_JCo_Function_0.Request{/BAPI_NETWORK_CONF_ADD/TABLES/I_CONFIRMATIONS/item/WORK_CNTR}</To><From>Repeater_0.Output{/element/WORK_CENTER}</From></Assign><Assign xsi:type="Assign"><Name/><Description/><To>SAP_JCo_Function_0.Request{/BAPI_NETWORK_CONF_ADD/TABLES/I_CONFIRMATIONS/item/ACT_WORK}</To><From>Repeater_0.Output{/element/UPTIME}/60</From></Assign><Assign xsi:type="Assign"><Name/><Description/><To>SAP_JCo_Function_0.Request{/BAPI_NETWORK_CONF_ADD/TABLES/I_CONFIRMATIONS/item/EXEC_START_DATE}</To><From>Repeater_0.Output{/element/START_TIME}</From></Assign><Assign xsi:type="Assign"><Name/><Description/><To>SAP_JCo_Function_0.Request{/BAPI_NETWORK_CONF_ADD/TABLES/I_CONFIRMATIONS/item/EXEC_FIN_DATE}</To><From>Repeater_0.Output{/element/END_TIME}</From></Assign><Assign xsi:type="Assign"><Name/><Description/><To>SAP_JCo_Function_0.Request{/BAPI_NETWORK_CONF_ADD/TABLES/I_CONFIRMATIONS/item/POSTG_DATE}</To><From>Repeater_0.Output{/element/END_TIME}</From></Assign></IncomingLinks><OutgoingLinks/></Action></Actions></Step></Steps><Actions><Action><Name>Repeater_0</Name><Description> </Description><Expiration>Sequence_0</Expiration><IncomingLinks/><OutgoingLinks/></Action></Actions></Step></Steps><Actions/></Step><Step xsi:type="ActionSequence"><Name>Sequence_0</Name><Description/><Steps><Step xsi:type="ActionSequence"><Name>Sequence_4</Name><Description/><Steps/><Actions><Action><Name>Assignment_0</Name><Description> </Description><Expiration>Sequence_20</Expiration><IncomingLinks/><OutgoingLinks><Assign xsi:type="Assign"><Name/><Description/><To>Transaction.O_JSON</To><From>
listtostring(Local.errorList, "\n")</From></Assign></OutgoingLinks></Action></Actions></Step></Steps><Actions><Action><Name>end</Name><Description> </Description><Expiration>Sequence_4</Expiration><IncomingLinks/><OutgoingLinks/></Action></Actions></Step></Steps><Actions><Action><Name>connect</Name><Description> </Description><Expiration>Sequence_4</Expiration><IncomingLinks/><OutgoingLinks/></Action></Actions></Step><Step xsi:type="Catch"><Name>Sequence_20</Name><Description/><Steps><Step xsi:type="ActionSequence"><Name>Sequence_22</Name><Description/><Steps/><Actions><Action><Name>Terminate_Transaction_0</Name><Description> </Description><Expiration/><IncomingLinks><Assign xsi:type="Assign"><Name/><Description/><To>Terminate_Transaction_0.TerminationMessage</To><From>Catch_0.Message</From></Assign></IncomingLinks><OutgoingLinks/></Action></Actions></Step></Steps><Actions><Action><Name>Catch_0</Name><Description>Catches an exception</Description><Expiration>Sequence_22</Expiration><IncomingLinks/><OutgoingLinks/></Action></Actions></Step></Steps><Actions><Action><Name>Assignment_1</Name><Description> </Description><Expiration>Sequence_7</Expiration><IncomingLinks/><OutgoingLinks><Assign xsi:type="Assign"><Name/><Description/><To>Local.errorList</To><From>emptylist</From></Assign></OutgoingLinks></Action></Actions></Step></Steps></Transaction>