<?xml version="1.0" encoding="UTF-8" standalone="no"?><Transaction xmlns:xsd="http://www.w3.org/2001/XMLSchema" xmlns:xsi="http://www.w3.org/2001/XMLSchema-instance" Version="15.5.0.14"><TransactionAttributes><ContextItem><Name>Description</Name><Description>Transaction Description</Description><MinRange>0</MinRange><MaxRange>0</MaxRange><Value xsi:type="string"/><ReadOnly>true</ReadOnly><AlertXMLAssigned>false</AlertXMLAssigned></ContextItem><ContextItem><Name>Comments</Name><Description>User Comments</Description><MinRange>0</MinRange><MaxRange>0</MaxRange><Value xsi:type="string"/><ReadOnly>true</ReadOnly><AlertXMLAssigned>false</AlertXMLAssigned></ContextItem><ContextItem><Name>CreatedBy</Name><Description>Created By</Description><MinRange>0</MinRange><MaxRange>0</MaxRange><Value xsi:type="string">Administrator</Value><ReadOnly>true</ReadOnly><AlertXMLAssigned>false</AlertXMLAssigned></ContextItem><ContextItem><Name>CreationDate</Name><Description>Creation Date</Description><MinRange>0</MinRange><MaxRange>0</MaxRange><Value xsi:type="dateTime">2023-07-12T12:39:28</Value><ReadOnly>true</ReadOnly><AlertXMLAssigned>false</AlertXMLAssigned></ContextItem><ContextItem><Name>Category</Name><Description>Transaction Category</Description><MinRange>0</MinRange><MaxRange>0</MaxRange><Value xsi:type="string"/><ReadOnly>true</ReadOnly><AlertXMLAssigned>false</AlertXMLAssigned></ContextItem><ContextItem><Name>Status</Name><Description>Deployment Status</Description><MinRange>0</MinRange><MaxRange>0</MaxRange><Value xsi:type="string">DEVELOPMENT</Value><ReadOnly>true</ReadOnly><AlertXMLAssigned>false</AlertXMLAssigned></ContextItem><ContextItem><Name>LegacyProcessingMode</Name><Description>Support the pre MII 12.1 Transaction Engine.</Description><MinRange>0</MinRange><MaxRange>0</MaxRange><Value xsi:type="boolean">0</Value><ReadOnly>true</ReadOnly><AlertXMLAssigned>false</AlertXMLAssigned></ContextItem><ContextItem><Name>AutoAppendBlankNamespaces</Name><Description>AutoAppendBlankNamespaces</Description><MinRange>0</MinRange><MaxRange>0</MaxRange><Value xsi:type="boolean">1</Value><ReadOnly>true</ReadOnly><AlertXMLAssigned>false</AlertXMLAssigned></ContextItem><ContextItem><Name>ThrowOnLinkError</Name><Description>Throws an exception when a link error occures</Description><MinRange>0</MinRange><MaxRange>0</MaxRange><Value xsi:type="boolean">0</Value><ReadOnly>true</ReadOnly><AlertXMLAssigned>false</AlertXMLAssigned></ContextItem><ContextItem><Name>ThrowOnActionError</Name><Description>Throws an exception when an action error occurs</Description><MinRange>0</MinRange><MaxRange>0</MaxRange><Value xsi:type="boolean">1</Value><ReadOnly>true</ReadOnly><AlertXMLAssigned>false</AlertXMLAssigned></ContextItem><ContextItem><Name>FormatXMLOnConversion</Name><Description>By default XML will be formatted when assigned from XML data type to String data type. This behaviour can be changed with this flag.</Description><MinRange>0</MinRange><MaxRange>0</MaxRange><Value xsi:type="boolean">1</Value><ReadOnly>true</ReadOnly><AlertXMLAssigned>false</AlertXMLAssigned></ContextItem><ContextItem><Name>LastEditedBy</Name><Description>Last Edited By</Description><MinRange>0</MinRange><MaxRange>0</MaxRange><Value xsi:type="xsd:string">Administrator</Value><ReadOnly>true</ReadOnly><AlertXMLAssigned>false</AlertXMLAssigned></ContextItem><ContextItem><Name>LastEditedDate</Name><Description>Last Edited Date</Description><MinRange>0</MinRange><MaxRange>0</MaxRange><Value xsi:type="xsd:dateTime">2024-02-07T16:06:51</Value><ReadOnly>true</ReadOnly><AlertXMLAssigned>false</AlertXMLAssigned></ContextItem></TransactionAttributes><Name>MII/DOWNTIME/T_CNFG_GROUP_LIST</Name><Version>5</Version><WriterRoles>SAP_XMII_Super_Administrator,SAP_XMII_Administrator,SAP_XMII_Developer</WriterRoles><Context><ContextItem><Name>O_JSON</Name><Description/><MinRange>0</MinRange><MaxRange>0</MaxRange><Value xsi:type="string"/><ReadOnly>true</ReadOnly><AlertXMLAssigned>false</AlertXMLAssigned></ContextItem></Context><Local/><Layout><GUILayoutItem><Name>Sequence</Name><X>8</X><Y>144</Y><Width>120</Width><SpacingWidth>120</SpacingWidth><DescendantWidth>120</DescendantWidth><Height>96</Height></GUILayoutItem><GUILayoutItem><Name>Sequence_0</Name><X>8</X><Y>8</Y><Width>120</Width><SpacingWidth>120</SpacingWidth><DescendantWidth>120</DescendantWidth><Height>96</Height></GUILayoutItem><GUILayoutItem><Name>Sequence_1</Name><X>8</X><Y>280</Y><Width>120</Width><SpacingWidth>120</SpacingWidth><DescendantWidth>120</DescendantWidth><Height>96</Height></GUILayoutItem><GUILayoutItem><Name>XML_To_Json_Converter_0</Name><X>16</X><Y>296</Y><Width>104</Width><SpacingWidth>0</SpacingWidth><DescendantWidth>0</DescendantWidth><Height>72</Height></GUILayoutItem><GUILayoutItem><Name>Sequence_2</Name><X>8</X><Y>416</Y><Width>120</Width><SpacingWidth>120</SpacingWidth><DescendantWidth>0</DescendantWidth><Height>96</Height></GUILayoutItem><GUILayoutItem><Name>Tracer_0</Name><X>16</X><Y>432</Y><Width>104</Width><SpacingWidth>0</SpacingWidth><DescendantWidth>0</DescendantWidth><Height>72</Height></GUILayoutItem><GUILayoutItem><Name>SLC_CNFG_GROUP_0</Name><X>16</X><Y>160</Y><Width>104</Width><SpacingWidth>0</SpacingWidth><DescendantWidth>0</DescendantWidth><Height>72</Height></GUILayoutItem></Layout><Actions><ContextItem><Name>XML_To_Json_Converter_0</Name><Description/><MinRange>0</MinRange><MaxRange>0</MaxRange><Value xsi:type="XMLToJson"><InputPath/><InputContent/><RootExclude>false</RootExclude></Value><ReadOnly>false</ReadOnly><AlertXMLAssigned>false</AlertXMLAssigned></ContextItem><ContextItem><Name>Tracer_0</Name><Description/><MinRange>0</MinRange><MaxRange>0</MaxRange><Value xsi:type="Tracer"><Message/><Level>INFO</Level></Value><ReadOnly>false</ReadOnly><AlertXMLAssigned>false</AlertXMLAssigned></ContextItem><ContextItem><Name>SLC_CNFG_GROUP_0</Name><Description/><MinRange>0</MinRange><MaxRange>0</MaxRange><Value xsi:type="IlluminatorSQLQueryObject"><Format>text/xml</Format><Timeout>60</Timeout><QueryParameters/><QueryStartDate>2023-07-27T10:11:46</QueryStartDate><SQLTransaction/><ResultsAsString/><QueryTemplate>MII/DOWNTIME/SLC_CNFG_GROUP</QueryTemplate><ResultSet/><Results><ReferenceDocumentSource/>&lt;?xml version="1.0" encoding="UTF-8"?&gt;&lt;Rowsets CachedTime="" DateCreated="2024-02-07T16:06:45" EndDate="2024-02-07T16:06:45" StartDate="2024-02-07T15:06:45" Version="15.5 SP0 Patch 14 (Dec 23, 2022)"&gt;&lt;Rowset&gt;&lt;Columns&gt;&lt;Column Description="ID" MaxRange="1" MinRange="0" Name="ID" SQLDataType="4" SourceColumn="ID"/&gt;&lt;Column Description="NAME" MaxRange="1" MinRange="0" Name="NAME" SQLDataType="12" SourceColumn="NAME"/&gt;&lt;Column Description="ANDON_MACHINE_ID" MaxRange="1" MinRange="0" Name="ANDON_MACHINE_ID" SQLDataType="4" SourceColumn="ANDON_MACHINE_ID"/&gt;&lt;Column Description="OPERATION" MaxRange="1" MinRange="0" Name="OPERATION" SQLDataType="12" SourceColumn="OPERATION"/&gt;&lt;Column Description="WORK_CENTER" MaxRange="1" MinRange="0" Name="WORK_CENTER" SQLDataType="12" SourceColumn="WORK_CENTER"/&gt;&lt;/Columns&gt;&lt;Row&gt;&lt;ID&gt;1&lt;/ID&gt;&lt;NAME&gt;PROSES TASARIMI&lt;/NAME&gt;&lt;ANDON_MACHINE_ID&gt;1&lt;/ANDON_MACHINE_ID&gt;&lt;OPERATION&gt;0010&lt;/OPERATION&gt;&lt;WORK_CENTER/&gt;&lt;/Row&gt;&lt;Row&gt;&lt;ID&gt;2&lt;/ID&gt;&lt;NAME&gt;KALIP TASARIMI&lt;/NAME&gt;&lt;ANDON_MACHINE_ID&gt;2&lt;/ANDON_MACHINE_ID&gt;&lt;OPERATION&gt;0020&lt;/OPERATION&gt;&lt;WORK_CENTER&gt;KLP2724&lt;/WORK_CENTER&gt;&lt;/Row&gt;&lt;Row&gt;&lt;ID&gt;3&lt;/ID&gt;&lt;NAME&gt;2D ISLEME&lt;/NAME&gt;&lt;ANDON_MACHINE_ID&gt;3&lt;/ANDON_MACHINE_ID&gt;&lt;OPERATION&gt;0030&lt;/OPERATION&gt;&lt;WORK_CENTER&gt;2DISLEME&lt;/WORK_CENTER&gt;&lt;/Row&gt;&lt;Row&gt;&lt;ID&gt;4&lt;/ID&gt;&lt;NAME&gt;CAM&lt;/NAME&gt;&lt;ANDON_MACHINE_ID&gt;4&lt;/ANDON_MACHINE_ID&gt;&lt;OPERATION&gt;0040&lt;/OPERATION&gt;&lt;WORK_CENTER&gt;KLP30&lt;/WORK_CENTER&gt;&lt;/Row&gt;&lt;Row&gt;&lt;ID&gt;5&lt;/ID&gt;&lt;NAME&gt;CNC ISLEME&lt;/NAME&gt;&lt;ANDON_MACHINE_ID&gt;5&lt;/ANDON_MACHINE_ID&gt;&lt;OPERATION&gt;0050&lt;/OPERATION&gt;&lt;WORK_CENTER&gt;DIKISLEM&lt;/WORK_CENTER&gt;&lt;/Row&gt;&lt;Row&gt;&lt;ID&gt;6&lt;/ID&gt;&lt;NAME&gt;KALIP MONTAJ&lt;/NAME&gt;&lt;ANDON_MACHINE_ID&gt;6&lt;/ANDON_MACHINE_ID&gt;&lt;OPERATION&gt;0060&lt;/OPERATION&gt;&lt;WORK_CENTER&gt;MONTAJ&lt;/WORK_CENTER&gt;&lt;/Row&gt;&lt;Row&gt;&lt;ID&gt;7&lt;/ID&gt;&lt;NAME&gt;TEL EREZYON&lt;/NAME&gt;&lt;ANDON_MACHINE_ID&gt;7&lt;/ANDON_MACHINE_ID&gt;&lt;OPERATION&gt;0070&lt;/OPERATION&gt;&lt;WORK_CENTER&gt;TELEREZY&lt;/WORK_CENTER&gt;&lt;/Row&gt;&lt;Row&gt;&lt;ID&gt;8&lt;/ID&gt;&lt;NAME&gt;DEVREYE ALMA&lt;/NAME&gt;&lt;ANDON_MACHINE_ID&gt;8&lt;/ANDON_MACHINE_ID&gt;&lt;OPERATION&gt;0080&lt;/OPERATION&gt;&lt;WORK_CENTER&gt;DEVALMA&lt;/WORK_CENTER&gt;&lt;/Row&gt;&lt;/Rowset&gt;&lt;/Rowsets&gt;</Results><QueryEndDate>2023-07-27T10:11:46</QueryEndDate><TagList/></Value><SchemaURI/><SchemaElement/><ValidateXMLOnExecution>1</ValidateXMLOnExecution><ReadOnly>false</ReadOnly><AlertXMLAssigned>false</AlertXMLAssigned></ContextItem></Actions><ReaderRoles>SAP_XMII_Super_Administrator,SAP_XMII_Administrator,SAP_XMII_Developer,SAP_XMII_User</ReaderRoles><Steps><Step xsi:type="ActionSequence"><Name>Sequence_0</Name><Description/><Steps><Step xsi:type="ActionSequence"><Name>Sequence</Name><Description/><Steps><Step xsi:type="ActionSequence"><Name>Sequence_1</Name><Description/><Steps><Step xsi:type="ActionSequence"><Name>Sequence_2</Name><Description/><Steps/><Actions><Action><Name>Tracer_0</Name><Description> </Description><Expiration/><IncomingLinks><Assign xsi:type="Assign"><Name/><Description/><To>Tracer_0.Message</To><From>Transaction.O_JSON</From></Assign></IncomingLinks><OutgoingLinks/></Action></Actions></Step></Steps><Actions><Action><Name>XML_To_Json_Converter_0</Name><Description>XML To Json</Description><Expiration>Sequence_2</Expiration><IncomingLinks><Assign xsi:type="Assign"><Name/><Description/><To>XML_To_Json_Converter_0.InputContent</To><From>SLC_CNFG_GROUP_0.Results</From></Assign></IncomingLinks><OutgoingLinks><Assign xsi:type="Assign"><Name/><Description/><To>Transaction.O_JSON</To><From>Transaction.O_JSON&amp;XML_To_Json_Converter_0.Output</From></Assign></OutgoingLinks></Action></Actions></Step></Steps><Actions><Action><Name>SLC_CNFG_GROUP_0</Name><Description>SQL Query</Description><Expiration>Sequence_2</Expiration><IncomingLinks/><OutgoingLinks/></Action></Actions></Step></Steps><Actions/></Step></Steps></Transaction>