<?xml version="1.0" encoding="UTF-8" standalone="no"?><Transaction xmlns:xsd="http://www.w3.org/2001/XMLSchema" xmlns:xsi="http://www.w3.org/2001/XMLSchema-instance" Version="15.5.0.14"><TransactionAttributes><ContextItem><Name>Description</Name><Description>Transaction Description</Description><MinRange>0</MinRange><MaxRange>0</MaxRange><Value xsi:type="string"/><ReadOnly>true</ReadOnly><AlertXMLAssigned>false</AlertXMLAssigned></ContextItem><ContextItem><Name>Comments</Name><Description>User Comments</Description><MinRange>0</MinRange><MaxRange>0</MaxRange><Value xsi:type="string"/><ReadOnly>true</ReadOnly><AlertXMLAssigned>false</AlertXMLAssigned></ContextItem><ContextItem><Name>CreatedBy</Name><Description>Created By</Description><MinRange>0</MinRange><MaxRange>0</MaxRange><Value xsi:type="string">Administrator</Value><ReadOnly>true</ReadOnly><AlertXMLAssigned>false</AlertXMLAssigned></ContextItem><ContextItem><Name>CreationDate</Name><Description>Creation Date</Description><MinRange>0</MinRange><MaxRange>0</MaxRange><Value xsi:type="dateTime">2023-08-01T17:38:38</Value><ReadOnly>true</ReadOnly><AlertXMLAssigned>false</AlertXMLAssigned></ContextItem><ContextItem><Name>Category</Name><Description>Transaction Category</Description><MinRange>0</MinRange><MaxRange>0</MaxRange><Value xsi:type="string"/><ReadOnly>true</ReadOnly><AlertXMLAssigned>false</AlertXMLAssigned></ContextItem><ContextItem><Name>Status</Name><Description>Deployment Status</Description><MinRange>0</MinRange><MaxRange>0</MaxRange><Value xsi:type="string">DEVELOPMENT</Value><ReadOnly>true</ReadOnly><AlertXMLAssigned>false</AlertXMLAssigned></ContextItem><ContextItem><Name>LegacyProcessingMode</Name><Description>Support the pre MII 12.1 Transaction Engine.</Description><MinRange>0</MinRange><MaxRange>0</MaxRange><Value xsi:type="boolean">0</Value><ReadOnly>true</ReadOnly><AlertXMLAssigned>false</AlertXMLAssigned></ContextItem><ContextItem><Name>AutoAppendBlankNamespaces</Name><Description>AutoAppendBlankNamespaces</Description><MinRange>0</MinRange><MaxRange>0</MaxRange><Value xsi:type="boolean">1</Value><ReadOnly>true</ReadOnly><AlertXMLAssigned>false</AlertXMLAssigned></ContextItem><ContextItem><Name>ThrowOnLinkError</Name><Description>Throws an exception when a link error occures</Description><MinRange>0</MinRange><MaxRange>0</MaxRange><Value xsi:type="boolean">0</Value><ReadOnly>true</ReadOnly><AlertXMLAssigned>false</AlertXMLAssigned></ContextItem><ContextItem><Name>ThrowOnActionError</Name><Description>Throws an exception when an action error occurs</Description><MinRange>0</MinRange><MaxRange>0</MaxRange><Value xsi:type="boolean">1</Value><ReadOnly>true</ReadOnly><AlertXMLAssigned>false</AlertXMLAssigned></ContextItem><ContextItem><Name>FormatXMLOnConversion</Name><Description>By default XML will be formatted when assigned from XML data type to String data type. This behaviour can be changed with this flag.</Description><MinRange>0</MinRange><MaxRange>0</MaxRange><Value xsi:type="boolean">1</Value><ReadOnly>true</ReadOnly><AlertXMLAssigned>false</AlertXMLAssigned></ContextItem><ContextItem><Name>LastEditedBy</Name><Description>Last Edited By</Description><MinRange>0</MinRange><MaxRange>0</MaxRange><Value xsi:type="xsd:string">Administrator</Value><ReadOnly>true</ReadOnly><AlertXMLAssigned>false</AlertXMLAssigned></ContextItem><ContextItem><Name>LastEditedDate</Name><Description>Last Edited Date</Description><MinRange>0</MinRange><MaxRange>0</MaxRange><Value xsi:type="xsd:dateTime">2023-09-18T14:16:36</Value><ReadOnly>true</ReadOnly><AlertXMLAssigned>false</AlertXMLAssigned></ContextItem></TransactionAttributes><Name>MII/DOWNTIME/T_INSERT_DOWNTIME</Name><Version>16</Version><WriterRoles>SAP_XMII_Super_Administrator,SAP_XMII_Administrator,SAP_XMII_Developer</WriterRoles><Context><ContextItem><Name>I_END_TIME</Name><Description/><MinRange>0</MinRange><MaxRange>0</MaxRange><Value xsi:type="string">2023-08-23 15:40</Value><ReadOnly>false</ReadOnly><AlertXMLAssigned>false</AlertXMLAssigned></ContextItem><ContextItem><Name>I_GUID</Name><Description/><MinRange>0</MinRange><MaxRange>0</MaxRange><Value xsi:type="string">7da4fa35-ff69-4e0e-8623-0289fcc5e662</Value><ReadOnly>false</ReadOnly><AlertXMLAssigned>false</AlertXMLAssigned></ContextItem><ContextItem><Name>I_REASON_CODE</Name><Description/><MinRange>0</MinRange><MaxRange>0</MaxRange><Value xsi:type="string">6</Value><ReadOnly>false</ReadOnly><AlertXMLAssigned>false</AlertXMLAssigned></ContextItem><ContextItem><Name>I_START_TIME</Name><Description/><MinRange>0</MinRange><MaxRange>0</MaxRange><Value xsi:type="string">2023-08-23 16:40</Value><ReadOnly>false</ReadOnly><AlertXMLAssigned>false</AlertXMLAssigned></ContextItem><ContextItem><Name>O_JSON</Name><Description/><MinRange>0</MinRange><MaxRange>0</MaxRange><Value xsi:type="string"/><ReadOnly>true</ReadOnly><AlertXMLAssigned>false</AlertXMLAssigned></ContextItem></Context><Local><ContextItem><Name>errorCodeD</Name><Description/><MinRange>0</MinRange><MaxRange>0</MaxRange><Value xsi:type="integer">0</Value><ReadOnly>false</ReadOnly><AlertXMLAssigned>false</AlertXMLAssigned></ContextItem><ContextItem><Name>errorCodeH</Name><Description/><MinRange>0</MinRange><MaxRange>0</MaxRange><Value xsi:type="integer">0</Value><ReadOnly>false</ReadOnly><AlertXMLAssigned>false</AlertXMLAssigned></ContextItem><ContextItem><Name>errorCodeN</Name><Description/><MinRange>0</MinRange><MaxRange>0</MaxRange><Value xsi:type="integer">0</Value><ReadOnly>false</ReadOnly><AlertXMLAssigned>false</AlertXMLAssigned></ContextItem></Local><Layout><GUILayoutItem><Name>Sequence</Name><X>368</X><Y>8</Y><Width>120</Width><SpacingWidth>840</SpacingWidth><DescendantWidth>840</DescendantWidth><Height>96</Height></GUILayoutItem><GUILayoutItem><Name>Sequence_2</Name><X>8</X><Y>144</Y><Width>120</Width><SpacingWidth>120</SpacingWidth><DescendantWidth>120</DescendantWidth><Height>96</Height></GUILayoutItem><GUILayoutItem><Name>Sequence_6</Name><X>728</X><Y>144</Y><Width>120</Width><SpacingWidth>120</SpacingWidth><DescendantWidth>120</DescendantWidth><Height>96</Height></GUILayoutItem><GUILayoutItem><Name>Sequence_3</Name><X>728</X><Y>280</Y><Width>120</Width><SpacingWidth>120</SpacingWidth><DescendantWidth>120</DescendantWidth><Height>96</Height></GUILayoutItem><GUILayoutItem><Name>Catch_0</Name><X>736</X><Y>296</Y><Width>104</Width><SpacingWidth>0</SpacingWidth><DescendantWidth>0</DescendantWidth><Height>72</Height></GUILayoutItem><GUILayoutItem><Name>Sequence_4</Name><X>728</X><Y>416</Y><Width>120</Width><SpacingWidth>120</SpacingWidth><DescendantWidth>0</DescendantWidth><Height>96</Height></GUILayoutItem><GUILayoutItem><Name>Terminate_Transaction_0</Name><X>736</X><Y>432</Y><Width>104</Width><SpacingWidth>0</SpacingWidth><DescendantWidth>0</DescendantWidth><Height>72</Height></GUILayoutItem><GUILayoutItem><Name>Sequence_0</Name><X>152</X><Y>280</Y><Width>120</Width><SpacingWidth>120</SpacingWidth><DescendantWidth>120</DescendantWidth><Height>96</Height></GUILayoutItem><GUILayoutItem><Name>INS_DOWNTIME_QRY_0</Name><X>160</X><Y>296</Y><Width>104</Width><SpacingWidth>0</SpacingWidth><DescendantWidth>0</DescendantWidth><Height>72</Height></GUILayoutItem><GUILayoutItem><Name>Sequence_1</Name><X>152</X><Y>416</Y><Width>120</Width><SpacingWidth>120</SpacingWidth><DescendantWidth>0</DescendantWidth><Height>96</Height></GUILayoutItem><GUILayoutItem><Name>Assignment_0</Name><X>160</X><Y>432</Y><Width>104</Width><SpacingWidth>0</SpacingWidth><DescendantWidth>0</DescendantWidth><Height>72</Height></GUILayoutItem><GUILayoutItem><Name>CHECK_DOWNTIME_UPDATE_0</Name><X>16</X><Y>160</Y><Width>104</Width><SpacingWidth>0</SpacingWidth><DescendantWidth>0</DescendantWidth><Height>72</Height></GUILayoutItem><GUILayoutItem><Name>Sequence_5</Name><X>368</X><Y>144</Y><Width>120</Width><SpacingWidth>552</SpacingWidth><DescendantWidth>552</DescendantWidth><Height>96</Height></GUILayoutItem><GUILayoutItem><Name>Conditional_0</Name><X>376</X><Y>160</Y><Width>104</Width><SpacingWidth>0</SpacingWidth><DescendantWidth>0</DescendantWidth><Height>72</Height></GUILayoutItem><GUILayoutItem><Name>Sequence_10</Name><X>440</X><Y>280</Y><Width>120</Width><SpacingWidth>408</SpacingWidth><DescendantWidth>408</DescendantWidth><Height>96</Height></GUILayoutItem><GUILayoutItem><Name>Sequence_11</Name><X>584</X><Y>416</Y><Width>120</Width><SpacingWidth>120</SpacingWidth><DescendantWidth>120</DescendantWidth><Height>96</Height></GUILayoutItem><GUILayoutItem><Name>Conditional_2</Name><X>592</X><Y>432</Y><Width>104</Width><SpacingWidth>0</SpacingWidth><DescendantWidth>0</DescendantWidth><Height>72</Height></GUILayoutItem><GUILayoutItem><Name>Sequence_12</Name><X>584</X><Y>552</Y><Width>120</Width><SpacingWidth>120</SpacingWidth><DescendantWidth>0</DescendantWidth><Height>96</Height></GUILayoutItem><GUILayoutItem><Name>Assignment_2</Name><X>592</X><Y>568</Y><Width>104</Width><SpacingWidth>0</SpacingWidth><DescendantWidth>0</DescendantWidth><Height>72</Height></GUILayoutItem><GUILayoutItem><Name>Sequence_7</Name><X>8</X><Y>280</Y><Width>120</Width><SpacingWidth>120</SpacingWidth><DescendantWidth>0</DescendantWidth><Height>96</Height></GUILayoutItem><GUILayoutItem><Name>Sequence_8</Name><X>440</X><Y>416</Y><Width>120</Width><SpacingWidth>120</SpacingWidth><DescendantWidth>120</DescendantWidth><Height>96</Height></GUILayoutItem><GUILayoutItem><Name>Conditional_1</Name><X>448</X><Y>432</Y><Width>104</Width><SpacingWidth>0</SpacingWidth><DescendantWidth>0</DescendantWidth><Height>72</Height></GUILayoutItem><GUILayoutItem><Name>Sequence_9</Name><X>440</X><Y>552</Y><Width>120</Width><SpacingWidth>120</SpacingWidth><DescendantWidth>0</DescendantWidth><Height>96</Height></GUILayoutItem><GUILayoutItem><Name>Assignment_1</Name><X>448</X><Y>568</Y><Width>104</Width><SpacingWidth>0</SpacingWidth><DescendantWidth>0</DescendantWidth><Height>72</Height></GUILayoutItem><GUILayoutItem><Name>Sequence_13</Name><X>296</X><Y>416</Y><Width>120</Width><SpacingWidth>120</SpacingWidth><DescendantWidth>120</DescendantWidth><Height>96</Height></GUILayoutItem><GUILayoutItem><Name>Conditional_3</Name><X>304</X><Y>432</Y><Width>104</Width><SpacingWidth>0</SpacingWidth><DescendantWidth>0</DescendantWidth><Height>72</Height></GUILayoutItem><GUILayoutItem><Name>Sequence_15</Name><X>296</X><Y>552</Y><Width>120</Width><SpacingWidth>120</SpacingWidth><DescendantWidth>0</DescendantWidth><Height>96</Height></GUILayoutItem><GUILayoutItem><Name>Assignment_3</Name><X>304</X><Y>568</Y><Width>104</Width><SpacingWidth>0</SpacingWidth><DescendantWidth>0</DescendantWidth><Height>72</Height></GUILayoutItem></Layout><Actions><ContextItem><Name>Catch_0</Name><Description/><MinRange>0</MinRange><MaxRange>0</MaxRange><Value xsi:type="CatchAction"/><ReadOnly>false</ReadOnly><AlertXMLAssigned>false</AlertXMLAssigned></ContextItem><ContextItem><Name>Terminate_Transaction_0</Name><Description/><MinRange>0</MinRange><MaxRange>0</MaxRange><Value xsi:type="TerminateTransaction"><TerminateWithError>true</TerminateWithError><TerminationMessage>Transaction Execution Terminated Upon Request</TerminationMessage></Value><ReadOnly>false</ReadOnly><AlertXMLAssigned>false</AlertXMLAssigned></ContextItem><ContextItem><Name>INS_DOWNTIME_QRY_0</Name><Description/><MinRange>0</MinRange><MaxRange>0</MaxRange><Value xsi:type="IlluminatorSQLQueryObject"><Format>text/xml</Format><Timeout>60</Timeout><QueryParameters/><SQLTransaction/><ResultsAsString/><QueryStartDate>2023-08-01T17:46:52</QueryStartDate><QueryTemplate>MII/DOWNTIME/INS_DOWNTIME_QRY</QueryTemplate><ResultSet/><Results><ReferenceDocumentSource/>&lt;?xml version="1.0" encoding="UTF-8"?&gt;&lt;Rowsets CachedTime="" DateCreated="2023-08-01T17:46:52" EndDate="2023-08-01T17:46:52" StartDate="2023-08-01T16:46:52" Version="15.5 SP0 Patch 14 (Dec 23, 2022)"&gt;&lt;FatalError&gt;com.sybase.jdbc4.jdbc.SybSQLException: Incorrect syntax near the keyword 'INSERT'.&#13;
&lt;/FatalError&gt;&lt;/Rowsets&gt;</Results><TagList/><QueryEndDate>2023-08-01T17:46:52</QueryEndDate></Value><SchemaURI/><SchemaElement/><ValidateXMLOnExecution>1</ValidateXMLOnExecution><ReadOnly>false</ReadOnly><AlertXMLAssigned>false</AlertXMLAssigned></ContextItem><ContextItem><Name>Assignment_0</Name><Description/><MinRange>0</MinRange><MaxRange>0</MaxRange><Value xsi:type="Assignment"/><ReadOnly>false</ReadOnly><AlertXMLAssigned>false</AlertXMLAssigned></ContextItem><ContextItem><Name>CHECK_DOWNTIME_UPDATE_0</Name><Description/><MinRange>0</MinRange><MaxRange>0</MaxRange><Value xsi:type="IlluminatorSQLQueryObject"><Format>text/xml</Format><Timeout>60</Timeout><QueryParameters/><SQLTransaction/><ResultsAsString/><QueryStartDate>2023-08-11T12:28:51</QueryStartDate><QueryTemplate>MII/DOWNTIME/CHECK_DOWNTIME</QueryTemplate><ResultSet/><Results><ReferenceDocumentSource/>&lt;?xml version="1.0" encoding="UTF-8"?&gt;&lt;Rowsets CachedTime="" DateCreated="2023-08-15T17:29:32" EndDate="2023-08-15T17:29:32" StartDate="2023-08-15T16:29:32" Version="15.5 SP0 Patch 14 (Dec 23, 2022)"&gt;&lt;Rowset&gt;&lt;Columns&gt;&lt;Column Description="errorCodeD" MaxRange="1" MinRange="0" Name="errorCodeD" SQLDataType="4" SourceColumn="errorCodeD"/&gt;&lt;Column Description="errorCodeN" MaxRange="1" MinRange="0" Name="errorCodeN" SQLDataType="4" SourceColumn="errorCodeN"/&gt;&lt;/Columns&gt;&lt;Row&gt;&lt;errorCodeD&gt;2&lt;/errorCodeD&gt;&lt;errorCodeN&gt;1&lt;/errorCodeN&gt;&lt;/Row&gt;&lt;/Rowset&gt;&lt;/Rowsets&gt;</Results><TagList/><QueryEndDate>2023-08-11T12:28:51</QueryEndDate></Value><SchemaURI/><SchemaElement/><ValidateXMLOnExecution>1</ValidateXMLOnExecution><ReadOnly>false</ReadOnly><AlertXMLAssigned>false</AlertXMLAssigned></ContextItem><ContextItem><Name>Conditional_0</Name><Description/><MinRange>0</MinRange><MaxRange>0</MaxRange><Value xsi:type="ConditionalAction"><Output>false</Output><InputCount>1</InputCount><LogicalAnd>false</LogicalAnd><Input1>false</Input1></Value><ReadOnly>false</ReadOnly><AlertXMLAssigned>false</AlertXMLAssigned></ContextItem><ContextItem><Name>Conditional_2</Name><Description/><MinRange>0</MinRange><MaxRange>0</MaxRange><Value xsi:type="ConditionalAction"><Output>false</Output><InputCount>1</InputCount><LogicalAnd>false</LogicalAnd><Input1>false</Input1></Value><ReadOnly>false</ReadOnly><AlertXMLAssigned>false</AlertXMLAssigned></ContextItem><ContextItem><Name>Assignment_2</Name><Description/><MinRange>0</MinRange><MaxRange>0</MaxRange><Value xsi:type="Assignment"/><ReadOnly>false</ReadOnly><AlertXMLAssigned>false</AlertXMLAssigned></ContextItem><ContextItem><Name>Conditional_1</Name><Description/><MinRange>0</MinRange><MaxRange>0</MaxRange><Value xsi:type="ConditionalAction"><Output>false</Output><InputCount>1</InputCount><LogicalAnd>false</LogicalAnd><Input1>false</Input1></Value><ReadOnly>false</ReadOnly><AlertXMLAssigned>false</AlertXMLAssigned></ContextItem><ContextItem><Name>Assignment_1</Name><Description/><MinRange>0</MinRange><MaxRange>0</MaxRange><Value xsi:type="Assignment"/><ReadOnly>false</ReadOnly><AlertXMLAssigned>false</AlertXMLAssigned></ContextItem><ContextItem><Name>Conditional_3</Name><Description/><MinRange>0</MinRange><MaxRange>0</MaxRange><Value xsi:type="ConditionalAction"><Output>false</Output><InputCount>1</InputCount><LogicalAnd>false</LogicalAnd><Input1>false</Input1></Value><ReadOnly>false</ReadOnly><AlertXMLAssigned>false</AlertXMLAssigned></ContextItem><ContextItem><Name>Assignment_3</Name><Description/><MinRange>0</MinRange><MaxRange>0</MaxRange><Value xsi:type="Assignment"/><ReadOnly>false</ReadOnly><AlertXMLAssigned>false</AlertXMLAssigned></ContextItem></Actions><ReaderRoles>SAP_XMII_Super_Administrator,SAP_XMII_Administrator,SAP_XMII_Developer,SAP_XMII_User</ReaderRoles><Steps><Step xsi:type="ActionSequence"><Name>Sequence</Name><Description/><Steps><Step xsi:type="ActionSequence"><Name>Sequence_2</Name><Description/><Steps><Step xsi:type="ActionSequence"><Name>Sequence_7</Name><Description/><Steps/><Actions/></Step></Steps><Actions><Action><Name>CHECK_DOWNTIME_UPDATE_0</Name><Description>SQL Query</Description><Expiration>Sequence_7</Expiration><IncomingLinks><Assign xsi:type="Assign"><Name/><Description/><To>CHECK_DOWNTIME_UPDATE_0.Param.1</To><From>Transaction.I_GUID</From></Assign><Assign xsi:type="Assign"><Name/><Description/><To>CHECK_DOWNTIME_UPDATE_0.Param.2</To><From>Transaction.I_START_TIME</From></Assign><Assign xsi:type="Assign"><Name/><Description/><To>CHECK_DOWNTIME_UPDATE_0.Param.3</To><From>Transaction.I_END_TIME</From></Assign><Assign xsi:type="Assign"><Name/><Description/><To>CHECK_DOWNTIME_UPDATE_0.Param.4</To><From>Transaction.I_REASON_CODE</From></Assign></IncomingLinks><OutgoingLinks><Assign xsi:type="Assign"><Name/><Description/><To>Local.errorCodeD</To><From>CHECK_DOWNTIME_UPDATE_0.Results{/Rowsets/Rowset/Row/errorCodeD}</From></Assign><Assign xsi:type="Assign"><Name/><Description/><To>Local.errorCodeN</To><From>CHECK_DOWNTIME_UPDATE_0.Results{/Rowsets/Rowset/Row/errorCodeN}</From></Assign><Assign xsi:type="Assign"><Name/><Description/><To>Local.errorCodeH</To><From>CHECK_DOWNTIME_UPDATE_0.Results{/Rowsets/Rowset/Row/errorCodeH}</From></Assign></OutgoingLinks></Action></Actions></Step><Step xsi:type="Conditional"><Name>Sequence_5</Name><Description/><Steps><Step xsi:type="ActionSequence"><Name>Sequence_0</Name><Description/><Steps><Step xsi:type="ActionSequence"><Name>Sequence_1</Name><Description/><Steps/><Actions><Action><Name>Assignment_0</Name><Description> </Description><Expiration>Sequence_10</Expiration><IncomingLinks/><OutgoingLinks><Assign xsi:type="Assign"><Name/><Description/><To>Transaction.O_JSON</To><From>"DURUŞ KAYDEDİLDİ."</From></Assign></OutgoingLinks></Action></Actions></Step></Steps><Actions><Action><Name>INS_DOWNTIME_QRY_0</Name><Description>SQL Query</Description><Expiration>Sequence_10</Expiration><IncomingLinks><Assign xsi:type="Assign"><Name/><Description/><To>INS_DOWNTIME_QRY_0.Param.1</To><From>Transaction.I_START_TIME</From></Assign><Assign xsi:type="Assign"><Name/><Description/><To>INS_DOWNTIME_QRY_0.Param.2</To><From>Transaction.I_END_TIME</From></Assign><Assign xsi:type="Assign"><Name/><Description/><To>INS_DOWNTIME_QRY_0.Param.3</To><From>Transaction.I_REASON_CODE</From></Assign><Assign xsi:type="Assign"><Name/><Description/><To>INS_DOWNTIME_QRY_0.Param.4</To><From>Transaction.I_GUID</From></Assign></IncomingLinks><OutgoingLinks/></Action></Actions></Step><Step xsi:type="ActionSequence"><Name>Sequence_10</Name><Description/><Steps><Step xsi:type="Conditional"><Name>Sequence_13</Name><Description/><Steps><Step xsi:type="ActionSequence"><Name>Sequence_15</Name><Description/><Steps/><Actions><Action><Name>Assignment_3</Name><Description> </Description><Expiration/><IncomingLinks/><OutgoingLinks><Assign xsi:type="Assign"><Name/><Description/><To>Transaction.O_JSON</To><From>"Bir vardiyada planlı duruş bir kere kayıt edilebilir."</From></Assign></OutgoingLinks></Action></Actions></Step></Steps><Actions><Action><Name>Conditional_3</Name><Description> </Description><Expiration>Sequence_15</Expiration><IncomingLinks><Assign xsi:type="Assign"><Name/><Description/><To>Conditional_3.Input1</To><From>Local.errorCodeH&gt;0</From></Assign></IncomingLinks><OutgoingLinks/></Action></Actions></Step><Step xsi:type="Conditional"><Name>Sequence_8</Name><Description/><Steps><Step xsi:type="ActionSequence"><Name>Sequence_9</Name><Description/><Steps/><Actions><Action><Name>Assignment_1</Name><Description> </Description><Expiration/><IncomingLinks/><OutgoingLinks><Assign xsi:type="Assign"><Name/><Description/><To>Transaction.O_JSON</To><From>"Kaydetmek istenen duruş tarihi başka bir duruş ile çakışmakta. Lütfen tarihleri kontrol edip tekrar deneyin."</From></Assign></OutgoingLinks></Action></Actions></Step></Steps><Actions><Action><Name>Conditional_1</Name><Description> </Description><Expiration>Sequence_9</Expiration><IncomingLinks><Assign xsi:type="Assign"><Name/><Description/><To>Conditional_1.Input1</To><From>Local.errorCodeD&gt;0</From></Assign></IncomingLinks><OutgoingLinks/></Action></Actions></Step><Step xsi:type="Conditional"><Name>Sequence_11</Name><Description/><Steps><Step xsi:type="ActionSequence"><Name>Sequence_12</Name><Description/><Steps/><Actions><Action><Name>Assignment_2</Name><Description> </Description><Expiration/><IncomingLinks/><OutgoingLinks><Assign xsi:type="Assign"><Name/><Description/><To>Transaction.O_JSON</To><From>"Kaydetmek istenen duruş tarihi ağ planı başlangıç bitiş tarih aralığı dışında. Lütfen tarihleri kontrol edip tekrar deneyin."</From></Assign></OutgoingLinks></Action></Actions></Step></Steps><Actions><Action><Name>Conditional_2</Name><Description> </Description><Expiration>Sequence_12</Expiration><IncomingLinks><Assign xsi:type="Assign"><Name/><Description/><To>Conditional_2.Input1</To><From>Local.errorCodeN&gt;0</From></Assign></IncomingLinks><OutgoingLinks/></Action></Actions></Step></Steps><Actions/></Step></Steps><Actions><Action><Name>Conditional_0</Name><Description> </Description><Expiration>Sequence_0</Expiration><IncomingLinks><Assign xsi:type="Assign"><Name/><Description/><To>Conditional_0.Input1</To><From>(Local.errorCodeD==0) and (Local.errorCodeN==0) and  (Local.errorCodeH==0) </From></Assign></IncomingLinks><OutgoingLinks/></Action></Actions></Step><Step xsi:type="ActionSequence"><Name>Sequence_6</Name><Description/><Steps><Step xsi:type="Catch"><Name>Sequence_3</Name><Description/><Steps><Step xsi:type="ActionSequence"><Name>Sequence_4</Name><Description/><Steps/><Actions><Action><Name>Terminate_Transaction_0</Name><Description> </Description><Expiration/><IncomingLinks><Assign xsi:type="Assign"><Name/><Description/><To>Terminate_Transaction_0.TerminationMessage</To><From>Catch_0.Message</From></Assign></IncomingLinks><OutgoingLinks/></Action></Actions></Step></Steps><Actions><Action><Name>Catch_0</Name><Description>Catches an exception</Description><Expiration>Sequence_4</Expiration><IncomingLinks/><OutgoingLinks/></Action></Actions></Step></Steps><Actions/></Step></Steps><Actions/></Step></Steps></Transaction>