<?xml version="1.0" encoding="UTF-8"?><Transaction xmlns:xsd="http://www.w3.org/2001/XMLSchema" xmlns:xsi="http://www.w3.org/2001/XMLSchema-instance" Version="15.0.4.2"><TransactionAttributes><ContextItem><Name>Description</Name><Description>Transaction Description</Description><MinRange>0</MinRange><MaxRange>0</MaxRange><Value xsi:type="string"/><ReadOnly>true</ReadOnly><AlertXMLAssigned>false</AlertXMLAssigned></ContextItem><ContextItem><Name>Comments</Name><Description>User Comments</Description><MinRange>0</MinRange><MaxRange>0</MaxRange><Value xsi:type="string"/><ReadOnly>true</ReadOnly><AlertXMLAssigned>false</AlertXMLAssigned></ContextItem><ContextItem><Name>CreatedBy</Name><Description>Created By</Description><MinRange>0</MinRange><MaxRange>0</MaxRange><Value xsi:type="string">Administrator</Value><ReadOnly>true</ReadOnly><AlertXMLAssigned>false</AlertXMLAssigned></ContextItem><ContextItem><Name>CreationDate</Name><Description>Creation Date</Description><MinRange>0</MinRange><MaxRange>0</MaxRange><Value xsi:type="dateTime">2023-05-02T14:37:10</Value><ReadOnly>true</ReadOnly><AlertXMLAssigned>false</AlertXMLAssigned></ContextItem><ContextItem><Name>Category</Name><Description>Transaction Category</Description><MinRange>0</MinRange><MaxRange>0</MaxRange><Value xsi:type="string"/><ReadOnly>true</ReadOnly><AlertXMLAssigned>false</AlertXMLAssigned></ContextItem><ContextItem><Name>Status</Name><Description>Deployment Status</Description><MinRange>0</MinRange><MaxRange>0</MaxRange><Value xsi:type="string">DEVELOPMENT</Value><ReadOnly>true</ReadOnly><AlertXMLAssigned>false</AlertXMLAssigned></ContextItem><ContextItem><Name>LegacyProcessingMode</Name><Description>Support the pre MII 12.1 Transaction Engine.</Description><MinRange>0</MinRange><MaxRange>0</MaxRange><Value xsi:type="boolean">0</Value><ReadOnly>true</ReadOnly><AlertXMLAssigned>false</AlertXMLAssigned></ContextItem><ContextItem><Name>AutoAppendBlankNamespaces</Name><Description>AutoAppendBlankNamespaces</Description><MinRange>0</MinRange><MaxRange>0</MaxRange><Value xsi:type="boolean">1</Value><ReadOnly>true</ReadOnly><AlertXMLAssigned>false</AlertXMLAssigned></ContextItem><ContextItem><Name>ThrowOnLinkError</Name><Description>Throws an exception when a link error occures</Description><MinRange>0</MinRange><MaxRange>0</MaxRange><Value xsi:type="boolean">0</Value><ReadOnly>true</ReadOnly><AlertXMLAssigned>false</AlertXMLAssigned></ContextItem><ContextItem><Name>ThrowOnActionError</Name><Description>Throws an exception when an action error occurs</Description><MinRange>0</MinRange><MaxRange>0</MaxRange><Value xsi:type="boolean">1</Value><ReadOnly>true</ReadOnly><AlertXMLAssigned>false</AlertXMLAssigned></ContextItem><ContextItem><Name>FormatXMLOnConversion</Name><Description>By default XML will be formatted when assigned from XML data type to String data type. This behaviour can be changed with this flag.</Description><MinRange>0</MinRange><MaxRange>0</MaxRange><Value xsi:type="boolean">1</Value><ReadOnly>true</ReadOnly><AlertXMLAssigned>false</AlertXMLAssigned></ContextItem><ContextItem><Name>LastEditedBy</Name><Description>Last Edited By</Description><MinRange>0</MinRange><MaxRange>0</MaxRange><Value xsi:type="xsd:string">Administrator</Value><ReadOnly>true</ReadOnly><AlertXMLAssigned>false</AlertXMLAssigned></ContextItem><ContextItem><Name>LastEditedDate</Name><Description>Last Edited Date</Description><MinRange>0</MinRange><MaxRange>0</MaxRange><Value xsi:type="xsd:dateTime">2024-08-02T10:04:23</Value><ReadOnly>true</ReadOnly><AlertXMLAssigned>false</AlertXMLAssigned></ContextItem></TransactionAttributes><Name>MII/REPORT/33/INS_PERSONAL_PDKS_DATA_TRNS</Name><Version>339</Version><WriterRoles>SAP_XMII_Super_Administrator,SAP_XMII_Administrator,SAP_XMII_Developer</WriterRoles><Context><ContextItem><Name>END_DATE</Name><Description/><MinRange>0</MinRange><MaxRange>0</MaxRange><Value xsi:type="string">20240725</Value><ReadOnly>false</ReadOnly><AlertXMLAssigned>false</AlertXMLAssigned></ContextItem><ContextItem><Name>GROUP</Name><Description/><MinRange>0</MinRange><MaxRange>0</MaxRange><Value xsi:type="string">1</Value><ReadOnly>false</ReadOnly><AlertXMLAssigned>false</AlertXMLAssigned></ContextItem><ContextItem><Name>OUT_RESULT</Name><Description/><MinRange>0</MinRange><MaxRange>0</MaxRange><Value xsi:type="xml"><ReferenceDocumentSource/></Value><SchemaURI/><SchemaElement/><ValidateXMLOnExecution>1</ValidateXMLOnExecution><ReadOnly>true</ReadOnly><AlertXMLAssigned>false</AlertXMLAssigned></ContextItem><ContextItem><Name>START_DATE</Name><Description/><MinRange>0</MinRange><MaxRange>0</MaxRange><Value xsi:type="string">20240725</Value><ReadOnly>false</ReadOnly><AlertXMLAssigned>false</AlertXMLAssigned></ContextItem></Context><Local><ContextItem><Name>OTURUMACILMAYANSURE</Name><Description/><MinRange>0</MinRange><MaxRange>0</MaxRange><Value xsi:type="integer">0</Value><ReadOnly>false</ReadOnly><AlertXMLAssigned>false</AlertXMLAssigned></ContextItem></Local><Layout><GUILayoutItem><Name>Sequence</Name><X>224</X><Y>280</Y><Width>120</Width><SpacingWidth>552</SpacingWidth><DescendantWidth>552</DescendantWidth><Height>96</Height></GUILayoutItem><GUILayoutItem><Name>connect</Name><X>232</X><Y>296</Y><Width>104</Width><SpacingWidth>0</SpacingWidth><DescendantWidth>0</DescendantWidth><Height>72</Height></GUILayoutItem><GUILayoutItem><Name>Sequence_0</Name><X>224</X><Y>416</Y><Width>120</Width><SpacingWidth>552</SpacingWidth><DescendantWidth>552</DescendantWidth><Height>96</Height></GUILayoutItem><GUILayoutItem><Name>SAP_JCo_Function_0</Name><X>232</X><Y>432</Y><Width>104</Width><SpacingWidth>0</SpacingWidth><DescendantWidth>0</DescendantWidth><Height>72</Height></GUILayoutItem><GUILayoutItem><Name>Sequence_1</Name><X>224</X><Y>688</Y><Width>120</Width><SpacingWidth>552</SpacingWidth><DescendantWidth>552</DescendantWidth><Height>96</Height></GUILayoutItem><GUILayoutItem><Name>Tracer_0</Name><X>232</X><Y>704</Y><Width>104</Width><SpacingWidth>0</SpacingWidth><DescendantWidth>0</DescendantWidth><Height>72</Height></GUILayoutItem><GUILayoutItem><Name>Sequence_3</Name><X>224</X><Y>8</Y><Width>120</Width><SpacingWidth>552</SpacingWidth><DescendantWidth>552</DescendantWidth><Height>96</Height></GUILayoutItem><GUILayoutItem><Name>Document_0</Name><X>232</X><Y>24</Y><Width>104</Width><SpacingWidth>0</SpacingWidth><DescendantWidth>0</DescendantWidth><Height>72</Height></GUILayoutItem><GUILayoutItem><Name>Sequence_5</Name><X>152</X><Y>824</Y><Width>120</Width><SpacingWidth>120</SpacingWidth><DescendantWidth>0</DescendantWidth><Height>96</Height></GUILayoutItem><GUILayoutItem><Name>end</Name><X>160</X><Y>840</Y><Width>104</Width><SpacingWidth>0</SpacingWidth><DescendantWidth>0</DescendantWidth><Height>72</Height></GUILayoutItem><GUILayoutItem><Name>Sequence_2</Name><X>8</X><Y>824</Y><Width>120</Width><SpacingWidth>120</SpacingWidth><DescendantWidth>120</DescendantWidth><Height>96</Height></GUILayoutItem><GUILayoutItem><Name>Repeater_0</Name><X>16</X><Y>840</Y><Width>104</Width><SpacingWidth>0</SpacingWidth><DescendantWidth>0</DescendantWidth><Height>72</Height></GUILayoutItem><GUILayoutItem><Name>Sequence_8</Name><X>224</X><Y>552</Y><Width>120</Width><SpacingWidth>552</SpacingWidth><DescendantWidth>552</DescendantWidth><Height>96</Height></GUILayoutItem><GUILayoutItem><Name>Commit_1</Name><X>232</X><Y>568</Y><Width>104</Width><SpacingWidth>0</SpacingWidth><DescendantWidth>0</DescendantWidth><Height>72</Height></GUILayoutItem><GUILayoutItem><Name>Sequence_4</Name><X>8</X><Y>960</Y><Width>120</Width><SpacingWidth>120</SpacingWidth><DescendantWidth>0</DescendantWidth><Height>96</Height></GUILayoutItem><GUILayoutItem><Name>INS_HIST_PERSONAL_PDKS_QRY_0</Name><X>16</X><Y>976</Y><Width>104</Width><SpacingWidth>0</SpacingWidth><DescendantWidth>0</DescendantWidth><Height>72</Height></GUILayoutItem><GUILayoutItem><Name>Sequence_6</Name><X>224</X><Y>144</Y><Width>120</Width><SpacingWidth>552</SpacingWidth><DescendantWidth>552</DescendantWidth><Height>96</Height></GUILayoutItem><GUILayoutItem><Name>DEL_PERSONAL_PDKS_QRY_0</Name><X>232</X><Y>160</Y><Width>104</Width><SpacingWidth>0</SpacingWidth><DescendantWidth>0</DescendantWidth><Height>72</Height></GUILayoutItem><GUILayoutItem><Name>Sequence_12</Name><X>440</X><Y>824</Y><Width>120</Width><SpacingWidth>120</SpacingWidth><DescendantWidth>120</DescendantWidth><Height>96</Height></GUILayoutItem><GUILayoutItem><Name>Assignment_0</Name><X>448</X><Y>840</Y><Width>104</Width><SpacingWidth>0</SpacingWidth><DescendantWidth>0</DescendantWidth><Height>72</Height></GUILayoutItem><GUILayoutItem><Name>Sequence_14</Name><X>440</X><Y>960</Y><Width>120</Width><SpacingWidth>120</SpacingWidth><DescendantWidth>0</DescendantWidth><Height>96</Height></GUILayoutItem><GUILayoutItem><Name>Tracer_1</Name><X>448</X><Y>976</Y><Width>104</Width><SpacingWidth>0</SpacingWidth><DescendantWidth>0</DescendantWidth><Height>72</Height></GUILayoutItem><GUILayoutItem><Name>Sequence_9</Name><X>296</X><Y>824</Y><Width>120</Width><SpacingWidth>120</SpacingWidth><DescendantWidth>120</DescendantWidth><Height>96</Height></GUILayoutItem><GUILayoutItem><Name>SLC_GET_SHIFTDATE_LIST_QRY_0</Name><X>304</X><Y>840</Y><Width>104</Width><SpacingWidth>0</SpacingWidth><DescendantWidth>0</DescendantWidth><Height>72</Height></GUILayoutItem><GUILayoutItem><Name>Sequence_13</Name><X>296</X><Y>960</Y><Width>120</Width><SpacingWidth>120</SpacingWidth><DescendantWidth>120</DescendantWidth><Height>96</Height></GUILayoutItem><GUILayoutItem><Name>Repeater_1</Name><X>304</X><Y>976</Y><Width>104</Width><SpacingWidth>0</SpacingWidth><DescendantWidth>0</DescendantWidth><Height>72</Height></GUILayoutItem><GUILayoutItem><Name>Sequence_10</Name><X>296</X><Y>1096</Y><Width>120</Width><SpacingWidth>120</SpacingWidth><DescendantWidth>120</DescendantWidth><Height>96</Height></GUILayoutItem><GUILayoutItem><Name>Tracer_2</Name><X>304</X><Y>1112</Y><Width>104</Width><SpacingWidth>0</SpacingWidth><DescendantWidth>0</DescendantWidth><Height>72</Height></GUILayoutItem><GUILayoutItem><Name>Sequence_15</Name><X>296</X><Y>1232</Y><Width>120</Width><SpacingWidth>120</SpacingWidth><DescendantWidth>0</DescendantWidth><Height>96</Height></GUILayoutItem><GUILayoutItem><Name>CALC_PRODUCTIVITY_DATA_QRY_0</Name><X>304</X><Y>1248</Y><Width>104</Width><SpacingWidth>0</SpacingWidth><DescendantWidth>0</DescendantWidth><Height>72</Height></GUILayoutItem></Layout><Actions><ContextItem><Name>connect</Name><Description/><MinRange>0</MinRange><MaxRange>0</MaxRange><Value xsi:type="SAPJCOStartSession"><ConnPropAlias>LIVE</ConnPropAlias><CredentialAlias>SAP_LOGON</CredentialAlias><SAPServerName/><SAPClient/><SAPSystemNumber/><Language/><ConnectionPoolSize>10</ConnectionPoolSize><SAPUserName/><SAPPassword/><SAPSSO2Ticket/><PoolConnections>false</PoolConnections><LogonGroup/><ConnectionTimeout>0</ConnectionTimeout></Value><ReadOnly>false</ReadOnly><AlertXMLAssigned>false</AlertXMLAssigned></ContextItem><ContextItem><Name>SAP_JCo_Function_0</Name><Description/><MinRange>0</MinRange><MaxRange>0</MaxRange><Value xsi:type="SAPJCOFunction"><SourceSession>connect</SourceSession><Request><ReferenceDocumentSource/>&lt;?xml version="1.0" encoding="UTF-8"?&gt;&lt;ZHR_FM_PT_INTEGRATION&gt;&lt;INPUT&gt;&lt;I_BEGDA/&gt;&lt;I_ENDDA/&gt;&lt;I_KOSTL/&gt;&lt;I_PERSG/&gt;&lt;I_PERSK/&gt;&lt;I_WERKS/&gt;&lt;/INPUT&gt;&lt;/ZHR_FM_PT_INTEGRATION&gt;</Request><Response><ReferenceDocumentSource/>&lt;?xml version="1.0" encoding="UTF-8"?&gt;&lt;ZHR_FM_PT_INTEGRATION&gt;&lt;OUTPUT&gt;&lt;E_TABLE&gt;&lt;item&gt;&lt;PERNR/&gt;&lt;ENAME/&gt;&lt;WERKS/&gt;&lt;BTRTL/&gt;&lt;PERSG/&gt;&lt;PERSK/&gt;&lt;ORGEH/&gt;&lt;PLANS/&gt;&lt;KOSTL/&gt;&lt;DATUM/&gt;&lt;BEGUZ/&gt;&lt;ENDUZ/&gt;&lt;ZNCSZ/&gt;&lt;ZNCGZ/&gt;&lt;ZF150/&gt;&lt;ZF200/&gt;&lt;/item&gt;&lt;/E_TABLE&gt;&lt;/OUTPUT&gt;&lt;/ZHR_FM_PT_INTEGRATION&gt;</Response><SAPRFC>ZHR_FM_PT_INTEGRATION</SAPRFC><TYPERFC>0</TYPERFC><QueueName/><ExecuteFunction>true</ExecuteFunction><RecreateFunction>true</RecreateFunction><AllowMultipleRows>true</AllowMultipleRows><DaysRetention>7</DaysRetention><MaxRetryCount>5</MaxRetryCount><RetryInterval>30000</RetryInterval><ProcessingMode>1</ProcessingMode><Filter/><DataBufferComment/></Value><SchemaURI/><SchemaElement/><ValidateXMLOnExecution>1</ValidateXMLOnExecution><SchemaURI/><SchemaElement/><ValidateXMLOnExecution>1</ValidateXMLOnExecution><ReadOnly>false</ReadOnly><AlertXMLAssigned>false</AlertXMLAssigned></ContextItem><ContextItem><Name>Tracer_0</Name><Description/><MinRange>0</MinRange><MaxRange>0</MaxRange><Value xsi:type="Tracer"><Message/><Level>INFO</Level></Value><ReadOnly>false</ReadOnly><AlertXMLAssigned>false</AlertXMLAssigned></ContextItem><ContextItem><Name>Document_0</Name><Description/><MinRange>0</MinRange><MaxRange>0</MaxRange><Value xsi:type="IlluminatorDocument"><ColumnSpecifications><ContextItem><Name>RESULT</Name><Description/><MinRange>0</MinRange><MaxRange>1</MaxRange><Value xsi:type="string">STRING</Value><ReadOnly>false</ReadOnly><AlertXMLAssigned>false</AlertXMLAssigned></ContextItem></ColumnSpecifications><EndDate>2015-12-15T10:39:58</EndDate><StartDate>2015-12-15T10:39:58</StartDate><Output><ReferenceDocumentSource/>&lt;?xml version="1.0" encoding="UTF-8"?&gt;&lt;Rowsets DateCreated="2023-05-22T12:42:20" EndDate="2015-12-15T10:39:58" StartDate="2015-12-15T10:39:58" Version="15.0 SP4 Patch 2"&gt;&lt;Rowset&gt;&lt;Columns&gt;&lt;Column Description="" MaxRange="1" MinRange="0" Name="RESULT" SQLDataType="1" SourceColumn="RESULT"/&gt;&lt;/Columns&gt;&lt;Row&gt;&lt;RESULT&gt;STRING&lt;/RESULT&gt;&lt;/Row&gt;&lt;/Rowset&gt;&lt;/Rowsets&gt;</Output></Value><SchemaURI/><SchemaElement/><ValidateXMLOnExecution>1</ValidateXMLOnExecution><ReadOnly>false</ReadOnly><AlertXMLAssigned>false</AlertXMLAssigned></ContextItem><ContextItem><Name>end</Name><Description/><MinRange>0</MinRange><MaxRange>0</MaxRange><Value xsi:type="SAPJCOEndSession"><SourceSession>connect</SourceSession></Value><ReadOnly>false</ReadOnly><AlertXMLAssigned>false</AlertXMLAssigned></ContextItem><ContextItem><Name>Repeater_0</Name><Description/><MinRange>0</MinRange><MaxRange>0</MaxRange><Value xsi:type="RepeaterAction"><Output><ReferenceDocumentSource/>&lt;?xml version="1.0" encoding="UTF-8"?&gt;&lt;item&gt;&#13;
                &lt;PERNR/&gt;&#13;
                &lt;ENAME/&gt;&#13;
                &lt;WERKS/&gt;&#13;
                &lt;BTRTL/&gt;&#13;
                &lt;PERSG/&gt;&#13;
                &lt;PERSK/&gt;&#13;
                &lt;ORGEH/&gt;&#13;
                &lt;PLANS/&gt;&#13;
                &lt;KOSTL/&gt;&#13;
                &lt;DATUM/&gt;&#13;
                &lt;BEGUZ/&gt;&#13;
                &lt;ENDUZ/&gt;&#13;
                &lt;ZNCSZ/&gt;&#13;
                &lt;ZNCGZ/&gt;&#13;
                &lt;ZF150/&gt;&#13;
                &lt;ZF200/&gt;&#13;
            &lt;/item&gt;</Output><Break>false</Break><ItemCount>0</ItemCount><CurrentItem>0</CurrentItem><Source>SAP_JCo_Function_0.Response{/ZHR_FM_PT_INTEGRATION/OUTPUT/E_TABLE/item}</Source><Item><ReferenceDocumentSource/>&lt;?xml version="1.0" encoding="UTF-8"?&gt;&lt;item&gt;&#13;
                &lt;PERNR/&gt;&#13;
                &lt;ENAME/&gt;&#13;
                &lt;WERKS/&gt;&#13;
                &lt;BTRTL/&gt;&#13;
                &lt;PERSG/&gt;&#13;
                &lt;PERSK/&gt;&#13;
                &lt;ORGEH/&gt;&#13;
                &lt;PLANS/&gt;&#13;
                &lt;KOSTL/&gt;&#13;
                &lt;DATUM/&gt;&#13;
                &lt;BEGUZ/&gt;&#13;
                &lt;ENDUZ/&gt;&#13;
                &lt;ZNCSZ/&gt;&#13;
                &lt;ZNCGZ/&gt;&#13;
                &lt;ZF150/&gt;&#13;
                &lt;ZF200/&gt;&#13;
            &lt;/item&gt;</Item></Value><SchemaURI/><SchemaElement/><ValidateXMLOnExecution>1</ValidateXMLOnExecution><SchemaURI/><SchemaElement/><ValidateXMLOnExecution>1</ValidateXMLOnExecution><ReadOnly>false</ReadOnly><AlertXMLAssigned>false</AlertXMLAssigned></ContextItem><ContextItem><Name>Commit_1</Name><Description/><MinRange>0</MinRange><MaxRange>0</MaxRange><Value xsi:type="SAPJCOCommit"><SourceSession>connect</SourceSession></Value><ReadOnly>false</ReadOnly><AlertXMLAssigned>false</AlertXMLAssigned></ContextItem><ContextItem><Name>INS_HIST_PERSONAL_PDKS_QRY_0</Name><Description/><MinRange>0</MinRange><MaxRange>0</MaxRange><Value xsi:type="IlluminatorSQLQueryObject"><Timeout>60</Timeout><QueryTemplate>MII/REPORT/33/INS_HIST_PERSONAL_PDKS_QRY</QueryTemplate><TagList/><Results><ReferenceDocumentSource/>&lt;?xml version="1.0" encoding="UTF-8"?&gt;&lt;Rowsets CachedTime="" DateCreated="2024-08-02T10:01:32" EndDate="2024-08-02T10:01:32" StartDate="2024-08-02T09:01:32" Version="15.0 SP4 Patch 2 (May 21, 2015)"&gt;&lt;Messages&gt;&lt;Message&gt;Command Query Successful&lt;/Message&gt;&lt;/Messages&gt;&lt;/Rowsets&gt;</Results><QueryEndDate>2023-05-22T11:13:51</QueryEndDate><QueryParameters/><QueryStartDate>2023-05-22T11:13:51</QueryStartDate><SQLTransaction/></Value><SchemaURI/><SchemaElement/><ValidateXMLOnExecution>1</ValidateXMLOnExecution><ReadOnly>false</ReadOnly><AlertXMLAssigned>false</AlertXMLAssigned></ContextItem><ContextItem><Name>DEL_PERSONAL_PDKS_QRY_0</Name><Description/><MinRange>0</MinRange><MaxRange>0</MaxRange><Value xsi:type="IlluminatorSQLQueryObject"><Timeout>60</Timeout><QueryTemplate>MII/REPORT/30/DEL_PERSONAL_PDKS_QRY</QueryTemplate><TagList/><Results><ReferenceDocumentSource/>&lt;?xml version="1.0" encoding="UTF-8"?&gt;&lt;Rowsets CachedTime="" DateCreated="2023-05-22T12:18:11" EndDate="2023-05-22T12:18:11" StartDate="2023-05-22T11:18:11" Version="15.0 SP4 Patch 2 (May 21, 2015)"&gt;&lt;Messages&gt;&lt;Message&gt;Command Query Successful&lt;/Message&gt;&lt;/Messages&gt;&lt;/Rowsets&gt;</Results><QueryEndDate>2023-05-22T12:18:12</QueryEndDate><QueryParameters/><QueryStartDate>2023-05-22T12:18:12</QueryStartDate><SQLTransaction/></Value><SchemaURI/><SchemaElement/><ValidateXMLOnExecution>1</ValidateXMLOnExecution><ReadOnly>false</ReadOnly><AlertXMLAssigned>false</AlertXMLAssigned></ContextItem><ContextItem><Name>Assignment_0</Name><Description/><MinRange>0</MinRange><MaxRange>0</MaxRange><Value xsi:type="Assignment"/><ReadOnly>false</ReadOnly><AlertXMLAssigned>false</AlertXMLAssigned></ContextItem><ContextItem><Name>Tracer_1</Name><Description/><MinRange>0</MinRange><MaxRange>0</MaxRange><Value xsi:type="Tracer"><Message/><Level>INFO</Level></Value><ReadOnly>false</ReadOnly><AlertXMLAssigned>false</AlertXMLAssigned></ContextItem><ContextItem><Name>SLC_GET_SHIFTDATE_LIST_QRY_0</Name><Description/><MinRange>0</MinRange><MaxRange>0</MaxRange><Value xsi:type="IlluminatorSQLQueryObject"><Timeout>60</Timeout><QueryTemplate>MII/REPORT/33/SLC_GET_SHIFTDATE_LIST_QRY</QueryTemplate><TagList/><Results><ReferenceDocumentSource/>&lt;?xml version="1.0" encoding="UTF-8"?&gt;&lt;Rowsets CachedTime="" DateCreated="2024-08-02T10:01:55" EndDate="2024-08-02T10:01:55" StartDate="2024-08-02T09:01:55" Version="15.0 SP4 Patch 2 (May 21, 2015)"&gt;&lt;Rowset&gt;&lt;Columns&gt;&lt;Column Description="START_DATE" MaxRange="1" MinRange="0" Name="START_DATE" SQLDataType="93" SourceColumn="START_DATE"/&gt;&lt;Column Description="END_DATE" MaxRange="1" MinRange="0" Name="END_DATE" SQLDataType="93" SourceColumn="END_DATE"/&gt;&lt;/Columns&gt;&lt;Row&gt;&lt;START_DATE&gt;2024-07-16T08:00:00&lt;/START_DATE&gt;&lt;END_DATE&gt;2024-07-16T15:57:00&lt;/END_DATE&gt;&lt;/Row&gt;&lt;Row&gt;&lt;START_DATE&gt;2024-07-16T16:00:00&lt;/START_DATE&gt;&lt;END_DATE&gt;2024-07-16T23:57:00&lt;/END_DATE&gt;&lt;/Row&gt;&lt;Row&gt;&lt;START_DATE&gt;2024-07-16T00:00:00&lt;/START_DATE&gt;&lt;END_DATE&gt;2024-07-16T07:57:00&lt;/END_DATE&gt;&lt;/Row&gt;&lt;/Rowset&gt;&lt;/Rowsets&gt;</Results><QueryEndDate>2024-04-16T08:54:33</QueryEndDate><QueryParameters/><QueryStartDate>2024-04-16T08:54:33</QueryStartDate><SQLTransaction/></Value><SchemaURI/><SchemaElement/><ValidateXMLOnExecution>1</ValidateXMLOnExecution><ReadOnly>false</ReadOnly><AlertXMLAssigned>false</AlertXMLAssigned></ContextItem><ContextItem><Name>Repeater_1</Name><Description/><MinRange>0</MinRange><MaxRange>0</MaxRange><Value xsi:type="RepeaterAction"><Output><ReferenceDocumentSource/>&lt;?xml version="1.0" encoding="UTF-8"?&gt;&lt;Row&gt;&lt;START_DATE&gt;2024-04-15T08:00:00&lt;/START_DATE&gt;&lt;END_DATE&gt;2024-04-15T15:57:00&lt;/END_DATE&gt;&lt;/Row&gt;</Output><Break>false</Break><ItemCount>0</ItemCount><CurrentItem>0</CurrentItem><Source>SLC_GET_SHIFTDATE_LIST_QRY_0.Results{/Rowsets/Rowset/Row}</Source><Item><ReferenceDocumentSource/>&lt;?xml version="1.0" encoding="UTF-8"?&gt;&lt;Row&gt;&lt;START_DATE&gt;2024-04-15T08:00:00&lt;/START_DATE&gt;&lt;END_DATE&gt;2024-04-15T15:57:00&lt;/END_DATE&gt;&lt;/Row&gt;</Item></Value><SchemaURI/><SchemaElement/><ValidateXMLOnExecution>1</ValidateXMLOnExecution><SchemaURI/><SchemaElement/><ValidateXMLOnExecution>1</ValidateXMLOnExecution><ReadOnly>false</ReadOnly><AlertXMLAssigned>false</AlertXMLAssigned></ContextItem><ContextItem><Name>Tracer_2</Name><Description/><MinRange>0</MinRange><MaxRange>0</MaxRange><Value xsi:type="Tracer"><Message/><Level>INFO</Level></Value><ReadOnly>false</ReadOnly><AlertXMLAssigned>false</AlertXMLAssigned></ContextItem><ContextItem><Name>CALC_PRODUCTIVITY_DATA_QRY_0</Name><Description/><MinRange>0</MinRange><MaxRange>0</MaxRange><Value xsi:type="IlluminatorSQLQueryObject"><Timeout>60</Timeout><QueryTemplate>MII/REPORT/33/CALC_PRODUCTIVITY_DATA_QRY</QueryTemplate><TagList/><Results><ReferenceDocumentSource/>&lt;?xml version="1.0" encoding="UTF-8"?&gt;&lt;Rowsets CachedTime="" DateCreated="2024-08-02T10:02:46" EndDate="2024-08-02T10:02:12" StartDate="2024-08-02T09:02:12" Version="15.0 SP4 Patch 2 (May 21, 2015)"&gt;&lt;Messages&gt;&lt;Message&gt;Command Query Successful&lt;/Message&gt;&lt;/Messages&gt;&lt;/Rowsets&gt;</Results><QueryEndDate>2024-04-16T09:06:35</QueryEndDate><QueryParameters/><QueryStartDate>2024-04-16T09:06:35</QueryStartDate><SQLTransaction/></Value><SchemaURI/><SchemaElement/><ValidateXMLOnExecution>1</ValidateXMLOnExecution><ReadOnly>false</ReadOnly><AlertXMLAssigned>false</AlertXMLAssigned></ContextItem></Actions><ReaderRoles>SAP_XMII_Super_Administrator,SAP_XMII_Administrator,SAP_XMII_Developer,SAP_XMII_User</ReaderRoles><Steps><Step xsi:type="ActionSequence"><Name>Sequence_3</Name><Description/><Steps><Step xsi:type="ActionSequence"><Name>Sequence_6</Name><Description/><Steps><Step xsi:type="ActionSequence"><Name>Sequence</Name><Description/><Steps><Step xsi:type="ActionSequence"><Name>Sequence_0</Name><Description/><Steps><Step xsi:type="ActionSequence"><Name>Sequence_8</Name><Description/><Steps><Step xsi:type="ActionSequence"><Name>Sequence_1</Name><Description/><Steps><Step xsi:type="Repeater"><Name>Sequence_2</Name><Description/><Steps><Step xsi:type="ActionSequence"><Name>Sequence_4</Name><Description/><Steps/><Actions><Action><Name>INS_HIST_PERSONAL_PDKS_QRY_0</Name><Description>SQL Query</Description><IncomingLinks><Assign xsi:type="Assign"><Name/><Description/><To>INS_HIST_PERSONAL_PDKS_QRY_0.Param.1</To><From>Repeater_0.Output{/item/PERNR}</From></Assign><Assign xsi:type="Assign"><Name/><Description/><To>INS_HIST_PERSONAL_PDKS_QRY_0.Param.2</To><From>Repeater_0.Output{/item/ENAME}</From></Assign><Assign xsi:type="Assign"><Name/><Description/><To>INS_HIST_PERSONAL_PDKS_QRY_0.Param.3</To><From>Repeater_0.Output{/item/WERKS}</From></Assign><Assign xsi:type="Assign"><Name/><Description/><To>INS_HIST_PERSONAL_PDKS_QRY_0.Param.4</To><From>Repeater_0.Output{/item/BTRTL}</From></Assign><Assign xsi:type="Assign"><Name/><Description/><To>INS_HIST_PERSONAL_PDKS_QRY_0.Param.5</To><From>Repeater_0.Output{/item/PERSG}</From></Assign><Assign xsi:type="Assign"><Name/><Description/><To>INS_HIST_PERSONAL_PDKS_QRY_0.Param.6</To><From>Repeater_0.Output{/item/PERSK}</From></Assign><Assign xsi:type="Assign"><Name/><Description/><To>INS_HIST_PERSONAL_PDKS_QRY_0.Param.7</To><From>Repeater_0.Output{/item/ORGEH}</From></Assign><Assign xsi:type="Assign"><Name/><Description/><To>INS_HIST_PERSONAL_PDKS_QRY_0.Param.8</To><From>Repeater_0.Output{/item/PLANS}</From></Assign><Assign xsi:type="Assign"><Name/><Description/><To>INS_HIST_PERSONAL_PDKS_QRY_0.Param.9</To><From>Repeater_0.Output{/item/KOSTL}</From></Assign><Assign xsi:type="Assign"><Name/><Description/><To>INS_HIST_PERSONAL_PDKS_QRY_0.Param.10</To><From>Repeater_0.Output{/item/DATUM}</From></Assign><Assign xsi:type="Assign"><Name/><Description/><To>INS_HIST_PERSONAL_PDKS_QRY_0.Param.11</To><From>Repeater_0.Output{/item/BEGUZ}
</From></Assign><Assign xsi:type="Assign"><Name/><Description/><To>INS_HIST_PERSONAL_PDKS_QRY_0.Param.12</To><From>Repeater_0.Output{/item/ENDUZ}</From></Assign><Assign xsi:type="Assign"><Name/><Description/><To>INS_HIST_PERSONAL_PDKS_QRY_0.Param.13</To><From>format(Repeater_0.Output{/item/ZNCSZ},"0.00")
</From></Assign><Assign xsi:type="Assign"><Name/><Description/><To>INS_HIST_PERSONAL_PDKS_QRY_0.Param.14</To><From>format(Repeater_0.Output{/item/ZNCGZ},"0.00")
</From></Assign><Assign xsi:type="Assign"><Name/><Description/><To>INS_HIST_PERSONAL_PDKS_QRY_0.Param.15</To><From>format(Repeater_0.Output{/item/ZF150},"0.00")
</From></Assign><Assign xsi:type="Assign"><Name/><Description/><To>INS_HIST_PERSONAL_PDKS_QRY_0.Param.16</To><From>format(Repeater_0.Output{/item/ZF200},"0.00")
</From></Assign></IncomingLinks><OutgoingLinks/></Action></Actions></Step></Steps><Actions><Action><Name>Repeater_0</Name><Description> </Description><IncomingLinks/><OutgoingLinks/></Action></Actions></Step><Step xsi:type="ActionSequence"><Name>Sequence_5</Name><Description/><Steps/><Actions><Action><Name>end</Name><Description> </Description><IncomingLinks/><OutgoingLinks/></Action></Actions></Step><Step xsi:type="ActionSequence"><Name>Sequence_9</Name><Description/><Steps><Step xsi:type="Repeater"><Name>Sequence_13</Name><Description/><Steps><Step xsi:type="ActionSequence"><Name>Sequence_10</Name><Description/><Steps><Step xsi:type="ActionSequence"><Name>Sequence_15</Name><Description/><Steps/><Actions><Action><Name>CALC_PRODUCTIVITY_DATA_QRY_0</Name><Description>SQL Query</Description><IncomingLinks><Assign xsi:type="Assign"><Name/><Description/><To>CALC_PRODUCTIVITY_DATA_QRY_0.Param.1</To><From>Repeater_1.Output{/Row/START_DATE}</From></Assign><Assign xsi:type="Assign"><Name/><Description/><To>CALC_PRODUCTIVITY_DATA_QRY_0.Param.2</To><From>Repeater_1.Output{/Row/END_DATE}</From></Assign></IncomingLinks><OutgoingLinks/></Action></Actions></Step></Steps><Actions><Action><Name>Tracer_2</Name><Description> </Description><IncomingLinks><Assign xsi:type="Assign"><Name/><Description/><To>Tracer_2.Message</To><From>Repeater_1.Output{/Row/START_DATE}&amp; "   "  &amp; Repeater_1.Output{/Row/END_DATE}</From></Assign></IncomingLinks><OutgoingLinks/></Action></Actions></Step></Steps><Actions><Action><Name>Repeater_1</Name><Description> </Description><IncomingLinks/><OutgoingLinks/></Action></Actions></Step></Steps><Actions><Action><Name>SLC_GET_SHIFTDATE_LIST_QRY_0</Name><Description>SQL Query</Description><IncomingLinks><Assign xsi:type="Assign"><Name/><Description/><To>SLC_GET_SHIFTDATE_LIST_QRY_0.Param.1</To><From>Transaction.START_DATE</From></Assign></IncomingLinks><OutgoingLinks/></Action></Actions></Step><Step xsi:type="ActionSequence"><Name>Sequence_12</Name><Description/><Steps><Step xsi:type="ActionSequence"><Name>Sequence_14</Name><Description/><Steps/><Actions><Action><Name>Tracer_1</Name><Description> </Description><IncomingLinks><Assign xsi:type="Assign"><Name/><Description/><To>Tracer_1.Message</To><From>Transaction.OUT_RESULT</From></Assign></IncomingLinks><OutgoingLinks/></Action></Actions></Step></Steps><Actions><Action><Name>Assignment_0</Name><Description> </Description><IncomingLinks/><OutgoingLinks><Assign xsi:type="AssignXml"><Name/><Description/><To>Transaction.OUT_RESULT</To><From>Document_0.Output</From></Assign></OutgoingLinks></Action></Actions></Step></Steps><Actions><Action><Name>Tracer_0</Name><Description> </Description><IncomingLinks><Assign xsi:type="Assign"><Name/><Description/><To>Tracer_0.Message</To><From>SAP_JCo_Function_0.Response</From></Assign></IncomingLinks><OutgoingLinks/></Action></Actions></Step></Steps><Actions><Action><Name>Commit_1</Name><Description> </Description><IncomingLinks/><OutgoingLinks/></Action></Actions></Step></Steps><Actions><Action><Name>SAP_JCo_Function_0</Name><Description>PARAMETRELER:
Begda başlangıç tarihi
Endda bitiş tarihi
Werks personel alanı
Kostl masraf yeri
Persg çalışan grubu 
--------------------
ÇIKTILAR:
PERNR personel numarası
ENAME ad soyad
WERKS personel alanı
BTRTL personel alt alanı
PERSG çalışan grubu
PERSK çalışan alt grubu
ORGEH organizasyon birimi
PLANS pozisyon
KOSTL masraf yeri
DATUM tarih
BEGUZ başlangıç saati
ENDUZ bitiş saati 
ZNCSZ  NÇS
ZNCGZ  NÇG
ZF150   f150
ZF200   f200
</Description><IncomingLinks><Assign xsi:type="Assign"><Name/><Description/><To>SAP_JCo_Function_0.Request{/ZHR_FM_PT_INTEGRATION/INPUT/I_BEGDA}</To><From>Transaction.START_DATE</From></Assign><Assign xsi:type="Assign"><Name/><Description/><To>SAP_JCo_Function_0.Request{/ZHR_FM_PT_INTEGRATION/INPUT/I_ENDDA}</To><From>Transaction.END_DATE</From></Assign><Assign xsi:type="Assign"><Name/><Description/><To>SAP_JCo_Function_0.Request{/ZHR_FM_PT_INTEGRATION/INPUT/I_WERKS}</To><From>2000</From></Assign><Assign xsi:type="Assign"><Name/><Description/><To>SAP_JCo_Function_0.Request{/ZHR_FM_PT_INTEGRATION/INPUT/I_PERSK}</To><From>"03"</From></Assign></IncomingLinks><OutgoingLinks/></Action></Actions></Step></Steps><Actions><Action><Name>connect</Name><Description> </Description><IncomingLinks/><OutgoingLinks/></Action></Actions></Step></Steps><Actions><Action><Name>DEL_PERSONAL_PDKS_QRY_0</Name><Description>SQL Query</Description><IncomingLinks><Assign xsi:type="Assign"><Name/><Description/><To>DEL_PERSONAL_PDKS_QRY_0.Param.1</To><From>Transaction.START_DATE</From></Assign><Assign xsi:type="Assign"><Name/><Description/><To>DEL_PERSONAL_PDKS_QRY_0.Param.2</To><From>Transaction.END_DATE</From></Assign></IncomingLinks><OutgoingLinks/></Action></Actions></Step></Steps><Actions><Action><Name>Document_0</Name><Description> </Description><IncomingLinks/><OutgoingLinks/></Action></Actions></Step></Steps></Transaction>